000 (11642948.045.000) 02/24 10:46:44 Job submitted from host: <188.185.114.121:9618?addrs=188.185.114.121-9618+[2001-1458-d00-a--100-273]-9618&alias=bigbird19.cern.ch&noUDP&sock=schedd_2045_4743>
    WARNING: Committed job submission into the queue with the following warning(s): QMGMT:0:Your job uses -spool but does not set 'transfer_output_files' nor 'output_destination' (transfer plugin). This is not recommended and will be soon disallowed. Please see https://batchdocs.web.cern.ch/concepts/dataflow.html#spool-submission for information and alternatives.
...
040 (11642948.045.000) 02/24 10:58:44 Started transferring input files
	Transferring to host: <128.142.131.145:9618?addrs=128.142.131.145-9618+[2001-1458-301-59--100-85]-9618&alias=b9g11p9096.cern.ch&noUDP&sock=slot1_2_2553216_658b_8762>
...
040 (11642948.045.000) 02/24 10:58:44 Finished transferring input files
...
001 (11642948.045.000) 02/24 10:58:46 Job executing on host: <128.142.131.145:9618?addrs=128.142.131.145-9618+[2001-1458-301-59--100-85]-9618&alias=b9g11p9096.cern.ch&noUDP&sock=startd_2668_9ac4>
	SlotName: slot1_2@b9g11p9096.cern.ch
	CondorScratchDir = "/pool/condor/dir_3605851"
	Cpus = 1
	Disk = 2599
	GPUs = 0
	Memory = 3000
...
006 (11642948.045.000) 02/24 10:58:54 Image size of job updated: 25392
	25  -  MemoryUsage of job (MB)
	25392  -  ResidentSetSize of job (KB)
...
006 (11642948.045.000) 02/24 11:00:42 Image size of job updated: 1346604
	1316  -  MemoryUsage of job (MB)
	1346604  -  ResidentSetSize of job (KB)
...
040 (11642948.045.000) 02/24 11:00:42 Started transferring output files
...
040 (11642948.045.000) 02/24 11:00:42 Finished transferring output files
...
005 (11642948.045.000) 02/24 11:00:42 Job terminated.
	(1) Normal termination (return value 0)
		Usr 0 00:00:40, Sys 0 00:00:09  -  Run Remote Usage
		Usr 0 00:00:00, Sys 0 00:00:00  -  Run Local Usage
		Usr 0 00:00:40, Sys 0 00:00:09  -  Total Remote Usage
		Usr 0 00:00:00, Sys 0 00:00:00  -  Total Local Usage
	6899  -  Run Bytes Sent By Job
	104  -  Run Bytes Received By Job
	6899  -  Total Bytes Sent By Job
	104  -  Total Bytes Received By Job
	Partitionable Resources :    Usage  Request Allocated 
	   Cpus                 :                 1         1 
	   Disk (KB)            :       68        1      2599 
	   GPUs                 :                           0 
	   Memory (MB)          :     1316     3000      3000 

	Job terminated of its own accord at 2025-02-24T10:00:42Z with exit-code 0.
...
