000 (11642948.056.000) 02/24 10:46:44 Job submitted from host: <188.185.114.121:9618?addrs=188.185.114.121-9618+[2001-1458-d00-a--100-273]-9618&alias=bigbird19.cern.ch&noUDP&sock=schedd_2045_4743>
    WARNING: Committed job submission into the queue with the following warning(s): QMGMT:0:Your job uses -spool but does not set 'transfer_output_files' nor 'output_destination' (transfer plugin). This is not recommended and will be soon disallowed. Please see https://batchdocs.web.cern.ch/concepts/dataflow.html#spool-submission for information and alternatives.
...
040 (11642948.056.000) 02/24 11:00:25 Started transferring input files
	Transferring to host: <188.185.195.145:9618?addrs=188.185.195.145-9618+[2001-1458-303-22--100-8d]-9618&alias=b9p17p9149.cern.ch&noUDP&sock=slot1_25_7404_89a6_6341>
...
040 (11642948.056.000) 02/24 11:00:25 Finished transferring input files
...
001 (11642948.056.000) 02/24 11:00:26 Job executing on host: <188.185.195.145:9618?addrs=188.185.195.145-9618+[2001-1458-303-22--100-8d]-9618&alias=b9p17p9149.cern.ch&noUDP&sock=startd_6168_503d>
	SlotName: slot1_25@b9p17p9149.cern.ch
	CondorScratchDir = "/pool/condor/dir_14661"
	Cpus = 1
	Disk = 3829
	GPUs = 0
	Memory = 3000
...
006 (11642948.056.000) 02/24 11:00:40 Image size of job updated: 17804
	18  -  MemoryUsage of job (MB)
	17804  -  ResidentSetSize of job (KB)
...
006 (11642948.056.000) 02/24 11:05:02 Image size of job updated: 610676
	18  -  MemoryUsage of job (MB)
	17804  -  ResidentSetSize of job (KB)
...
040 (11642948.056.000) 02/24 11:05:02 Started transferring output files
...
040 (11642948.056.000) 02/24 11:05:02 Finished transferring output files
...
005 (11642948.056.000) 02/24 11:05:02 Job terminated.
	(1) Normal termination (return value 0)
		Usr 0 00:00:50, Sys 0 00:00:09  -  Run Remote Usage
		Usr 0 00:00:00, Sys 0 00:00:00  -  Run Local Usage
		Usr 0 00:00:50, Sys 0 00:00:09  -  Total Remote Usage
		Usr 0 00:00:00, Sys 0 00:00:00  -  Total Local Usage
	6973  -  Run Bytes Sent By Job
	104  -  Run Bytes Received By Job
	6973  -  Total Bytes Sent By Job
	104  -  Total Bytes Received By Job
	Partitionable Resources :    Usage  Request Allocated 
	   Cpus                 :        0        1         1 
	   Disk (KB)            :       76        1      3829 
	   GPUs                 :                           0 
	   Memory (MB)          :       18     3000      3000 

	Job terminated of its own accord at 2025-02-24T10:05:02Z with exit-code 0.
...
