000 (11642948.060.000) 02/24 10:46:44 Job submitted from host: <188.185.114.121:9618?addrs=188.185.114.121-9618+[2001-1458-d00-a--100-273]-9618&alias=bigbird19.cern.ch&noUDP&sock=schedd_2045_4743>
    WARNING: Committed job submission into the queue with the following warning(s): QMGMT:0:Your job uses -spool but does not set 'transfer_output_files' nor 'output_destination' (transfer plugin). This is not recommended and will be soon disallowed. Please see https://batchdocs.web.cern.ch/concepts/dataflow.html#spool-submission for information and alternatives.
...
040 (11642948.060.000) 02/24 11:00:15 Started transferring input files
	Transferring to host: <188.185.194.76:9618?addrs=188.185.194.76-9618+[2001-1458-303-21--100-48]-9618&alias=b9p20p3147.cern.ch&noUDP&sock=slot1_14_453571_8d25_82431>
...
040 (11642948.060.000) 02/24 11:00:15 Finished transferring input files
...
001 (11642948.060.000) 02/24 11:00:17 Job executing on host: <188.185.194.76:9618?addrs=188.185.194.76-9618+[2001-1458-303-21--100-48]-9618&alias=b9p20p3147.cern.ch&noUDP&sock=startd_8079_19b9>
	SlotName: slot1_14@b9p20p3147.cern.ch
	CondorScratchDir = "/pool/condor/dir_2001399"
	Cpus = 1
	Disk = 3768
	GPUs = 0
	Memory = 3000
...
006 (11642948.060.000) 02/24 11:00:25 Image size of job updated: 2348
	3  -  MemoryUsage of job (MB)
	2348  -  ResidentSetSize of job (KB)
...
006 (11642948.060.000) 02/24 11:04:23 Image size of job updated: 331724
	324  -  MemoryUsage of job (MB)
	331724  -  ResidentSetSize of job (KB)
...
040 (11642948.060.000) 02/24 11:04:23 Started transferring output files
...
040 (11642948.060.000) 02/24 11:04:23 Finished transferring output files
...
005 (11642948.060.000) 02/24 11:04:23 Job terminated.
	(1) Normal termination (return value 0)
		Usr 0 00:00:41, Sys 0 00:00:07  -  Run Remote Usage
		Usr 0 00:00:00, Sys 0 00:00:00  -  Run Local Usage
		Usr 0 00:00:41, Sys 0 00:00:07  -  Total Remote Usage
		Usr 0 00:00:00, Sys 0 00:00:00  -  Total Local Usage
	7087  -  Run Bytes Sent By Job
	104  -  Run Bytes Received By Job
	7087  -  Total Bytes Sent By Job
	104  -  Total Bytes Received By Job
	Partitionable Resources :    Usage  Request Allocated 
	   Cpus                 :        0        1         1 
	   Disk (KB)            :       76        1      3768 
	   GPUs                 :                           0 
	   Memory (MB)          :      324     3000      3000 

	Job terminated of its own accord at 2025-02-24T10:04:23Z with exit-code 0.
...
