000 (11642948.099.000) 02/24 10:46:44 Job submitted from host: <188.185.114.121:9618?addrs=188.185.114.121-9618+[2001-1458-d00-a--100-273]-9618&alias=bigbird19.cern.ch&noUDP&sock=schedd_2045_4743>
    WARNING: Committed job submission into the queue with the following warning(s): QMGMT:0:Your job uses -spool but does not set 'transfer_output_files' nor 'output_destination' (transfer plugin). This is not recommended and will be soon disallowed. Please see https://batchdocs.web.cern.ch/concepts/dataflow.html#spool-submission for information and alternatives.
...
040 (11642948.099.000) 02/24 10:58:54 Started transferring input files
	Transferring to host: <188.185.196.154:9618?addrs=188.185.196.154-9618+[2001-1458-303-23--100-96]-9618&alias=b9p16p3324.cern.ch&noUDP&sock=slot1_16_745755_9c8f_87786>
...
040 (11642948.099.000) 02/24 10:58:54 Finished transferring input files
...
001 (11642948.099.000) 02/24 10:58:55 Job executing on host: <188.185.196.154:9618?addrs=188.185.196.154-9618+[2001-1458-303-23--100-96]-9618&alias=b9p16p3324.cern.ch&noUDP&sock=startd_5232_4b98>
	SlotName: slot1_16@b9p16p3324.cern.ch
	CondorScratchDir = "/pool/condor/dir_2341600"
	Cpus = 1
	Disk = 3786
	GPUs = 0
	Memory = 3000
...
006 (11642948.099.000) 02/24 10:59:04 Image size of job updated: 27792
	28  -  MemoryUsage of job (MB)
	27792  -  ResidentSetSize of job (KB)
...
006 (11642948.099.000) 02/24 11:03:25 Image size of job updated: 1578884
	1542  -  MemoryUsage of job (MB)
	1578884  -  ResidentSetSize of job (KB)
...
040 (11642948.099.000) 02/24 11:03:25 Started transferring output files
...
040 (11642948.099.000) 02/24 11:03:25 Finished transferring output files
...
005 (11642948.099.000) 02/24 11:03:25 Job terminated.
	(1) Normal termination (return value 0)
		Usr 0 00:01:00, Sys 0 00:00:08  -  Run Remote Usage
		Usr 0 00:00:00, Sys 0 00:00:00  -  Run Local Usage
		Usr 0 00:01:00, Sys 0 00:00:08  -  Total Remote Usage
		Usr 0 00:00:00, Sys 0 00:00:00  -  Total Local Usage
	6858  -  Run Bytes Sent By Job
	104  -  Run Bytes Received By Job
	6858  -  Total Bytes Sent By Job
	104  -  Total Bytes Received By Job
	Partitionable Resources :    Usage  Request Allocated 
	   Cpus                 :        0        1         1 
	   Disk (KB)            :       76        1      3786 
	   GPUs                 :                           0 
	   Memory (MB)          :     1542     3000      3000 

	Job terminated of its own accord at 2025-02-24T10:03:25Z with exit-code 0.
...
