000 (11642948.070.000) 02/24 10:46:44 Job submitted from host: <188.185.114.121:9618?addrs=188.185.114.121-9618+[2001-1458-d00-a--100-273]-9618&alias=bigbird19.cern.ch&noUDP&sock=schedd_2045_4743>
    WARNING: Committed job submission into the queue with the following warning(s): QMGMT:0:Your job uses -spool but does not set 'transfer_output_files' nor 'output_destination' (transfer plugin). This is not recommended and will be soon disallowed. Please see https://batchdocs.web.cern.ch/concepts/dataflow.html#spool-submission for information and alternatives.
...
040 (11642948.070.000) 02/24 10:58:47 Started transferring input files
	Transferring to host: <188.185.207.228:9618?addrs=188.185.207.228-9618+[2001-1458-303-e--100-61]-9618&alias=b9p08p1817.cern.ch&noUDP&sock=slot1_13_3667_7bae_97910>
...
040 (11642948.070.000) 02/24 10:58:47 Finished transferring input files
...
001 (11642948.070.000) 02/24 10:58:48 Job executing on host: <188.185.207.228:9618?addrs=188.185.207.228-9618+[2001-1458-303-e--100-61]-9618&alias=b9p08p1817.cern.ch&noUDP&sock=startd_3609_0d63>
	SlotName: slot1_13@b9p08p1817.cern.ch
	CondorScratchDir = "/pool/condor/dir_151380"
	Cpus = 1
	Disk = 3625
	GPUs = 0
	Memory = 3000
...
006 (11642948.070.000) 02/24 10:58:57 Image size of job updated: 149464
	146  -  MemoryUsage of job (MB)
	149464  -  ResidentSetSize of job (KB)
...
006 (11642948.070.000) 02/24 11:00:05 Image size of job updated: 329388
	322  -  MemoryUsage of job (MB)
	329388  -  ResidentSetSize of job (KB)
...
040 (11642948.070.000) 02/24 11:00:05 Started transferring output files
...
040 (11642948.070.000) 02/24 11:00:05 Finished transferring output files
...
005 (11642948.070.000) 02/24 11:00:05 Job terminated.
	(1) Normal termination (return value 0)
		Usr 0 00:00:21, Sys 0 00:00:06  -  Run Remote Usage
		Usr 0 00:00:00, Sys 0 00:00:00  -  Run Local Usage
		Usr 0 00:00:21, Sys 0 00:00:06  -  Total Remote Usage
		Usr 0 00:00:00, Sys 0 00:00:00  -  Total Local Usage
	6949  -  Run Bytes Sent By Job
	104  -  Run Bytes Received By Job
	6949  -  Total Bytes Sent By Job
	104  -  Total Bytes Received By Job
	Partitionable Resources :    Usage  Request Allocated 
	   Cpus                 :                 1         1 
	   Disk (KB)            :       69        1      3625 
	   GPUs                 :                           0 
	   Memory (MB)          :      322     3000      3000 

	Job terminated of its own accord at 2025-02-24T10:00:05Z with exit-code 0.
...
