000 (11642948.027.000) 02/24 10:46:44 Job submitted from host: <188.185.114.121:9618?addrs=188.185.114.121-9618+[2001-1458-d00-a--100-273]-9618&alias=bigbird19.cern.ch&noUDP&sock=schedd_2045_4743>
    WARNING: Committed job submission into the queue with the following warning(s): QMGMT:0:Your job uses -spool but does not set 'transfer_output_files' nor 'output_destination' (transfer plugin). This is not recommended and will be soon disallowed. Please see https://batchdocs.web.cern.ch/concepts/dataflow.html#spool-submission for information and alternatives.
...
040 (11642948.027.000) 02/24 10:58:38 Started transferring input files
	Transferring to host: <188.185.215.71:9618?addrs=188.185.215.71-9618+[2001-1458-303-1e--100-43]-9618&alias=b9p31p1696.cern.ch&noUDP&sock=slot1_43_7033_2277_81735>
...
001 (11642948.027.000) 02/24 10:58:43 Job executing on host: <188.185.215.71:9618?addrs=188.185.215.71-9618+[2001-1458-303-1e--100-43]-9618&alias=b9p31p1696.cern.ch&noUDP&sock=startd_5838_f5fd>
	SlotName: slot1_43@b9p31p1696.cern.ch
	CondorScratchDir = "/pool/condor/dir_3372235"
	Cpus = 1
	Disk = 3745
	GPUs = 0
	Memory = 3000
...
040 (11642948.027.000) 02/24 10:58:43 Finished transferring input files
...
006 (11642948.027.000) 02/24 10:58:52 Image size of job updated: 26216
	26  -  MemoryUsage of job (MB)
	26216  -  ResidentSetSize of job (KB)
...
006 (11642948.027.000) 02/24 11:03:52 Image size of job updated: 2330660
	2277  -  MemoryUsage of job (MB)
	2330660  -  ResidentSetSize of job (KB)
...
040 (11642948.027.000) 02/24 11:04:57 Started transferring output files
...
040 (11642948.027.000) 02/24 11:04:57 Finished transferring output files
...
005 (11642948.027.000) 02/24 11:04:57 Job terminated.
	(1) Normal termination (return value 0)
		Usr 0 00:00:31, Sys 0 00:00:11  -  Run Remote Usage
		Usr 0 00:00:00, Sys 0 00:00:00  -  Run Local Usage
		Usr 0 00:00:31, Sys 0 00:00:11  -  Total Remote Usage
		Usr 0 00:00:00, Sys 0 00:00:00  -  Total Local Usage
	7319  -  Run Bytes Sent By Job
	104  -  Run Bytes Received By Job
	7319  -  Total Bytes Sent By Job
	104  -  Total Bytes Received By Job
	Partitionable Resources :    Usage  Request Allocated 
	   Cpus                 :        0        1         1 
	   Disk (KB)            :       85        1      3745 
	   GPUs                 :                           0 
	   Memory (MB)          :     2277     3000      3000 

	Job terminated of its own accord at 2025-02-24T10:04:56Z with exit-code 0.
...
