000 (11642948.044.000) 02/24 10:46:44 Job submitted from host: <188.185.114.121:9618?addrs=188.185.114.121-9618+[2001-1458-d00-a--100-273]-9618&alias=bigbird19.cern.ch&noUDP&sock=schedd_2045_4743>
    WARNING: Committed job submission into the queue with the following warning(s): QMGMT:0:Your job uses -spool but does not set 'transfer_output_files' nor 'output_destination' (transfer plugin). This is not recommended and will be soon disallowed. Please see https://batchdocs.web.cern.ch/concepts/dataflow.html#spool-submission for information and alternatives.
...
040 (11642948.044.000) 02/24 11:00:14 Started transferring input files
	Transferring to host: <188.185.198.55:9618?addrs=188.185.198.55-9618+[2001-1458-303-25--100-33]-9618&alias=b9p15p4070.cern.ch&noUDP&sock=slot1_20_11558_680f_5627>
...
040 (11642948.044.000) 02/24 11:00:14 Finished transferring input files
...
001 (11642948.044.000) 02/24 11:00:15 Job executing on host: <188.185.198.55:9618?addrs=188.185.198.55-9618+[2001-1458-303-25--100-33]-9618&alias=b9p15p4070.cern.ch&noUDP&sock=startd_11515_e923>
	SlotName: slot1_20@b9p15p4070.cern.ch
	CondorScratchDir = "/pool/condor/dir_1799850"
	Cpus = 1
	Disk = 3748
	GPUs = 0
	Memory = 3000
...
006 (11642948.044.000) 02/24 11:00:29 Image size of job updated: 17784
	18  -  MemoryUsage of job (MB)
	17784  -  ResidentSetSize of job (KB)
...
006 (11642948.044.000) 02/24 11:04:21 Image size of job updated: 607960
	18  -  MemoryUsage of job (MB)
	17784  -  ResidentSetSize of job (KB)
...
040 (11642948.044.000) 02/24 11:04:21 Started transferring output files
...
040 (11642948.044.000) 02/24 11:04:21 Finished transferring output files
...
005 (11642948.044.000) 02/24 11:04:21 Job terminated.
	(1) Normal termination (return value 0)
		Usr 0 00:00:39, Sys 0 00:00:08  -  Run Remote Usage
		Usr 0 00:00:00, Sys 0 00:00:00  -  Run Local Usage
		Usr 0 00:00:39, Sys 0 00:00:08  -  Total Remote Usage
		Usr 0 00:00:00, Sys 0 00:00:00  -  Total Local Usage
	6899  -  Run Bytes Sent By Job
	104  -  Run Bytes Received By Job
	6899  -  Total Bytes Sent By Job
	104  -  Total Bytes Received By Job
	Partitionable Resources :    Usage  Request Allocated 
	   Cpus                 :     0.23        1         1 
	   Disk (KB)            :    76           1      3748 
	   GPUs                 :                           0 
	   Memory (MB)          :    18        3000      3000 

	Job terminated of its own accord at 2025-02-24T10:04:21Z with exit-code 0.
...
