000 (11642948.143.000) 02/24 10:46:44 Job submitted from host: <188.185.114.121:9618?addrs=188.185.114.121-9618+[2001-1458-d00-a--100-273]-9618&alias=bigbird19.cern.ch&noUDP&sock=schedd_2045_4743>
    WARNING: Committed job submission into the queue with the following warning(s): QMGMT:0:Your job uses -spool but does not set 'transfer_output_files' nor 'output_destination' (transfer plugin). This is not recommended and will be soon disallowed. Please see https://batchdocs.web.cern.ch/concepts/dataflow.html#spool-submission for information and alternatives.
...
040 (11642948.143.000) 02/24 10:59:04 Started transferring input files
	Transferring to host: <188.185.207.186:9618?addrs=188.185.207.186-9618+[2001-1458-303-e--100-37]-9618&alias=b9p08p7283.cern.ch&noUDP&sock=slot1_27_4793_da1c_127077>
...
040 (11642948.143.000) 02/24 10:59:04 Finished transferring input files
...
001 (11642948.143.000) 02/24 10:59:05 Job executing on host: <188.185.207.186:9618?addrs=188.185.207.186-9618+[2001-1458-303-e--100-37]-9618&alias=b9p08p7283.cern.ch&noUDP&sock=startd_4026_1461>
	SlotName: slot1_27@b9p08p7283.cern.ch
	CondorScratchDir = "/pool/condor/dir_4011273"
	Cpus = 1
	Disk = 2593097
	Memory = 3000
...
006 (11642948.143.000) 02/24 10:59:14 Image size of job updated: 43536
	43  -  MemoryUsage of job (MB)
	43052  -  ResidentSetSize of job (KB)
...
006 (11642948.143.000) 02/24 11:03:18 Image size of job updated: 2137256
	1479  -  MemoryUsage of job (MB)
	1514260  -  ResidentSetSize of job (KB)
...
040 (11642948.143.000) 02/24 11:03:18 Started transferring output files
...
040 (11642948.143.000) 02/24 11:03:18 Finished transferring output files
...
005 (11642948.143.000) 02/24 11:03:18 Job terminated.
	(1) Normal termination (return value 0)
		Usr 0 00:00:33, Sys 0 00:00:09  -  Run Remote Usage
		Usr 0 00:00:00, Sys 0 00:00:00  -  Run Local Usage
		Usr 0 00:00:33, Sys 0 00:00:09  -  Total Remote Usage
		Usr 0 00:00:00, Sys 0 00:00:00  -  Total Local Usage
	10297  -  Run Bytes Sent By Job
	104  -  Run Bytes Received By Job
	10297  -  Total Bytes Sent By Job
	104  -  Total Bytes Received By Job
	Partitionable Resources :    Usage  Request Allocated 
	   Cpus                 :     0.24        1         1 
	   Disk (KB)            :    79           1   2593097 
	   Memory (MB)          :  1479        3000      3000 

	Job terminated of its own accord at 2025-02-24T10:03:18Z with exit-code 0.
...
