000 (11642948.005.000) 02/24 10:46:44 Job submitted from host: <188.185.114.121:9618?addrs=188.185.114.121-9618+[2001-1458-d00-a--100-273]-9618&alias=bigbird19.cern.ch&noUDP&sock=schedd_2045_4743>
    WARNING: Committed job submission into the queue with the following warning(s): QMGMT:0:Your job uses -spool but does not set 'transfer_output_files' nor 'output_destination' (transfer plugin). This is not recommended and will be soon disallowed. Please see https://batchdocs.web.cern.ch/concepts/dataflow.html#spool-submission for information and alternatives.
...
040 (11642948.005.000) 02/24 10:58:33 Started transferring input files
	Transferring to host: <188.185.210.180:9618?addrs=188.185.210.180-9618+[2001-1458-303-15--100-30]-9618&alias=b9p22p7023.cern.ch&noUDP&sock=slot1_30_257752_59ea_27758>
...
040 (11642948.005.000) 02/24 10:58:34 Finished transferring input files
...
001 (11642948.005.000) 02/24 10:58:39 Job executing on host: <188.185.210.180:9618?addrs=188.185.210.180-9618+[2001-1458-303-15--100-30]-9618&alias=b9p22p7023.cern.ch&noUDP&sock=startd_8023_b06c>
	SlotName: slot1_30@b9p22p7023.cern.ch
	CondorScratchDir = "/pool/condor/dir_1922428"
	Cpus = 1
	Disk = 3795
	GPUs = 0
	Memory = 3000
...
006 (11642948.005.000) 02/24 10:58:48 Image size of job updated: 27520
	27  -  MemoryUsage of job (MB)
	27520  -  ResidentSetSize of job (KB)
...
006 (11642948.005.000) 02/24 11:02:44 Image size of job updated: 1591260
	1554  -  MemoryUsage of job (MB)
	1591260  -  ResidentSetSize of job (KB)
...
040 (11642948.005.000) 02/24 11:02:44 Started transferring output files
...
040 (11642948.005.000) 02/24 11:02:44 Finished transferring output files
...
005 (11642948.005.000) 02/24 11:02:44 Job terminated.
	(1) Normal termination (return value 0)
		Usr 0 00:00:28, Sys 0 00:00:10  -  Run Remote Usage
		Usr 0 00:00:00, Sys 0 00:00:00  -  Run Local Usage
		Usr 0 00:00:28, Sys 0 00:00:10  -  Total Remote Usage
		Usr 0 00:00:00, Sys 0 00:00:00  -  Total Local Usage
	6896  -  Run Bytes Sent By Job
	104  -  Run Bytes Received By Job
	6896  -  Total Bytes Sent By Job
	104  -  Total Bytes Received By Job
	Partitionable Resources :    Usage  Request Allocated 
	   Cpus                 :                 1         1 
	   Disk (KB)            :       68        1      3795 
	   GPUs                 :                           0 
	   Memory (MB)          :     1554     3000      3000 

	Job terminated of its own accord at 2025-02-24T10:02:44Z with exit-code 0.
...
