000 (11642948.037.000) 02/24 10:46:44 Job submitted from host: <188.185.114.121:9618?addrs=188.185.114.121-9618+[2001-1458-d00-a--100-273]-9618&alias=bigbird19.cern.ch&noUDP&sock=schedd_2045_4743>
    WARNING: Committed job submission into the queue with the following warning(s): QMGMT:0:Your job uses -spool but does not set 'transfer_output_files' nor 'output_destination' (transfer plugin). This is not recommended and will be soon disallowed. Please see https://batchdocs.web.cern.ch/concepts/dataflow.html#spool-submission for information and alternatives.
...
040 (11642948.037.000) 02/24 10:58:43 Started transferring input files
	Transferring to host: <188.185.213.156:9618?addrs=188.185.213.156-9618+[2001-1458-303-1b--100-18]-9618&alias=b9p28p0116.cern.ch&noUDP&sock=slot1_7_4216_4da5_78932>
...
040 (11642948.037.000) 02/24 10:58:44 Finished transferring input files
...
001 (11642948.037.000) 02/24 10:58:44 Job executing on host: <188.185.213.156:9618?addrs=188.185.213.156-9618+[2001-1458-303-1b--100-18]-9618&alias=b9p28p0116.cern.ch&noUDP&sock=startd_3519_51dc>
	SlotName: slot1_7@b9p28p0116.cern.ch
	CondorScratchDir = "/pool/condor/dir_327889"
	Cpus = 1
	Disk = 3720
	GPUs = 0
	Memory = 3000
...
006 (11642948.037.000) 02/24 10:58:53 Image size of job updated: 28412
	28  -  MemoryUsage of job (MB)
	28412  -  ResidentSetSize of job (KB)
...
006 (11642948.037.000) 02/24 11:03:53 Image size of job updated: 1845560
	1803  -  MemoryUsage of job (MB)
	1845560  -  ResidentSetSize of job (KB)
...
040 (11642948.037.000) 02/24 11:05:14 Started transferring output files
...
040 (11642948.037.000) 02/24 11:05:14 Finished transferring output files
...
005 (11642948.037.000) 02/24 11:05:14 Job terminated.
	(1) Normal termination (return value 0)
		Usr 0 00:00:34, Sys 0 00:00:10  -  Run Remote Usage
		Usr 0 00:00:00, Sys 0 00:00:00  -  Run Local Usage
		Usr 0 00:00:34, Sys 0 00:00:10  -  Total Remote Usage
		Usr 0 00:00:00, Sys 0 00:00:00  -  Total Local Usage
	6831  -  Run Bytes Sent By Job
	104  -  Run Bytes Received By Job
	6831  -  Total Bytes Sent By Job
	104  -  Total Bytes Received By Job
	Partitionable Resources :    Usage  Request Allocated 
	   Cpus                 :     0.27        1         1 
	   Disk (KB)            :    83           1      3720 
	   GPUs                 :                           0 
	   Memory (MB)          :  1803        3000      3000 

	Job terminated of its own accord at 2025-02-24T10:05:14Z with exit-code 0.
...
