000 (11642948.000.000) 02/24 10:46:44 Job submitted from host: <188.185.114.121:9618?addrs=188.185.114.121-9618+[2001-1458-d00-a--100-273]-9618&alias=bigbird19.cern.ch&noUDP&sock=schedd_2045_4743>
    WARNING: Committed job submission into the queue with the following warning(s): QMGMT:0:Your job uses -spool but does not set 'transfer_output_files' nor 'output_destination' (transfer plugin). This is not recommended and will be soon disallowed. Please see https://batchdocs.web.cern.ch/concepts/dataflow.html#spool-submission for information and alternatives.
...
040 (11642948.000.000) 02/24 11:00:12 Started transferring input files
	Transferring to host: <188.185.194.137:9618?addrs=188.185.194.137-9618+[2001-1458-303-21--100-85]-9618&alias=b9p20p1449.cern.ch&noUDP&sock=slot1_19_2873358_65a5_12157>
...
040 (11642948.000.000) 02/24 11:00:12 Finished transferring input files
...
001 (11642948.000.000) 02/24 11:00:13 Job executing on host: <188.185.194.137:9618?addrs=188.185.194.137-9618+[2001-1458-303-21--100-85]-9618&alias=b9p20p1449.cern.ch&noUDP&sock=startd_10333_2832>
	SlotName: slot1_19@b9p20p1449.cern.ch
	CondorScratchDir = "/pool/condor/dir_2959812"
	Cpus = 1
	Disk = 3754
	GPUs = 0
	Memory = 3000
...
006 (11642948.000.000) 02/24 11:00:22 Image size of job updated: 2344
	3  -  MemoryUsage of job (MB)
	2344  -  ResidentSetSize of job (KB)
...
006 (11642948.000.000) 02/24 11:02:13 Image size of job updated: 1628960
	1591  -  MemoryUsage of job (MB)
	1628960  -  ResidentSetSize of job (KB)
...
040 (11642948.000.000) 02/24 11:02:13 Started transferring output files
...
040 (11642948.000.000) 02/24 11:02:13 Finished transferring output files
...
005 (11642948.000.000) 02/24 11:02:13 Job terminated.
	(1) Normal termination (return value 0)
		Usr 0 00:00:29, Sys 0 00:00:07  -  Run Remote Usage
		Usr 0 00:00:00, Sys 0 00:00:00  -  Run Local Usage
		Usr 0 00:00:29, Sys 0 00:00:07  -  Total Remote Usage
		Usr 0 00:00:00, Sys 0 00:00:00  -  Total Local Usage
	9691  -  Run Bytes Sent By Job
	104  -  Run Bytes Received By Job
	9691  -  Total Bytes Sent By Job
	104  -  Total Bytes Received By Job
	Partitionable Resources :    Usage  Request Allocated 
	   Cpus                 :        0        1         1 
	   Disk (KB)            :       79        1      3754 
	   GPUs                 :                           0 
	   Memory (MB)          :     1591     3000      3000 

	Job terminated of its own accord at 2025-02-24T10:02:13Z with exit-code 0.
...
