000 (11642948.138.000) 02/24 10:46:44 Job submitted from host: <188.185.114.121:9618?addrs=188.185.114.121-9618+[2001-1458-d00-a--100-273]-9618&alias=bigbird19.cern.ch&noUDP&sock=schedd_2045_4743>
    WARNING: Committed job submission into the queue with the following warning(s): QMGMT:0:Your job uses -spool but does not set 'transfer_output_files' nor 'output_destination' (transfer plugin). This is not recommended and will be soon disallowed. Please see https://batchdocs.web.cern.ch/concepts/dataflow.html#spool-submission for information and alternatives.
...
040 (11642948.138.000) 02/24 10:59:02 Started transferring input files
	Transferring to host: <188.185.194.120:9618?addrs=188.185.194.120-9618+[2001-1458-303-21--100-74]-9618&alias=b9p20p8045.cern.ch&noUDP&sock=slot1_9_1559469_bc90_3562>
...
040 (11642948.138.000) 02/24 10:59:02 Finished transferring input files
...
001 (11642948.138.000) 02/24 10:59:03 Job executing on host: <188.185.194.120:9618?addrs=188.185.194.120-9618+[2001-1458-303-21--100-74]-9618&alias=b9p20p8045.cern.ch&noUDP&sock=startd_8975_ae95>
	SlotName: slot1_9@b9p20p8045.cern.ch
	CondorScratchDir = "/pool/condor/dir_3397643"
	Cpus = 1
	Disk = 3891
	GPUs = 0
	Memory = 3000
...
006 (11642948.138.000) 02/24 10:59:12 Image size of job updated: 2600
	3  -  MemoryUsage of job (MB)
	2600  -  ResidentSetSize of job (KB)
...
006 (11642948.138.000) 02/24 11:03:57 Image size of job updated: 1831980
	1790  -  MemoryUsage of job (MB)
	1831980  -  ResidentSetSize of job (KB)
...
040 (11642948.138.000) 02/24 11:03:57 Started transferring output files
...
040 (11642948.138.000) 02/24 11:03:57 Finished transferring output files
...
005 (11642948.138.000) 02/24 11:03:57 Job terminated.
	(1) Normal termination (return value 0)
		Usr 0 00:00:39, Sys 0 00:00:07  -  Run Remote Usage
		Usr 0 00:00:00, Sys 0 00:00:00  -  Run Local Usage
		Usr 0 00:00:39, Sys 0 00:00:07  -  Total Remote Usage
		Usr 0 00:00:00, Sys 0 00:00:00  -  Total Local Usage
	9801  -  Run Bytes Sent By Job
	104  -  Run Bytes Received By Job
	9801  -  Total Bytes Sent By Job
	104  -  Total Bytes Received By Job
	Partitionable Resources :    Usage  Request Allocated 
	   Cpus                 :        0        1         1 
	   Disk (KB)            :       79        1      3891 
	   GPUs                 :                           0 
	   Memory (MB)          :     1790     3000      3000 

	Job terminated of its own accord at 2025-02-24T10:03:57Z with exit-code 0.
...
