000 (11642948.111.000) 02/24 10:46:44 Job submitted from host: <188.185.114.121:9618?addrs=188.185.114.121-9618+[2001-1458-d00-a--100-273]-9618&alias=bigbird19.cern.ch&noUDP&sock=schedd_2045_4743>
    WARNING: Committed job submission into the queue with the following warning(s): QMGMT:0:Your job uses -spool but does not set 'transfer_output_files' nor 'output_destination' (transfer plugin). This is not recommended and will be soon disallowed. Please see https://batchdocs.web.cern.ch/concepts/dataflow.html#spool-submission for information and alternatives.
...
040 (11642948.111.000) 02/24 10:58:57 Started transferring input files
	Transferring to host: <188.185.198.141:9618?addrs=188.185.198.141-9618+[2001-1458-303-25--100-89]-9618&alias=b9p15p0565.cern.ch&noUDP&sock=slot1_46_3657112_fde4_17982>
...
040 (11642948.111.000) 02/24 10:58:57 Finished transferring input files
...
001 (11642948.111.000) 02/24 10:58:58 Job executing on host: <188.185.198.141:9618?addrs=188.185.198.141-9618+[2001-1458-303-25--100-89]-9618&alias=b9p15p0565.cern.ch&noUDP&sock=startd_6128_e074>
	SlotName: slot1_46@b9p15p0565.cern.ch
	CondorScratchDir = "/pool/condor/dir_3896913"
	Cpus = 1
	Disk = 3862
	GPUs = 0
	Memory = 3000
...
006 (11642948.111.000) 02/24 10:59:07 Image size of job updated: 57516
	57  -  MemoryUsage of job (MB)
	57516  -  ResidentSetSize of job (KB)
...
006 (11642948.111.000) 02/24 11:04:08 Image size of job updated: 2231664
	2180  -  MemoryUsage of job (MB)
	2231664  -  ResidentSetSize of job (KB)
...
040 (11642948.111.000) 02/24 11:04:38 Started transferring output files
...
040 (11642948.111.000) 02/24 11:04:38 Finished transferring output files
...
005 (11642948.111.000) 02/24 11:04:38 Job terminated.
	(1) Normal termination (return value 0)
		Usr 0 00:00:39, Sys 0 00:00:05  -  Run Remote Usage
		Usr 0 00:00:00, Sys 0 00:00:00  -  Run Local Usage
		Usr 0 00:00:39, Sys 0 00:00:05  -  Total Remote Usage
		Usr 0 00:00:00, Sys 0 00:00:00  -  Total Local Usage
	17689  -  Run Bytes Sent By Job
	104  -  Run Bytes Received By Job
	17689  -  Total Bytes Sent By Job
	104  -  Total Bytes Received By Job
	Partitionable Resources :    Usage  Request Allocated 
	   Cpus                 :        0        1         1 
	   Disk (KB)            :       93        1      3862 
	   GPUs                 :                           0 
	   Memory (MB)          :     2180     3000      3000 

	Job terminated of its own accord at 2025-02-24T10:04:38Z with exit-code 0.
...
