000 (11642948.034.000) 02/24 10:46:44 Job submitted from host: <188.185.114.121:9618?addrs=188.185.114.121-9618+[2001-1458-d00-a--100-273]-9618&alias=bigbird19.cern.ch&noUDP&sock=schedd_2045_4743>
    WARNING: Committed job submission into the queue with the following warning(s): QMGMT:0:Your job uses -spool but does not set 'transfer_output_files' nor 'output_destination' (transfer plugin). This is not recommended and will be soon disallowed. Please see https://batchdocs.web.cern.ch/concepts/dataflow.html#spool-submission for information and alternatives.
...
040 (11642948.034.000) 02/24 11:00:13 Started transferring input files
	Transferring to host: <188.185.194.155:9618?addrs=188.185.194.155-9618+[2001-1458-303-21--100-97]-9618&alias=b9p20p9373.cern.ch&noUDP&sock=slot1_41_388428_6a2c_81361>
...
040 (11642948.034.000) 02/24 11:00:13 Finished transferring input files
...
001 (11642948.034.000) 02/24 11:00:14 Job executing on host: <188.185.194.155:9618?addrs=188.185.194.155-9618+[2001-1458-303-21--100-97]-9618&alias=b9p20p9373.cern.ch&noUDP&sock=startd_7383_b3cf>
	SlotName: slot1_41@b9p20p9373.cern.ch
	CondorScratchDir = "/pool/condor/dir_2234768"
	Cpus = 1
	Disk = 3863
	GPUs = 0
	Memory = 3000
...
006 (11642948.034.000) 02/24 11:00:23 Image size of job updated: 2332
	3  -  MemoryUsage of job (MB)
	2332  -  ResidentSetSize of job (KB)
...
006 (11642948.034.000) 02/24 11:05:24 Image size of job updated: 1181020
	1154  -  MemoryUsage of job (MB)
	1181020  -  ResidentSetSize of job (KB)
...
040 (11642948.034.000) 02/24 11:07:03 Started transferring output files
...
040 (11642948.034.000) 02/24 11:07:03 Finished transferring output files
...
005 (11642948.034.000) 02/24 11:07:03 Job terminated.
	(1) Normal termination (return value 0)
		Usr 0 00:00:47, Sys 0 00:00:08  -  Run Remote Usage
		Usr 0 00:00:00, Sys 0 00:00:00  -  Run Local Usage
		Usr 0 00:00:47, Sys 0 00:00:08  -  Total Remote Usage
		Usr 0 00:00:00, Sys 0 00:00:00  -  Total Local Usage
	7112  -  Run Bytes Sent By Job
	104  -  Run Bytes Received By Job
	7112  -  Total Bytes Sent By Job
	104  -  Total Bytes Received By Job
	Partitionable Resources :    Usage  Request Allocated 
	   Cpus                 :        0        1         1 
	   Disk (KB)            :       76        1      3863 
	   GPUs                 :                           0 
	   Memory (MB)          :     1154     3000      3000 

	Job terminated of its own accord at 2025-02-24T10:07:03Z with exit-code 0.
...
