000 (11642948.039.000) 02/24 10:46:44 Job submitted from host: <188.185.114.121:9618?addrs=188.185.114.121-9618+[2001-1458-d00-a--100-273]-9618&alias=bigbird19.cern.ch&noUDP&sock=schedd_2045_4743>
    WARNING: Committed job submission into the queue with the following warning(s): QMGMT:0:Your job uses -spool but does not set 'transfer_output_files' nor 'output_destination' (transfer plugin). This is not recommended and will be soon disallowed. Please see https://batchdocs.web.cern.ch/concepts/dataflow.html#spool-submission for information and alternatives.
...
040 (11642948.039.000) 02/24 10:58:43 Started transferring input files
	Transferring to host: <188.185.214.37:9618?addrs=188.185.214.37-9618+[2001-1458-303-1c--100-21]-9618&alias=b9p29p6666.cern.ch&noUDP&sock=slot1_12_3636_a40d_94955>
...
040 (11642948.039.000) 02/24 10:58:44 Finished transferring input files
...
001 (11642948.039.000) 02/24 10:58:44 Job executing on host: <188.185.214.37:9618?addrs=188.185.214.37-9618+[2001-1458-303-1c--100-21]-9618&alias=b9p29p6666.cern.ch&noUDP&sock=startd_2948_a949>
	SlotName: slot1_12@b9p29p6666.cern.ch
	CondorScratchDir = "/pool/condor/dir_2409553"
	Cpus = 1
	Disk = 3655
	GPUs = 0
	Memory = 3000
...
006 (11642948.039.000) 02/24 10:58:53 Image size of job updated: 29524
	29  -  MemoryUsage of job (MB)
	29524  -  ResidentSetSize of job (KB)
...
006 (11642948.039.000) 02/24 11:03:53 Image size of job updated: 1657028
	1619  -  MemoryUsage of job (MB)
	1657028  -  ResidentSetSize of job (KB)
...
006 (11642948.039.000) 02/24 11:08:53 Image size of job updated: 1658408
	1620  -  MemoryUsage of job (MB)
	1658408  -  ResidentSetSize of job (KB)
...
006 (11642948.039.000) 02/24 11:12:17 Image size of job updated: 1733360
	1693  -  MemoryUsage of job (MB)
	1733360  -  ResidentSetSize of job (KB)
...
040 (11642948.039.000) 02/24 11:12:17 Started transferring output files
...
040 (11642948.039.000) 02/24 11:12:17 Finished transferring output files
...
005 (11642948.039.000) 02/24 11:12:17 Job terminated.
	(1) Normal termination (return value 0)
		Usr 0 00:00:31, Sys 0 00:00:11  -  Run Remote Usage
		Usr 0 00:00:00, Sys 0 00:00:00  -  Run Local Usage
		Usr 0 00:00:31, Sys 0 00:00:11  -  Total Remote Usage
		Usr 0 00:00:00, Sys 0 00:00:00  -  Total Local Usage
	7039  -  Run Bytes Sent By Job
	104  -  Run Bytes Received By Job
	7039  -  Total Bytes Sent By Job
	104  -  Total Bytes Received By Job
	Partitionable Resources :    Usage  Request Allocated 
	   Cpus                 :        0        1         1 
	   Disk (KB)            :       76        1      3655 
	   GPUs                 :                           0 
	   Memory (MB)          :     1693     3000      3000 

	Job terminated of its own accord at 2025-02-24T10:12:17Z with exit-code 0.
...
