000 (11642948.018.000) 02/24 10:46:44 Job submitted from host: <188.185.114.121:9618?addrs=188.185.114.121-9618+[2001-1458-d00-a--100-273]-9618&alias=bigbird19.cern.ch&noUDP&sock=schedd_2045_4743>
    WARNING: Committed job submission into the queue with the following warning(s): QMGMT:0:Your job uses -spool but does not set 'transfer_output_files' nor 'output_destination' (transfer plugin). This is not recommended and will be soon disallowed. Please see https://batchdocs.web.cern.ch/concepts/dataflow.html#spool-submission for information and alternatives.
...
040 (11642948.018.000) 02/24 10:58:34 Started transferring input files
	Transferring to host: <188.185.210.143:9618?addrs=188.185.210.143-9618+[2001-1458-303-15--100-b]-9618&alias=b9p22p5953.cern.ch&noUDP&sock=slot1_48_10321_d3fd_88983>
...
001 (11642948.018.000) 02/24 10:58:39 Job executing on host: <188.185.210.143:9618?addrs=188.185.210.143-9618+[2001-1458-303-15--100-b]-9618&alias=b9p22p5953.cern.ch&noUDP&sock=startd_9137_cced>
	SlotName: slot1_48@b9p22p5953.cern.ch
	CondorScratchDir = "/pool/condor/dir_820129"
	Cpus = 1
	Disk = 3623
	GPUs = 0
	Memory = 3000
...
040 (11642948.018.000) 02/24 10:58:39 Finished transferring input files
...
006 (11642948.018.000) 02/24 10:58:48 Image size of job updated: 21700
	22  -  MemoryUsage of job (MB)
	21700  -  ResidentSetSize of job (KB)
...
006 (11642948.018.000) 02/24 11:03:49 Image size of job updated: 1131260
	1105  -  MemoryUsage of job (MB)
	1131260  -  ResidentSetSize of job (KB)
...
040 (11642948.018.000) 02/24 11:04:35 Started transferring output files
...
040 (11642948.018.000) 02/24 11:04:35 Finished transferring output files
...
005 (11642948.018.000) 02/24 11:04:35 Job terminated.
	(1) Normal termination (return value 0)
		Usr 0 00:00:32, Sys 0 00:00:09  -  Run Remote Usage
		Usr 0 00:00:00, Sys 0 00:00:00  -  Run Local Usage
		Usr 0 00:00:32, Sys 0 00:00:09  -  Total Remote Usage
		Usr 0 00:00:00, Sys 0 00:00:00  -  Total Local Usage
	7107  -  Run Bytes Sent By Job
	104  -  Run Bytes Received By Job
	7107  -  Total Bytes Sent By Job
	104  -  Total Bytes Received By Job
	Partitionable Resources :    Usage  Request Allocated 
	   Cpus                 :        0        1         1 
	   Disk (KB)            :       76        1      3623 
	   GPUs                 :                           0 
	   Memory (MB)          :     1105     3000      3000 

	Job terminated of its own accord at 2025-02-24T10:04:35Z with exit-code 0.
...
