000 (11642948.001.000) 02/24 10:46:44 Job submitted from host: <188.185.114.121:9618?addrs=188.185.114.121-9618+[2001-1458-d00-a--100-273]-9618&alias=bigbird19.cern.ch&noUDP&sock=schedd_2045_4743>
    WARNING: Committed job submission into the queue with the following warning(s): QMGMT:0:Your job uses -spool but does not set 'transfer_output_files' nor 'output_destination' (transfer plugin). This is not recommended and will be soon disallowed. Please see https://batchdocs.web.cern.ch/concepts/dataflow.html#spool-submission for information and alternatives.
...
040 (11642948.001.000) 02/24 10:58:31 Started transferring input files
	Transferring to host: <188.185.212.23:9618?addrs=188.185.212.23-9618+[2001-1458-303-18--100-13]-9618&alias=b9p25p5701.cern.ch&noUDP&sock=slot1_23_4647_fb56_18951>
...
001 (11642948.001.000) 02/24 10:58:33 Job executing on host: <188.185.212.23:9618?addrs=188.185.212.23-9618+[2001-1458-303-18--100-13]-9618&alias=b9p25p5701.cern.ch&noUDP&sock=startd_3810_ebec>
	SlotName: slot1_23@b9p25p5701.cern.ch
	CondorScratchDir = "/pool/condor/dir_2928649"
	Cpus = 1
	Disk = 3818
	GPUs = 0
	Memory = 3000
...
040 (11642948.001.000) 02/24 10:58:33 Finished transferring input files
...
006 (11642948.001.000) 02/24 10:58:47 Image size of job updated: 17836
	18  -  MemoryUsage of job (MB)
	17836  -  ResidentSetSize of job (KB)
...
006 (11642948.001.000) 02/24 11:02:15 Image size of job updated: 579236
	18  -  MemoryUsage of job (MB)
	17836  -  ResidentSetSize of job (KB)
...
040 (11642948.001.000) 02/24 11:02:15 Started transferring output files
...
040 (11642948.001.000) 02/24 11:02:15 Finished transferring output files
...
005 (11642948.001.000) 02/24 11:02:15 Job terminated.
	(1) Normal termination (return value 0)
		Usr 0 00:00:28, Sys 0 00:00:09  -  Run Remote Usage
		Usr 0 00:00:00, Sys 0 00:00:00  -  Run Local Usage
		Usr 0 00:00:28, Sys 0 00:00:09  -  Total Remote Usage
		Usr 0 00:00:00, Sys 0 00:00:00  -  Total Local Usage
	7059  -  Run Bytes Sent By Job
	104  -  Run Bytes Received By Job
	7059  -  Total Bytes Sent By Job
	104  -  Total Bytes Received By Job
	Partitionable Resources :    Usage  Request Allocated 
	   Cpus                 :                 1         1 
	   Disk (KB)            :       68        1      3818 
	   GPUs                 :                           0 
	   Memory (MB)          :       18     3000      3000 

	Job terminated of its own accord at 2025-02-24T10:02:15Z with exit-code 0.
...
