000 (11642948.068.000) 02/24 10:46:44 Job submitted from host: <188.185.114.121:9618?addrs=188.185.114.121-9618+[2001-1458-d00-a--100-273]-9618&alias=bigbird19.cern.ch&noUDP&sock=schedd_2045_4743>
    WARNING: Committed job submission into the queue with the following warning(s): QMGMT:0:Your job uses -spool but does not set 'transfer_output_files' nor 'output_destination' (transfer plugin). This is not recommended and will be soon disallowed. Please see https://batchdocs.web.cern.ch/concepts/dataflow.html#spool-submission for information and alternatives.
...
040 (11642948.068.000) 02/24 10:58:46 Started transferring input files
	Transferring to host: <188.185.205.161:9618?addrs=188.185.205.161-9618+[2001-1458-303-a--100-1e]-9618&alias=b9p04p8568.cern.ch&noUDP&sock=slot1_21_4751_425a_210103>
...
040 (11642948.068.000) 02/24 10:58:47 Finished transferring input files
...
001 (11642948.068.000) 02/24 10:58:47 Job executing on host: <188.185.205.161:9618?addrs=188.185.205.161-9618+[2001-1458-303-a--100-1e]-9618&alias=b9p04p8568.cern.ch&noUDP&sock=startd_4025_64c8>
	SlotName: slot1_21@b9p04p8568.cern.ch
	CondorScratchDir = "/pool/condor/dir_1040330"
	Cpus = 1
	Disk = 2678079
	Memory = 3000
...
006 (11642948.068.000) 02/24 10:58:57 Image size of job updated: 348480
	341  -  MemoryUsage of job (MB)
	348480  -  ResidentSetSize of job (KB)
...
006 (11642948.068.000) 02/24 11:02:51 Image size of job updated: 1626308
	980  -  MemoryUsage of job (MB)
	1002996  -  ResidentSetSize of job (KB)
...
040 (11642948.068.000) 02/24 11:02:51 Started transferring output files
...
040 (11642948.068.000) 02/24 11:02:51 Finished transferring output files
...
005 (11642948.068.000) 02/24 11:02:51 Job terminated.
	(1) Normal termination (return value 0)
		Usr 0 00:00:26, Sys 0 00:00:07  -  Run Remote Usage
		Usr 0 00:00:00, Sys 0 00:00:00  -  Run Local Usage
		Usr 0 00:00:26, Sys 0 00:00:07  -  Total Remote Usage
		Usr 0 00:00:00, Sys 0 00:00:00  -  Total Local Usage
	7931  -  Run Bytes Sent By Job
	104  -  Run Bytes Received By Job
	7931  -  Total Bytes Sent By Job
	104  -  Total Bytes Received By Job
	Partitionable Resources :    Usage  Request Allocated 
	   Cpus                 :        0        1         1 
	   Disk (KB)            :       79        1   2678079 
	   Memory (MB)          :      980     3000      3000 

	Job terminated of its own accord at 2025-02-24T10:02:51Z with exit-code 0.
...
