000 (11642948.142.000) 02/24 10:46:44 Job submitted from host: <188.185.114.121:9618?addrs=188.185.114.121-9618+[2001-1458-d00-a--100-273]-9618&alias=bigbird19.cern.ch&noUDP&sock=schedd_2045_4743>
    WARNING: Committed job submission into the queue with the following warning(s): QMGMT:0:Your job uses -spool but does not set 'transfer_output_files' nor 'output_destination' (transfer plugin). This is not recommended and will be soon disallowed. Please see https://batchdocs.web.cern.ch/concepts/dataflow.html#spool-submission for information and alternatives.
...
040 (11642948.142.000) 02/24 10:59:03 Started transferring input files
	Transferring to host: <188.185.204.205:9618?addrs=188.185.204.205-9618+[2001-1458-303-8--100-c1]-9618&alias=b9p02p6727.cern.ch&noUDP&sock=slot1_25_4793_da1c_11974>
...
040 (11642948.142.000) 02/24 10:59:03 Finished transferring input files
...
001 (11642948.142.000) 02/24 10:59:04 Job executing on host: <188.185.204.205:9618?addrs=188.185.204.205-9618+[2001-1458-303-8--100-c1]-9618&alias=b9p02p6727.cern.ch&noUDP&sock=startd_4004_fd4b>
	SlotName: slot1_25@b9p02p6727.cern.ch
	CondorScratchDir = "/pool/condor/dir_758250"
	Cpus = 1
	Disk = 3551
	GPUs = 0
	Memory = 3000
...
006 (11642948.142.000) 02/24 10:59:18 Image size of job updated: 26136
	26  -  MemoryUsage of job (MB)
	26136  -  ResidentSetSize of job (KB)
...
006 (11642948.142.000) 02/24 11:03:07 Image size of job updated: 618828
	26  -  MemoryUsage of job (MB)
	26184  -  ResidentSetSize of job (KB)
...
040 (11642948.142.000) 02/24 11:03:07 Started transferring output files
...
040 (11642948.142.000) 02/24 11:03:07 Finished transferring output files
...
005 (11642948.142.000) 02/24 11:03:07 Job terminated.
	(1) Normal termination (return value 0)
		Usr 0 00:00:32, Sys 0 00:00:08  -  Run Remote Usage
		Usr 0 00:00:00, Sys 0 00:00:00  -  Run Local Usage
		Usr 0 00:00:32, Sys 0 00:00:08  -  Total Remote Usage
		Usr 0 00:00:00, Sys 0 00:00:00  -  Total Local Usage
	9665  -  Run Bytes Sent By Job
	104  -  Run Bytes Received By Job
	9665  -  Total Bytes Sent By Job
	104  -  Total Bytes Received By Job
	Partitionable Resources :    Usage  Request Allocated 
	   Cpus                 :        0        1         1 
	   Disk (KB)            :       79        1      3551 
	   GPUs                 :                           0 
	   Memory (MB)          :       26     3000      3000 

	Job terminated of its own accord at 2025-02-24T10:03:07Z with exit-code 0.
...
