000 (11642948.112.000) 02/24 10:46:44 Job submitted from host: <188.185.114.121:9618?addrs=188.185.114.121-9618+[2001-1458-d00-a--100-273]-9618&alias=bigbird19.cern.ch&noUDP&sock=schedd_2045_4743>
    WARNING: Committed job submission into the queue with the following warning(s): QMGMT:0:Your job uses -spool but does not set 'transfer_output_files' nor 'output_destination' (transfer plugin). This is not recommended and will be soon disallowed. Please see https://batchdocs.web.cern.ch/concepts/dataflow.html#spool-submission for information and alternatives.
...
040 (11642948.112.000) 02/24 10:58:57 Started transferring input files
	Transferring to host: <188.185.210.167:9618?addrs=188.185.210.167-9618+[2001-1458-303-15--100-23]-9618&alias=b9p22p8858.cern.ch&noUDP&sock=slot1_21_8704_815b_89256>
...
040 (11642948.112.000) 02/24 10:58:57 Finished transferring input files
...
001 (11642948.112.000) 02/24 10:58:58 Job executing on host: <188.185.210.167:9618?addrs=188.185.210.167-9618+[2001-1458-303-15--100-23]-9618&alias=b9p22p8858.cern.ch&noUDP&sock=startd_7580_d3f7>
	SlotName: slot1_21@b9p22p8858.cern.ch
	CondorScratchDir = "/pool/condor/dir_581963"
	Cpus = 1
	Disk = 3746
	GPUs = 0
	Memory = 3000
...
006 (11642948.112.000) 02/24 10:59:07 Image size of job updated: 223964
	219  -  MemoryUsage of job (MB)
	223964  -  ResidentSetSize of job (KB)
...
006 (11642948.112.000) 02/24 10:59:50 Image size of job updated: 1016804
	993  -  MemoryUsage of job (MB)
	1016804  -  ResidentSetSize of job (KB)
...
040 (11642948.112.000) 02/24 10:59:51 Started transferring output files
...
040 (11642948.112.000) 02/24 10:59:51 Finished transferring output files
...
005 (11642948.112.000) 02/24 10:59:51 Job terminated.
	(1) Normal termination (return value 1)
		Usr 0 00:00:07, Sys 0 00:00:08  -  Run Remote Usage
		Usr 0 00:00:00, Sys 0 00:00:00  -  Run Local Usage
		Usr 0 00:00:07, Sys 0 00:00:08  -  Total Remote Usage
		Usr 0 00:00:00, Sys 0 00:00:00  -  Total Local Usage
	1884  -  Run Bytes Sent By Job
	104  -  Run Bytes Received By Job
	1884  -  Total Bytes Sent By Job
	104  -  Total Bytes Received By Job
	Partitionable Resources :    Usage  Request Allocated 
	   Cpus                 :        0        1         1 
	   Disk (KB)            :       76        1      3746 
	   GPUs                 :                           0 
	   Memory (MB)          :      993     3000      3000 

	Job terminated of its own accord at 2025-02-24T09:59:50Z with exit-code 1.
...
