000 (11642948.019.000) 02/24 10:46:44 Job submitted from host: <188.185.114.121:9618?addrs=188.185.114.121-9618+[2001-1458-d00-a--100-273]-9618&alias=bigbird19.cern.ch&noUDP&sock=schedd_2045_4743>
    WARNING: Committed job submission into the queue with the following warning(s): QMGMT:0:Your job uses -spool but does not set 'transfer_output_files' nor 'output_destination' (transfer plugin). This is not recommended and will be soon disallowed. Please see https://batchdocs.web.cern.ch/concepts/dataflow.html#spool-submission for information and alternatives.
...
040 (11642948.019.000) 02/24 10:58:34 Started transferring input files
	Transferring to host: <188.185.210.172:9618?addrs=188.185.210.172-9618+[2001-1458-303-15--100-28]-9618&alias=b9p22p4014.cern.ch&noUDP&sock=slot1_27_3966005_0dd5_28984>
...
001 (11642948.019.000) 02/24 10:58:39 Job executing on host: <188.185.210.172:9618?addrs=188.185.210.172-9618+[2001-1458-303-15--100-28]-9618&alias=b9p22p4014.cern.ch&noUDP&sock=startd_4873_0d18>
	SlotName: slot1_27@b9p22p4014.cern.ch
	CondorScratchDir = "/pool/condor/dir_3302776"
	Cpus = 1
	Disk = 3682
	GPUs = 0
	Memory = 3000
...
040 (11642948.019.000) 02/24 10:58:39 Finished transferring input files
...
006 (11642948.019.000) 02/24 10:58:48 Image size of job updated: 22828
	23  -  MemoryUsage of job (MB)
	22828  -  ResidentSetSize of job (KB)
...
006 (11642948.019.000) 02/24 11:03:48 Image size of job updated: 1131720
	1106  -  MemoryUsage of job (MB)
	1131720  -  ResidentSetSize of job (KB)
...
040 (11642948.019.000) 02/24 11:04:51 Started transferring output files
...
040 (11642948.019.000) 02/24 11:04:51 Finished transferring output files
...
005 (11642948.019.000) 02/24 11:04:51 Job terminated.
	(1) Normal termination (return value 0)
		Usr 0 00:00:36, Sys 0 00:00:09  -  Run Remote Usage
		Usr 0 00:00:00, Sys 0 00:00:00  -  Run Local Usage
		Usr 0 00:00:36, Sys 0 00:00:09  -  Total Remote Usage
		Usr 0 00:00:00, Sys 0 00:00:00  -  Total Local Usage
	7036  -  Run Bytes Sent By Job
	104  -  Run Bytes Received By Job
	7036  -  Total Bytes Sent By Job
	104  -  Total Bytes Received By Job
	Partitionable Resources :    Usage  Request Allocated 
	   Cpus                 :     0.76        1         1 
	   Disk (KB)            :    76           1      3682 
	   GPUs                 :                           0 
	   Memory (MB)          :  1106        3000      3000 

	Job terminated of its own accord at 2025-02-24T10:04:51Z with exit-code 0.
...
