000 (11642948.025.000) 02/24 10:46:44 Job submitted from host: <188.185.114.121:9618?addrs=188.185.114.121-9618+[2001-1458-d00-a--100-273]-9618&alias=bigbird19.cern.ch&noUDP&sock=schedd_2045_4743>
    WARNING: Committed job submission into the queue with the following warning(s): QMGMT:0:Your job uses -spool but does not set 'transfer_output_files' nor 'output_destination' (transfer plugin). This is not recommended and will be soon disallowed. Please see https://batchdocs.web.cern.ch/concepts/dataflow.html#spool-submission for information and alternatives.
...
040 (11642948.025.000) 02/24 10:58:37 Started transferring input files
	Transferring to host: <188.185.210.9:9618?addrs=188.185.210.9-9618+[2001-1458-303-1--100-5]-9618&alias=b9p21p5099.cern.ch&noUDP&sock=slot1_7_9400_e677_88646>
...
001 (11642948.025.000) 02/24 10:58:43 Job executing on host: <188.185.210.9:9618?addrs=188.185.210.9-9618+[2001-1458-303-1--100-5]-9618&alias=b9p21p5099.cern.ch&noUDP&sock=startd_8316_a9ac>
	SlotName: slot1_7@b9p21p5099.cern.ch
	CondorScratchDir = "/pool/condor/dir_1316371"
	Cpus = 1
	Disk = 3706
	GPUs = 0
	Memory = 3000
...
040 (11642948.025.000) 02/24 10:58:43 Finished transferring input files
...
006 (11642948.025.000) 02/24 10:58:52 Image size of job updated: 99316
	97  -  MemoryUsage of job (MB)
	99316  -  ResidentSetSize of job (KB)
...
006 (11642948.025.000) 02/24 11:03:53 Image size of job updated: 759488
	742  -  MemoryUsage of job (MB)
	759488  -  ResidentSetSize of job (KB)
...
040 (11642948.025.000) 02/24 11:04:52 Started transferring output files
...
040 (11642948.025.000) 02/24 11:04:52 Finished transferring output files
...
005 (11642948.025.000) 02/24 11:04:52 Job terminated.
	(1) Normal termination (return value 0)
		Usr 0 00:00:33, Sys 0 00:00:08  -  Run Remote Usage
		Usr 0 00:00:00, Sys 0 00:00:00  -  Run Local Usage
		Usr 0 00:00:33, Sys 0 00:00:08  -  Total Remote Usage
		Usr 0 00:00:00, Sys 0 00:00:00  -  Total Local Usage
	7109  -  Run Bytes Sent By Job
	104  -  Run Bytes Received By Job
	7109  -  Total Bytes Sent By Job
	104  -  Total Bytes Received By Job
	Partitionable Resources :    Usage  Request Allocated 
	   Cpus                 :        0        1         1 
	   Disk (KB)            :       76        1      3706 
	   GPUs                 :                           0 
	   Memory (MB)          :      742     3000      3000 

	Job terminated of its own accord at 2025-02-24T10:04:52Z with exit-code 0.
...
