000 (11642948.126.000) 02/24 10:46:44 Job submitted from host: <188.185.114.121:9618?addrs=188.185.114.121-9618+[2001-1458-d00-a--100-273]-9618&alias=bigbird19.cern.ch&noUDP&sock=schedd_2045_4743>
    WARNING: Committed job submission into the queue with the following warning(s): QMGMT:0:Your job uses -spool but does not set 'transfer_output_files' nor 'output_destination' (transfer plugin). This is not recommended and will be soon disallowed. Please see https://batchdocs.web.cern.ch/concepts/dataflow.html#spool-submission for information and alternatives.
...
040 (11642948.126.000) 02/24 11:00:22 Started transferring input files
	Transferring to host: <188.185.194.169:9618?addrs=188.185.194.169-9618+[2001-1458-303-21--100-a5]-9618&alias=b9p20p5001.cern.ch&noUDP&sock=slot1_28_6082_11b0_18605>
...
040 (11642948.126.000) 02/24 11:00:22 Finished transferring input files
...
001 (11642948.126.000) 02/24 11:00:23 Job executing on host: <188.185.194.169:9618?addrs=188.185.194.169-9618+[2001-1458-303-21--100-a5]-9618&alias=b9p20p5001.cern.ch&noUDP&sock=startd_4431_e03c>
	SlotName: slot1_28@b9p20p5001.cern.ch
	CondorScratchDir = "/pool/condor/dir_1492395"
	Cpus = 1
	Disk = 3700
	GPUs = 0
	Memory = 3000
...
006 (11642948.126.000) 02/24 11:00:36 Image size of job updated: 16868
	17  -  MemoryUsage of job (MB)
	16868  -  ResidentSetSize of job (KB)
...
006 (11642948.126.000) 02/24 11:05:04 Image size of job updated: 615336
	17  -  MemoryUsage of job (MB)
	16868  -  ResidentSetSize of job (KB)
...
040 (11642948.126.000) 02/24 11:05:04 Started transferring output files
...
040 (11642948.126.000) 02/24 11:05:04 Finished transferring output files
...
005 (11642948.126.000) 02/24 11:05:04 Job terminated.
	(1) Normal termination (return value 0)
		Usr 0 00:00:51, Sys 0 00:00:09  -  Run Remote Usage
		Usr 0 00:00:00, Sys 0 00:00:00  -  Run Local Usage
		Usr 0 00:00:51, Sys 0 00:00:09  -  Total Remote Usage
		Usr 0 00:00:00, Sys 0 00:00:00  -  Total Local Usage
	9803  -  Run Bytes Sent By Job
	104  -  Run Bytes Received By Job
	9803  -  Total Bytes Sent By Job
	104  -  Total Bytes Received By Job
	Partitionable Resources :    Usage  Request Allocated 
	   Cpus                 :        0        1         1 
	   Disk (KB)            :       79        1      3700 
	   GPUs                 :                           0 
	   Memory (MB)          :       17     3000      3000 

	Job terminated of its own accord at 2025-02-24T10:05:04Z with exit-code 0.
...
