000 (11642948.103.000) 02/24 10:46:44 Job submitted from host: <188.185.114.121:9618?addrs=188.185.114.121-9618+[2001-1458-d00-a--100-273]-9618&alias=bigbird19.cern.ch&noUDP&sock=schedd_2045_4743>
    WARNING: Committed job submission into the queue with the following warning(s): QMGMT:0:Your job uses -spool but does not set 'transfer_output_files' nor 'output_destination' (transfer plugin). This is not recommended and will be soon disallowed. Please see https://batchdocs.web.cern.ch/concepts/dataflow.html#spool-submission for information and alternatives.
...
040 (11642948.103.000) 02/24 11:00:19 Started transferring input files
	Transferring to host: <188.185.195.123:9618?addrs=188.185.195.123-9618+[2001-1458-303-22--100-77]-9618&alias=b9p17p5699.cern.ch&noUDP&sock=slot1_43_6172_7b74_126084>
...
040 (11642948.103.000) 02/24 11:00:19 Finished transferring input files
...
001 (11642948.103.000) 02/24 11:00:20 Job executing on host: <188.185.195.123:9618?addrs=188.185.195.123-9618+[2001-1458-303-22--100-77]-9618&alias=b9p17p5699.cern.ch&noUDP&sock=startd_4598_6c8d>
	SlotName: slot1_43@b9p17p5699.cern.ch
	CondorScratchDir = "/pool/condor/dir_2899631"
	Cpus = 1
	Disk = 3832
	GPUs = 0
	Memory = 3000
...
006 (11642948.103.000) 02/24 11:00:29 Image size of job updated: 25720
	26  -  MemoryUsage of job (MB)
	25720  -  ResidentSetSize of job (KB)
...
006 (11642948.103.000) 02/24 11:04:46 Image size of job updated: 959732
	938  -  MemoryUsage of job (MB)
	959732  -  ResidentSetSize of job (KB)
...
040 (11642948.103.000) 02/24 11:04:46 Started transferring output files
...
040 (11642948.103.000) 02/24 11:04:46 Finished transferring output files
...
005 (11642948.103.000) 02/24 11:04:46 Job terminated.
	(1) Normal termination (return value 0)
		Usr 0 00:00:49, Sys 0 00:00:07  -  Run Remote Usage
		Usr 0 00:00:00, Sys 0 00:00:00  -  Run Local Usage
		Usr 0 00:00:49, Sys 0 00:00:07  -  Total Remote Usage
		Usr 0 00:00:00, Sys 0 00:00:00  -  Total Local Usage
	17687  -  Run Bytes Sent By Job
	104  -  Run Bytes Received By Job
	17687  -  Total Bytes Sent By Job
	104  -  Total Bytes Received By Job
	Partitionable Resources :    Usage  Request Allocated 
	   Cpus                 :     0.59        1         1 
	   Disk (KB)            :    87           1      3832 
	   GPUs                 :                           0 
	   Memory (MB)          :   938        3000      3000 

	Job terminated of its own accord at 2025-02-24T10:04:46Z with exit-code 0.
...
