000 (11642948.136.000) 02/24 10:46:44 Job submitted from host: <188.185.114.121:9618?addrs=188.185.114.121-9618+[2001-1458-d00-a--100-273]-9618&alias=bigbird19.cern.ch&noUDP&sock=schedd_2045_4743>
    WARNING: Committed job submission into the queue with the following warning(s): QMGMT:0:Your job uses -spool but does not set 'transfer_output_files' nor 'output_destination' (transfer plugin). This is not recommended and will be soon disallowed. Please see https://batchdocs.web.cern.ch/concepts/dataflow.html#spool-submission for information and alternatives.
...
040 (11642948.136.000) 02/24 10:59:02 Started transferring input files
	Transferring to host: <188.185.213.161:9618?addrs=188.185.213.161-9618+[2001-1458-303-1b--100-1d]-9618&alias=b9p28p9526.cern.ch&noUDP&sock=slot1_2_5422_0a16_80507>
...
040 (11642948.136.000) 02/24 10:59:02 Finished transferring input files
...
001 (11642948.136.000) 02/24 10:59:03 Job executing on host: <188.185.213.161:9618?addrs=188.185.213.161-9618+[2001-1458-303-1b--100-1d]-9618&alias=b9p28p9526.cern.ch&noUDP&sock=startd_4355_bf09>
	SlotName: slot1_2@b9p28p9526.cern.ch
	CondorScratchDir = "/pool/condor/dir_380098"
	Cpus = 1
	Disk = 3664
	GPUs = 0
	Memory = 3000
...
006 (11642948.136.000) 02/24 10:59:12 Image size of job updated: 31668
	31  -  MemoryUsage of job (MB)
	31668  -  ResidentSetSize of job (KB)
...
006 (11642948.136.000) 02/24 11:04:00 Image size of job updated: 1888880
	1845  -  MemoryUsage of job (MB)
	1888880  -  ResidentSetSize of job (KB)
...
040 (11642948.136.000) 02/24 11:04:00 Started transferring output files
...
040 (11642948.136.000) 02/24 11:04:00 Finished transferring output files
...
005 (11642948.136.000) 02/24 11:04:00 Job terminated.
	(1) Normal termination (return value 0)
		Usr 0 00:00:34, Sys 0 00:00:10  -  Run Remote Usage
		Usr 0 00:00:00, Sys 0 00:00:00  -  Run Local Usage
		Usr 0 00:00:34, Sys 0 00:00:10  -  Total Remote Usage
		Usr 0 00:00:00, Sys 0 00:00:00  -  Total Local Usage
	10939  -  Run Bytes Sent By Job
	104  -  Run Bytes Received By Job
	10939  -  Total Bytes Sent By Job
	104  -  Total Bytes Received By Job
	Partitionable Resources :    Usage  Request Allocated 
	   Cpus                 :     0.19        1         1 
	   Disk (KB)            :    80           1      3664 
	   GPUs                 :                           0 
	   Memory (MB)          :  1845        3000      3000 

	Job terminated of its own accord at 2025-02-24T10:04:00Z with exit-code 0.
...
