000 (11642948.071.000) 02/24 10:46:44 Job submitted from host: <188.185.114.121:9618?addrs=188.185.114.121-9618+[2001-1458-d00-a--100-273]-9618&alias=bigbird19.cern.ch&noUDP&sock=schedd_2045_4743>
    WARNING: Committed job submission into the queue with the following warning(s): QMGMT:0:Your job uses -spool but does not set 'transfer_output_files' nor 'output_destination' (transfer plugin). This is not recommended and will be soon disallowed. Please see https://batchdocs.web.cern.ch/concepts/dataflow.html#spool-submission for information and alternatives.
...
040 (11642948.071.000) 02/24 11:00:17 Started transferring input files
	Transferring to host: <128.142.248.169:9618?addrs=128.142.248.169-9618+[2001-1458-301-73--100-a8]-9618&alias=b9g23p4763.cern.ch&noUDP&sock=slot1_9_1829692_491d_11012>
...
040 (11642948.071.000) 02/24 11:00:17 Finished transferring input files
...
001 (11642948.071.000) 02/24 11:00:18 Job executing on host: <128.142.248.169:9618?addrs=128.142.248.169-9618+[2001-1458-301-73--100-a8]-9618&alias=b9g23p4763.cern.ch&noUDP&sock=startd_7257_46e0>
	SlotName: slot1_9@b9g23p4763.cern.ch
	CondorScratchDir = "/pool/condor/dir_2546025"
	Cpus = 1
	Disk = 3917
	GPUs = 0
	Memory = 3000
...
006 (11642948.071.000) 02/24 11:00:31 Image size of job updated: 17772
	18  -  MemoryUsage of job (MB)
	17772  -  ResidentSetSize of job (KB)
...
006 (11642948.071.000) 02/24 11:02:14 Image size of job updated: 616312
	18  -  MemoryUsage of job (MB)
	17772  -  ResidentSetSize of job (KB)
...
040 (11642948.071.000) 02/24 11:02:14 Started transferring output files
...
040 (11642948.071.000) 02/24 11:02:14 Finished transferring output files
...
005 (11642948.071.000) 02/24 11:02:14 Job terminated.
	(1) Normal termination (return value 0)
		Usr 0 00:00:41, Sys 0 00:00:07  -  Run Remote Usage
		Usr 0 00:00:00, Sys 0 00:00:00  -  Run Local Usage
		Usr 0 00:00:41, Sys 0 00:00:07  -  Total Remote Usage
		Usr 0 00:00:00, Sys 0 00:00:00  -  Total Local Usage
	6879  -  Run Bytes Sent By Job
	104  -  Run Bytes Received By Job
	6879  -  Total Bytes Sent By Job
	104  -  Total Bytes Received By Job
	Partitionable Resources :    Usage  Request Allocated 
	   Cpus                 :     0.93        1         1 
	   Disk (KB)            :    76           1      3917 
	   GPUs                 :                           0 
	   Memory (MB)          :    18        3000      3000 

	Job terminated of its own accord at 2025-02-24T10:02:14Z with exit-code 0.
...
