000 (11642948.065.000) 02/24 10:46:44 Job submitted from host: <188.185.114.121:9618?addrs=188.185.114.121-9618+[2001-1458-d00-a--100-273]-9618&alias=bigbird19.cern.ch&noUDP&sock=schedd_2045_4743>
    WARNING: Committed job submission into the queue with the following warning(s): QMGMT:0:Your job uses -spool but does not set 'transfer_output_files' nor 'output_destination' (transfer plugin). This is not recommended and will be soon disallowed. Please see https://batchdocs.web.cern.ch/concepts/dataflow.html#spool-submission for information and alternatives.
...
040 (11642948.065.000) 02/24 10:58:46 Started transferring input files
	Transferring to host: <128.142.131.90:9618?addrs=128.142.131.90-9618+[2001-1458-301-59--100-4e]-9618&alias=b9g11p6907.cern.ch&noUDP&sock=slot1_7_2066415_0dd7_12800>
...
040 (11642948.065.000) 02/24 10:58:46 Finished transferring input files
...
001 (11642948.065.000) 02/24 10:58:47 Job executing on host: <128.142.131.90:9618?addrs=128.142.131.90-9618+[2001-1458-301-59--100-4e]-9618&alias=b9g11p6907.cern.ch&noUDP&sock=startd_2416_c0e6>
	SlotName: slot1_7@b9g11p6907.cern.ch
	CondorScratchDir = "/pool/condor/dir_2776842"
	Cpus = 1
	Disk = 2614
	GPUs = 0
	Memory = 3000
...
006 (11642948.065.000) 02/24 10:59:00 Image size of job updated: 17772
	18  -  MemoryUsage of job (MB)
	17772  -  ResidentSetSize of job (KB)
...
006 (11642948.065.000) 02/24 11:00:47 Image size of job updated: 613740
	18  -  MemoryUsage of job (MB)
	17772  -  ResidentSetSize of job (KB)
...
040 (11642948.065.000) 02/24 11:00:47 Started transferring output files
...
040 (11642948.065.000) 02/24 11:00:47 Finished transferring output files
...
005 (11642948.065.000) 02/24 11:00:47 Job terminated.
	(1) Normal termination (return value 0)
		Usr 0 00:00:49, Sys 0 00:00:08  -  Run Remote Usage
		Usr 0 00:00:00, Sys 0 00:00:00  -  Run Local Usage
		Usr 0 00:00:49, Sys 0 00:00:08  -  Total Remote Usage
		Usr 0 00:00:00, Sys 0 00:00:00  -  Total Local Usage
	6876  -  Run Bytes Sent By Job
	104  -  Run Bytes Received By Job
	6876  -  Total Bytes Sent By Job
	104  -  Total Bytes Received By Job
	Partitionable Resources :    Usage  Request Allocated 
	   Cpus                 :        0        1         1 
	   Disk (KB)            :       76        1      2614 
	   GPUs                 :                           0 
	   Memory (MB)          :       18     3000      3000 

	Job terminated of its own accord at 2025-02-24T10:00:47Z with exit-code 0.
...
