000 (11642948.069.000) 02/24 10:46:44 Job submitted from host: <188.185.114.121:9618?addrs=188.185.114.121-9618+[2001-1458-d00-a--100-273]-9618&alias=bigbird19.cern.ch&noUDP&sock=schedd_2045_4743>
    WARNING: Committed job submission into the queue with the following warning(s): QMGMT:0:Your job uses -spool but does not set 'transfer_output_files' nor 'output_destination' (transfer plugin). This is not recommended and will be soon disallowed. Please see https://batchdocs.web.cern.ch/concepts/dataflow.html#spool-submission for information and alternatives.
...
040 (11642948.069.000) 02/24 10:58:47 Started transferring input files
	Transferring to host: <188.185.207.12:9618?addrs=188.185.207.12-9618+[2001-1458-303-d--100-9]-9618&alias=b9p07p0675.cern.ch&noUDP&sock=slot1_13_4627_e3d5_97474>
...
040 (11642948.069.000) 02/24 10:58:47 Finished transferring input files
...
001 (11642948.069.000) 02/24 10:58:49 Job executing on host: <188.185.207.12:9618?addrs=188.185.207.12-9618+[2001-1458-303-d--100-9]-9618&alias=b9p07p0675.cern.ch&noUDP&sock=startd_4209_9a36>
	SlotName: slot1_13@b9p07p0675.cern.ch
	CondorScratchDir = "/pool/condor/dir_105959"
	Cpus = 1
	Disk = 3570
	GPUs = 0
	Memory = 3000
...
006 (11642948.069.000) 02/24 10:58:57 Image size of job updated: 21468
	21  -  MemoryUsage of job (MB)
	21468  -  ResidentSetSize of job (KB)
...
006 (11642948.069.000) 02/24 11:03:08 Image size of job updated: 430460
	421  -  MemoryUsage of job (MB)
	430460  -  ResidentSetSize of job (KB)
...
040 (11642948.069.000) 02/24 11:03:08 Started transferring output files
...
040 (11642948.069.000) 02/24 11:03:08 Finished transferring output files
...
005 (11642948.069.000) 02/24 11:03:08 Job terminated.
	(1) Normal termination (return value 0)
		Usr 0 00:00:36, Sys 0 00:00:09  -  Run Remote Usage
		Usr 0 00:00:00, Sys 0 00:00:00  -  Run Local Usage
		Usr 0 00:00:36, Sys 0 00:00:09  -  Total Remote Usage
		Usr 0 00:00:00, Sys 0 00:00:00  -  Total Local Usage
	7790  -  Run Bytes Sent By Job
	104  -  Run Bytes Received By Job
	7790  -  Total Bytes Sent By Job
	104  -  Total Bytes Received By Job
	Partitionable Resources :    Usage  Request Allocated 
	   Cpus                 :        0        1         1 
	   Disk (KB)            :       80        1      3570 
	   GPUs                 :                           0 
	   Memory (MB)          :      421     3000      3000 

	Job terminated of its own accord at 2025-02-24T10:03:08Z with exit-code 0.
...
