000 (11642948.024.000) 02/24 10:46:44 Job submitted from host: <188.185.114.121:9618?addrs=188.185.114.121-9618+[2001-1458-d00-a--100-273]-9618&alias=bigbird19.cern.ch&noUDP&sock=schedd_2045_4743>
    WARNING: Committed job submission into the queue with the following warning(s): QMGMT:0:Your job uses -spool but does not set 'transfer_output_files' nor 'output_destination' (transfer plugin). This is not recommended and will be soon disallowed. Please see https://batchdocs.web.cern.ch/concepts/dataflow.html#spool-submission for information and alternatives.
...
040 (11642948.024.000) 02/24 10:58:35 Started transferring input files
	Transferring to host: <188.185.193.70:9618?addrs=188.185.193.70-9618+[2001-1458-303-20--100-42]-9618&alias=b9p19p7561.cern.ch&noUDP&sock=slot1_32_2242908_56c0_20367>
...
001 (11642948.024.000) 02/24 10:58:43 Job executing on host: <188.185.193.70:9618?addrs=188.185.193.70-9618+[2001-1458-303-20--100-42]-9618&alias=b9p19p7561.cern.ch&noUDP&sock=startd_8814_3fd5>
	SlotName: slot1_32@b9p19p7561.cern.ch
	CondorScratchDir = "/pool/condor/dir_4131894"
	Cpus = 1
	Disk = 3915
	GPUs = 0
	Memory = 3000
...
040 (11642948.024.000) 02/24 10:58:43 Finished transferring input files
...
006 (11642948.024.000) 02/24 10:58:52 Image size of job updated: 26792
	27  -  MemoryUsage of job (MB)
	26792  -  ResidentSetSize of job (KB)
...
006 (11642948.024.000) 02/24 11:03:53 Image size of job updated: 1861948
	1819  -  MemoryUsage of job (MB)
	1861948  -  ResidentSetSize of job (KB)
...
040 (11642948.024.000) 02/24 11:05:17 Started transferring output files
...
040 (11642948.024.000) 02/24 11:05:17 Finished transferring output files
...
005 (11642948.024.000) 02/24 11:05:17 Job terminated.
	(1) Normal termination (return value 0)
		Usr 0 00:00:52, Sys 0 00:00:07  -  Run Remote Usage
		Usr 0 00:00:00, Sys 0 00:00:00  -  Run Local Usage
		Usr 0 00:00:52, Sys 0 00:00:07  -  Total Remote Usage
		Usr 0 00:00:00, Sys 0 00:00:00  -  Total Local Usage
	7038  -  Run Bytes Sent By Job
	104  -  Run Bytes Received By Job
	7038  -  Total Bytes Sent By Job
	104  -  Total Bytes Received By Job
	Partitionable Resources :    Usage  Request Allocated 
	   Cpus                 :        0        1         1 
	   Disk (KB)            :       84        1      3915 
	   GPUs                 :                           0 
	   Memory (MB)          :     1819     3000      3000 

	Job terminated of its own accord at 2025-02-24T10:05:17Z with exit-code 0.
...
