000 (11642948.013.000) 02/24 10:46:44 Job submitted from host: <188.185.114.121:9618?addrs=188.185.114.121-9618+[2001-1458-d00-a--100-273]-9618&alias=bigbird19.cern.ch&noUDP&sock=schedd_2045_4743>
    WARNING: Committed job submission into the queue with the following warning(s): QMGMT:0:Your job uses -spool but does not set 'transfer_output_files' nor 'output_destination' (transfer plugin). This is not recommended and will be soon disallowed. Please see https://batchdocs.web.cern.ch/concepts/dataflow.html#spool-submission for information and alternatives.
...
040 (11642948.013.000) 02/24 10:58:33 Started transferring input files
	Transferring to host: <188.185.193.129:9618?addrs=188.185.193.129-9618+[2001-1458-303-20--100-7d]-9618&alias=b9p19p4528.cern.ch&noUDP&sock=slot1_48_3367556_9866_19255>
...
001 (11642948.013.000) 02/24 10:58:38 Job executing on host: <188.185.193.129:9618?addrs=188.185.193.129-9618+[2001-1458-303-20--100-7d]-9618&alias=b9p19p4528.cern.ch&noUDP&sock=startd_5835_e734>
	SlotName: slot1_48@b9p19p4528.cern.ch
	CondorScratchDir = "/pool/condor/dir_1493260"
	Cpus = 1
	Disk = 3847
	GPUs = 0
	Memory = 3000
...
040 (11642948.013.000) 02/24 10:58:38 Finished transferring input files
...
006 (11642948.013.000) 02/24 10:58:47 Image size of job updated: 25556
	25  -  MemoryUsage of job (MB)
	25556  -  ResidentSetSize of job (KB)
...
006 (11642948.013.000) 02/24 11:03:05 Image size of job updated: 1117560
	1092  -  MemoryUsage of job (MB)
	1117560  -  ResidentSetSize of job (KB)
...
040 (11642948.013.000) 02/24 11:03:05 Started transferring output files
...
040 (11642948.013.000) 02/24 11:03:05 Finished transferring output files
...
005 (11642948.013.000) 02/24 11:03:05 Job terminated.
	(1) Normal termination (return value 0)
		Usr 0 00:00:56, Sys 0 00:00:08  -  Run Remote Usage
		Usr 0 00:00:00, Sys 0 00:00:00  -  Run Local Usage
		Usr 0 00:00:56, Sys 0 00:00:08  -  Total Remote Usage
		Usr 0 00:00:00, Sys 0 00:00:00  -  Total Local Usage
	7387  -  Run Bytes Sent By Job
	104  -  Run Bytes Received By Job
	7387  -  Total Bytes Sent By Job
	104  -  Total Bytes Received By Job
	Partitionable Resources :    Usage  Request Allocated 
	   Cpus                 :     0.10        1         1 
	   Disk (KB)            :    77           1      3847 
	   GPUs                 :                           0 
	   Memory (MB)          :  1092        3000      3000 

	Job terminated of its own accord at 2025-02-24T10:03:05Z with exit-code 0.
...
