000 (11642948.035.000) 02/24 10:46:44 Job submitted from host: <188.185.114.121:9618?addrs=188.185.114.121-9618+[2001-1458-d00-a--100-273]-9618&alias=bigbird19.cern.ch&noUDP&sock=schedd_2045_4743>
    WARNING: Committed job submission into the queue with the following warning(s): QMGMT:0:Your job uses -spool but does not set 'transfer_output_files' nor 'output_destination' (transfer plugin). This is not recommended and will be soon disallowed. Please see https://batchdocs.web.cern.ch/concepts/dataflow.html#spool-submission for information and alternatives.
...
040 (11642948.035.000) 02/24 11:00:13 Started transferring input files
	Transferring to host: <188.185.193.50:9618?addrs=188.185.193.50-9618+[2001-1458-303-20--100-2e]-9618&alias=b9p19p0636.cern.ch&noUDP&sock=slot1_13_3701833_fb5f_23069>
...
040 (11642948.035.000) 02/24 11:00:13 Finished transferring input files
...
001 (11642948.035.000) 02/24 11:00:14 Job executing on host: <188.185.193.50:9618?addrs=188.185.193.50-9618+[2001-1458-303-20--100-2e]-9618&alias=b9p19p0636.cern.ch&noUDP&sock=startd_5700_4deb>
	SlotName: slot1_13@b9p19p0636.cern.ch
	CondorScratchDir = "/pool/condor/dir_3711105"
	Cpus = 1
	Disk = 3725
	GPUs = 0
	Memory = 3000
...
006 (11642948.035.000) 02/24 11:00:23 Image size of job updated: 22936
	23  -  MemoryUsage of job (MB)
	22936  -  ResidentSetSize of job (KB)
...
006 (11642948.035.000) 02/24 11:05:24 Image size of job updated: 1344588
	1314  -  MemoryUsage of job (MB)
	1344588  -  ResidentSetSize of job (KB)
...
040 (11642948.035.000) 02/24 11:06:26 Started transferring output files
...
040 (11642948.035.000) 02/24 11:06:26 Finished transferring output files
...
005 (11642948.035.000) 02/24 11:06:26 Job terminated.
	(1) Normal termination (return value 0)
		Usr 0 00:00:55, Sys 0 00:00:07  -  Run Remote Usage
		Usr 0 00:00:00, Sys 0 00:00:00  -  Run Local Usage
		Usr 0 00:00:55, Sys 0 00:00:07  -  Total Remote Usage
		Usr 0 00:00:00, Sys 0 00:00:00  -  Total Local Usage
	6833  -  Run Bytes Sent By Job
	104  -  Run Bytes Received By Job
	6833  -  Total Bytes Sent By Job
	104  -  Total Bytes Received By Job
	Partitionable Resources :    Usage  Request Allocated 
	   Cpus                 :        0        1         1 
	   Disk (KB)            :       76        1      3725 
	   GPUs                 :                           0 
	   Memory (MB)          :     1314     3000      3000 

	Job terminated of its own accord at 2025-02-24T10:06:26Z with exit-code 0.
...
