000 (11642948.082.000) 02/24 10:46:44 Job submitted from host: <188.185.114.121:9618?addrs=188.185.114.121-9618+[2001-1458-d00-a--100-273]-9618&alias=bigbird19.cern.ch&noUDP&sock=schedd_2045_4743>
    WARNING: Committed job submission into the queue with the following warning(s): QMGMT:0:Your job uses -spool but does not set 'transfer_output_files' nor 'output_destination' (transfer plugin). This is not recommended and will be soon disallowed. Please see https://batchdocs.web.cern.ch/concepts/dataflow.html#spool-submission for information and alternatives.
...
040 (11642948.082.000) 02/24 11:00:17 Started transferring input files
	Transferring to host: <188.185.194.39:9618?addrs=188.185.194.39-9618+[2001-1458-303-21--100-23]-9618&alias=b9p20p9815.cern.ch&noUDP&sock=slot1_7_2620880_ce4a_17249>
...
040 (11642948.082.000) 02/24 11:00:17 Finished transferring input files
...
001 (11642948.082.000) 02/24 11:00:18 Job executing on host: <188.185.194.39:9618?addrs=188.185.194.39-9618+[2001-1458-303-21--100-23]-9618&alias=b9p20p9815.cern.ch&noUDP&sock=startd_2815_6f30>
	SlotName: slot1_7@b9p20p9815.cern.ch
	CondorScratchDir = "/pool/condor/dir_517012"
	Cpus = 1
	Disk = 3788
	GPUs = 0
	Memory = 3000
...
006 (11642948.082.000) 02/24 11:00:26 Image size of job updated: 18248
	18  -  MemoryUsage of job (MB)
	18248  -  ResidentSetSize of job (KB)
...
006 (11642948.082.000) 02/24 11:04:31 Image size of job updated: 1564228
	1528  -  MemoryUsage of job (MB)
	1564228  -  ResidentSetSize of job (KB)
...
040 (11642948.082.000) 02/24 11:04:31 Started transferring output files
...
040 (11642948.082.000) 02/24 11:04:31 Finished transferring output files
...
005 (11642948.082.000) 02/24 11:04:31 Job terminated.
	(1) Normal termination (return value 0)
		Usr 0 00:00:45, Sys 0 00:00:08  -  Run Remote Usage
		Usr 0 00:00:00, Sys 0 00:00:00  -  Run Local Usage
		Usr 0 00:00:45, Sys 0 00:00:08  -  Total Remote Usage
		Usr 0 00:00:00, Sys 0 00:00:00  -  Total Local Usage
	6887  -  Run Bytes Sent By Job
	104  -  Run Bytes Received By Job
	6887  -  Total Bytes Sent By Job
	104  -  Total Bytes Received By Job
	Partitionable Resources :    Usage  Request Allocated 
	   Cpus                 :        0        1         1 
	   Disk (KB)            :       75        1      3788 
	   GPUs                 :                           0 
	   Memory (MB)          :     1528     3000      3000 

	Job terminated of its own accord at 2025-02-24T10:04:31Z with exit-code 0.
...
