000 (11642948.049.000) 02/24 10:46:44 Job submitted from host: <188.185.114.121:9618?addrs=188.185.114.121-9618+[2001-1458-d00-a--100-273]-9618&alias=bigbird19.cern.ch&noUDP&sock=schedd_2045_4743>
    WARNING: Committed job submission into the queue with the following warning(s): QMGMT:0:Your job uses -spool but does not set 'transfer_output_files' nor 'output_destination' (transfer plugin). This is not recommended and will be soon disallowed. Please see https://batchdocs.web.cern.ch/concepts/dataflow.html#spool-submission for information and alternatives.
...
040 (11642948.049.000) 02/24 10:58:44 Started transferring input files
	Transferring to host: <128.142.137.97:9618?addrs=128.142.137.97-9618+[2001-1458-301-5e--100-55]-9618&alias=b9g19p5682.cern.ch&noUDP&sock=slot1_19_2789_da4a_11537>
...
040 (11642948.049.000) 02/24 10:58:45 Finished transferring input files
...
001 (11642948.049.000) 02/24 10:58:46 Job executing on host: <128.142.137.97:9618?addrs=128.142.137.97-9618+[2001-1458-301-5e--100-55]-9618&alias=b9g19p5682.cern.ch&noUDP&sock=startd_2415_114e>
	SlotName: slot1_19@b9g19p5682.cern.ch
	CondorScratchDir = "/pool/condor/dir_1857752"
	Cpus = 1
	Disk = 2594
	GPUs = 0
	Memory = 3000
...
006 (11642948.049.000) 02/24 10:58:59 Image size of job updated: 17788
	18  -  MemoryUsage of job (MB)
	17788  -  ResidentSetSize of job (KB)
...
006 (11642948.049.000) 02/24 11:01:32 Image size of job updated: 623172
	18  -  MemoryUsage of job (MB)
	17788  -  ResidentSetSize of job (KB)
...
040 (11642948.049.000) 02/24 11:01:32 Started transferring output files
...
040 (11642948.049.000) 02/24 11:01:32 Finished transferring output files
...
005 (11642948.049.000) 02/24 11:01:32 Job terminated.
	(1) Normal termination (return value 0)
		Usr 0 00:00:50, Sys 0 00:00:09  -  Run Remote Usage
		Usr 0 00:00:00, Sys 0 00:00:00  -  Run Local Usage
		Usr 0 00:00:50, Sys 0 00:00:09  -  Total Remote Usage
		Usr 0 00:00:00, Sys 0 00:00:00  -  Total Local Usage
	9014  -  Run Bytes Sent By Job
	104  -  Run Bytes Received By Job
	9014  -  Total Bytes Sent By Job
	104  -  Total Bytes Received By Job
	Partitionable Resources :    Usage  Request Allocated 
	   Cpus                 :                 1         1 
	   Disk (KB)            :       70        1      2594 
	   GPUs                 :                           0 
	   Memory (MB)          :       18     3000      3000 

	Job terminated of its own accord at 2025-02-24T10:01:32Z with exit-code 0.
...
