000 (11642948.086.000) 02/24 10:46:44 Job submitted from host: <188.185.114.121:9618?addrs=188.185.114.121-9618+[2001-1458-d00-a--100-273]-9618&alias=bigbird19.cern.ch&noUDP&sock=schedd_2045_4743>
    WARNING: Committed job submission into the queue with the following warning(s): QMGMT:0:Your job uses -spool but does not set 'transfer_output_files' nor 'output_destination' (transfer plugin). This is not recommended and will be soon disallowed. Please see https://batchdocs.web.cern.ch/concepts/dataflow.html#spool-submission for information and alternatives.
...
040 (11642948.086.000) 02/24 10:58:51 Started transferring input files
	Transferring to host: <188.185.213.11:9618?addrs=188.185.213.11-9618+[2001-1458-303-1a--100-7]-9618&alias=b9p27p9682.cern.ch&noUDP&sock=slot1_23_3442_f345_78573>
...
040 (11642948.086.000) 02/24 10:58:51 Finished transferring input files
...
001 (11642948.086.000) 02/24 10:58:52 Job executing on host: <188.185.213.11:9618?addrs=188.185.213.11-9618+[2001-1458-303-1a--100-7]-9618&alias=b9p27p9682.cern.ch&noUDP&sock=startd_3052_ff22>
	SlotName: slot1_23@b9p27p9682.cern.ch
	CondorScratchDir = "/pool/condor/dir_2996630"
	Cpus = 1
	Disk = 3623
	GPUs = 0
	Memory = 3000
...
006 (11642948.086.000) 02/24 10:59:01 Image size of job updated: 29140
	29  -  MemoryUsage of job (MB)
	29140  -  ResidentSetSize of job (KB)
...
006 (11642948.086.000) 02/24 11:00:30 Image size of job updated: 1035084
	1011  -  MemoryUsage of job (MB)
	1035084  -  ResidentSetSize of job (KB)
...
040 (11642948.086.000) 02/24 11:00:30 Started transferring output files
...
040 (11642948.086.000) 02/24 11:00:30 Finished transferring output files
...
005 (11642948.086.000) 02/24 11:00:30 Job terminated.
	(1) Normal termination (return value 0)
		Usr 0 00:00:28, Sys 0 00:00:09  -  Run Remote Usage
		Usr 0 00:00:00, Sys 0 00:00:00  -  Run Local Usage
		Usr 0 00:00:28, Sys 0 00:00:09  -  Total Remote Usage
		Usr 0 00:00:00, Sys 0 00:00:00  -  Total Local Usage
	6885  -  Run Bytes Sent By Job
	104  -  Run Bytes Received By Job
	6885  -  Total Bytes Sent By Job
	104  -  Total Bytes Received By Job
	Partitionable Resources :    Usage  Request Allocated 
	   Cpus                 :        0        1         1 
	   Disk (KB)            :       76        1      3623 
	   GPUs                 :                           0 
	   Memory (MB)          :     1011     3000      3000 

	Job terminated of its own accord at 2025-02-24T10:00:30Z with exit-code 0.
...
