000 (11642948.075.000) 02/24 10:46:44 Job submitted from host: <188.185.114.121:9618?addrs=188.185.114.121-9618+[2001-1458-d00-a--100-273]-9618&alias=bigbird19.cern.ch&noUDP&sock=schedd_2045_4743>
    WARNING: Committed job submission into the queue with the following warning(s): QMGMT:0:Your job uses -spool but does not set 'transfer_output_files' nor 'output_destination' (transfer plugin). This is not recommended and will be soon disallowed. Please see https://batchdocs.web.cern.ch/concepts/dataflow.html#spool-submission for information and alternatives.
...
040 (11642948.075.000) 02/24 11:00:17 Started transferring input files
	Transferring to host: <188.185.192.60:9618?addrs=188.185.192.60-9618+[2001-1458-303-1f--100-38]-9618&alias=b9p13p7661.cern.ch&noUDP&sock=slot1_31_3205266_9bde_9724>
...
040 (11642948.075.000) 02/24 11:00:17 Finished transferring input files
...
001 (11642948.075.000) 02/24 11:00:18 Job executing on host: <188.185.192.60:9618?addrs=188.185.192.60-9618+[2001-1458-303-1f--100-38]-9618&alias=b9p13p7661.cern.ch&noUDP&sock=startd_5786_4b10>
	SlotName: slot1_31@b9p13p7661.cern.ch
	CondorScratchDir = "/pool/condor/dir_2971987"
	Cpus = 1
	Disk = 3761
	GPUs = 0
	Memory = 3000
...
006 (11642948.075.000) 02/24 11:00:26 Image size of job updated: 24260
	24  -  MemoryUsage of job (MB)
	24260  -  ResidentSetSize of job (KB)
...
006 (11642948.075.000) 02/24 11:04:38 Image size of job updated: 1452572
	1419  -  MemoryUsage of job (MB)
	1452572  -  ResidentSetSize of job (KB)
...
040 (11642948.075.000) 02/24 11:04:38 Started transferring output files
...
040 (11642948.075.000) 02/24 11:04:38 Finished transferring output files
...
005 (11642948.075.000) 02/24 11:04:38 Job terminated.
	(1) Normal termination (return value 0)
		Usr 0 00:00:49, Sys 0 00:00:08  -  Run Remote Usage
		Usr 0 00:00:00, Sys 0 00:00:00  -  Run Local Usage
		Usr 0 00:00:49, Sys 0 00:00:08  -  Total Remote Usage
		Usr 0 00:00:00, Sys 0 00:00:00  -  Total Local Usage
	6810  -  Run Bytes Sent By Job
	104  -  Run Bytes Received By Job
	6810  -  Total Bytes Sent By Job
	104  -  Total Bytes Received By Job
	Partitionable Resources :    Usage  Request Allocated 
	   Cpus                 :        0        1         1 
	   Disk (KB)            :       76        1      3761 
	   GPUs                 :                           0 
	   Memory (MB)          :     1419     3000      3000 

	Job terminated of its own accord at 2025-02-24T10:04:38Z with exit-code 0.
...
