000 (11642948.079.000) 02/24 10:46:44 Job submitted from host: <188.185.114.121:9618?addrs=188.185.114.121-9618+[2001-1458-d00-a--100-273]-9618&alias=bigbird19.cern.ch&noUDP&sock=schedd_2045_4743>
    WARNING: Committed job submission into the queue with the following warning(s): QMGMT:0:Your job uses -spool but does not set 'transfer_output_files' nor 'output_destination' (transfer plugin). This is not recommended and will be soon disallowed. Please see https://batchdocs.web.cern.ch/concepts/dataflow.html#spool-submission for information and alternatives.
...
040 (11642948.079.000) 02/24 10:58:49 Started transferring input files
	Transferring to host: <188.185.207.161:9618?addrs=188.185.207.161-9618+[2001-1458-303-e--100-1e]-9618&alias=b9p08p3056.cern.ch&noUDP&sock=slot1_34_4382_43eb_97562>
...
040 (11642948.079.000) 02/24 10:58:49 Finished transferring input files
...
001 (11642948.079.000) 02/24 10:58:50 Job executing on host: <188.185.207.161:9618?addrs=188.185.207.161-9618+[2001-1458-303-e--100-1e]-9618&alias=b9p08p3056.cern.ch&noUDP&sock=startd_4031_825a>
	SlotName: slot1_34@b9p08p3056.cern.ch
	CondorScratchDir = "/pool/condor/dir_1310279"
	Cpus = 1
	Disk = 3463
	GPUs = 0
	Memory = 3000
...
006 (11642948.079.000) 02/24 10:58:59 Image size of job updated: 257204
	252  -  MemoryUsage of job (MB)
	257204  -  ResidentSetSize of job (KB)
...
006 (11642948.079.000) 02/24 11:04:00 Image size of job updated: 1530924
	1496  -  MemoryUsage of job (MB)
	1530924  -  ResidentSetSize of job (KB)
...
040 (11642948.079.000) 02/24 11:05:11 Started transferring output files
...
040 (11642948.079.000) 02/24 11:05:11 Finished transferring output files
...
005 (11642948.079.000) 02/24 11:05:11 Job terminated.
	(1) Normal termination (return value 0)
		Usr 0 00:00:27, Sys 0 00:00:08  -  Run Remote Usage
		Usr 0 00:00:00, Sys 0 00:00:00  -  Run Local Usage
		Usr 0 00:00:27, Sys 0 00:00:08  -  Total Remote Usage
		Usr 0 00:00:00, Sys 0 00:00:00  -  Total Local Usage
	6960  -  Run Bytes Sent By Job
	104  -  Run Bytes Received By Job
	6960  -  Total Bytes Sent By Job
	104  -  Total Bytes Received By Job
	Partitionable Resources :    Usage  Request Allocated 
	   Cpus                 :     0.10        1         1 
	   Disk (KB)            :    83           1      3463 
	   GPUs                 :                           0 
	   Memory (MB)          :  1496        3000      3000 

	Job terminated of its own accord at 2025-02-24T10:05:11Z with exit-code 0.
...
