000 (11642948.026.000) 02/24 10:46:44 Job submitted from host: <188.185.114.121:9618?addrs=188.185.114.121-9618+[2001-1458-d00-a--100-273]-9618&alias=bigbird19.cern.ch&noUDP&sock=schedd_2045_4743>
    WARNING: Committed job submission into the queue with the following warning(s): QMGMT:0:Your job uses -spool but does not set 'transfer_output_files' nor 'output_destination' (transfer plugin). This is not recommended and will be soon disallowed. Please see https://batchdocs.web.cern.ch/concepts/dataflow.html#spool-submission for information and alternatives.
...
040 (11642948.026.000) 02/24 10:58:38 Started transferring input files
	Transferring to host: <188.185.206.196:9618?addrs=188.185.206.196-9618+[2001-1458-303-c--100-41]-9618&alias=b9p06p3703.cern.ch&noUDP&sock=slot1_7_5976_61ec_210336>
...
001 (11642948.026.000) 02/24 10:58:44 Job executing on host: <188.185.206.196:9618?addrs=188.185.206.196-9618+[2001-1458-303-c--100-41]-9618&alias=b9p06p3703.cern.ch&noUDP&sock=startd_4945_6fea>
	SlotName: slot1_7@b9p06p3703.cern.ch
	CondorScratchDir = "/pool/condor/dir_3832698"
	Cpus = 1
	Disk = 2566374
	Memory = 3000
...
040 (11642948.026.000) 02/24 10:58:44 Finished transferring input files
...
006 (11642948.026.000) 02/24 10:58:52 Image size of job updated: 56808
	56  -  MemoryUsage of job (MB)
	56808  -  ResidentSetSize of job (KB)
...
006 (11642948.026.000) 02/24 11:02:32 Image size of job updated: 1627284
	983  -  MemoryUsage of job (MB)
	1006260  -  ResidentSetSize of job (KB)
...
040 (11642948.026.000) 02/24 11:02:32 Started transferring output files
...
040 (11642948.026.000) 02/24 11:02:32 Finished transferring output files
...
005 (11642948.026.000) 02/24 11:02:32 Job terminated.
	(1) Normal termination (return value 0)
		Usr 0 00:00:36, Sys 0 00:00:08  -  Run Remote Usage
		Usr 0 00:00:00, Sys 0 00:00:00  -  Run Local Usage
		Usr 0 00:00:36, Sys 0 00:00:08  -  Total Remote Usage
		Usr 0 00:00:00, Sys 0 00:00:00  -  Total Local Usage
	7176  -  Run Bytes Sent By Job
	104  -  Run Bytes Received By Job
	7176  -  Total Bytes Sent By Job
	104  -  Total Bytes Received By Job
	Partitionable Resources :    Usage  Request Allocated 
	   Cpus                 :        0        1         1 
	   Disk (KB)            :       78        1   2566374 
	   Memory (MB)          :      983     3000      3000 

	Job terminated of its own accord at 2025-02-24T10:02:32Z with exit-code 0.
...
