000 (11642948.011.000) 02/24 10:46:44 Job submitted from host: <188.185.114.121:9618?addrs=188.185.114.121-9618+[2001-1458-d00-a--100-273]-9618&alias=bigbird19.cern.ch&noUDP&sock=schedd_2045_4743>
    WARNING: Committed job submission into the queue with the following warning(s): QMGMT:0:Your job uses -spool but does not set 'transfer_output_files' nor 'output_destination' (transfer plugin). This is not recommended and will be soon disallowed. Please see https://batchdocs.web.cern.ch/concepts/dataflow.html#spool-submission for information and alternatives.
...
040 (11642948.011.000) 02/24 11:00:11 Started transferring input files
	Transferring to host: <188.185.196.44:9618?addrs=188.185.196.44-9618+[2001-1458-303-23--100-28]-9618&alias=b9p16p6930.cern.ch&noUDP&sock=slot1_6_10405_0380_4097>
...
040 (11642948.011.000) 02/24 11:00:11 Finished transferring input files
...
001 (11642948.011.000) 02/24 11:00:12 Job executing on host: <188.185.196.44:9618?addrs=188.185.196.44-9618+[2001-1458-303-23--100-28]-9618&alias=b9p16p6930.cern.ch&noUDP&sock=startd_9838_a0d0>
	SlotName: slot1_6@b9p16p6930.cern.ch
	CondorScratchDir = "/pool/condor/dir_2480518"
	Cpus = 1
	Disk = 2906723
	Memory = 3000
...
006 (11642948.011.000) 02/24 11:00:20 Image size of job updated: 28868
	28  -  MemoryUsage of job (MB)
	28480  -  ResidentSetSize of job (KB)
...
006 (11642948.011.000) 02/24 11:04:33 Image size of job updated: 2560040
	1901  -  MemoryUsage of job (MB)
	1946356  -  ResidentSetSize of job (KB)
...
040 (11642948.011.000) 02/24 11:04:33 Started transferring output files
...
040 (11642948.011.000) 02/24 11:04:33 Finished transferring output files
...
005 (11642948.011.000) 02/24 11:04:33 Job terminated.
	(1) Normal termination (return value 0)
		Usr 0 00:00:53, Sys 0 00:00:08  -  Run Remote Usage
		Usr 0 00:00:00, Sys 0 00:00:00  -  Run Local Usage
		Usr 0 00:00:53, Sys 0 00:00:08  -  Total Remote Usage
		Usr 0 00:00:00, Sys 0 00:00:00  -  Total Local Usage
	6902  -  Run Bytes Sent By Job
	104  -  Run Bytes Received By Job
	6902  -  Total Bytes Sent By Job
	104  -  Total Bytes Received By Job
	Partitionable Resources :    Usage  Request Allocated 
	   Cpus                 :        0        1         1 
	   Disk (KB)            :       75        1   2906723 
	   Memory (MB)          :     1901     3000      3000 

	Job terminated of its own accord at 2025-02-24T10:04:33Z with exit-code 0.
...
