000 (11642948.017.000) 02/24 10:46:44 Job submitted from host: <188.185.114.121:9618?addrs=188.185.114.121-9618+[2001-1458-d00-a--100-273]-9618&alias=bigbird19.cern.ch&noUDP&sock=schedd_2045_4743>
    WARNING: Committed job submission into the queue with the following warning(s): QMGMT:0:Your job uses -spool but does not set 'transfer_output_files' nor 'output_destination' (transfer plugin). This is not recommended and will be soon disallowed. Please see https://batchdocs.web.cern.ch/concepts/dataflow.html#spool-submission for information and alternatives.
...
040 (11642948.017.000) 02/24 10:58:33 Started transferring input files
	Transferring to host: <188.185.214.65:9618?addrs=188.185.214.65-9618+[2001-1458-303-1c--100-3d]-9618&alias=b9p29p0733.cern.ch&noUDP&sock=slot1_20_4001776_f5a4_86264>
...
001 (11642948.017.000) 02/24 10:58:38 Job executing on host: <188.185.214.65:9618?addrs=188.185.214.65-9618+[2001-1458-303-1c--100-3d]-9618&alias=b9p29p0733.cern.ch&noUDP&sock=startd_4806_1840>
	SlotName: slot1_20@b9p29p0733.cern.ch
	CondorScratchDir = "/pool/condor/dir_3109254"
	Cpus = 1
	Disk = 3673
	GPUs = 0
	Memory = 3000
...
040 (11642948.017.000) 02/24 10:58:38 Finished transferring input files
...
006 (11642948.017.000) 02/24 10:58:47 Image size of job updated: 30552
	30  -  MemoryUsage of job (MB)
	30552  -  ResidentSetSize of job (KB)
...
006 (11642948.017.000) 02/24 11:03:47 Image size of job updated: 2093680
	2045  -  MemoryUsage of job (MB)
	2093680  -  ResidentSetSize of job (KB)
...
040 (11642948.017.000) 02/24 11:05:22 Started transferring output files
...
040 (11642948.017.000) 02/24 11:05:22 Finished transferring output files
...
005 (11642948.017.000) 02/24 11:05:22 Job terminated.
	(1) Normal termination (return value 0)
		Usr 0 00:00:33, Sys 0 00:00:11  -  Run Remote Usage
		Usr 0 00:00:00, Sys 0 00:00:00  -  Run Local Usage
		Usr 0 00:00:33, Sys 0 00:00:11  -  Total Remote Usage
		Usr 0 00:00:00, Sys 0 00:00:00  -  Total Local Usage
	6898  -  Run Bytes Sent By Job
	104  -  Run Bytes Received By Job
	6898  -  Total Bytes Sent By Job
	104  -  Total Bytes Received By Job
	Partitionable Resources :    Usage  Request Allocated 
	   Cpus                 :     0.02        1         1 
	   Disk (KB)            :    76           1      3673 
	   GPUs                 :                           0 
	   Memory (MB)          :  2045        3000      3000 

	Job terminated of its own accord at 2025-02-24T10:05:22Z with exit-code 0.
...
