000 (11642948.152.000) 02/24 10:46:44 Job submitted from host: <188.185.114.121:9618?addrs=188.185.114.121-9618+[2001-1458-d00-a--100-273]-9618&alias=bigbird19.cern.ch&noUDP&sock=schedd_2045_4743>
    WARNING: Committed job submission into the queue with the following warning(s): QMGMT:0:Your job uses -spool but does not set 'transfer_output_files' nor 'output_destination' (transfer plugin). This is not recommended and will be soon disallowed. Please see https://batchdocs.web.cern.ch/concepts/dataflow.html#spool-submission for information and alternatives.
...
040 (11642948.152.000) 02/24 10:59:06 Started transferring input files
	Transferring to host: <188.185.206.143:9618?addrs=188.185.206.143-9618+[2001-1458-303-c--100-c]-9618&alias=b9p06p8627.cern.ch&noUDP&sock=slot1_13_3784_eb93_98377>
...
040 (11642948.152.000) 02/24 10:59:06 Finished transferring input files
...
001 (11642948.152.000) 02/24 10:59:08 Job executing on host: <188.185.206.143:9618?addrs=188.185.206.143-9618+[2001-1458-303-c--100-c]-9618&alias=b9p06p8627.cern.ch&noUDP&sock=startd_3320_d284>
	SlotName: slot1_13@b9p06p8627.cern.ch
	CondorScratchDir = "/pool/condor/dir_1258023"
	Cpus = 1
	Disk = 3555
	GPUs = 0
	Memory = 3000
...
006 (11642948.152.000) 02/24 10:59:16 Image size of job updated: 29460
	29  -  MemoryUsage of job (MB)
	29460  -  ResidentSetSize of job (KB)
...
006 (11642948.152.000) 02/24 11:00:13 Image size of job updated: 1603760
	1567  -  MemoryUsage of job (MB)
	1603760  -  ResidentSetSize of job (KB)
...
040 (11642948.152.000) 02/24 11:00:14 Started transferring output files
...
040 (11642948.152.000) 02/24 11:00:14 Finished transferring output files
...
005 (11642948.152.000) 02/24 11:00:14 Job terminated.
	(1) Normal termination (return value 0)
		Usr 0 00:00:18, Sys 0 00:00:08  -  Run Remote Usage
		Usr 0 00:00:00, Sys 0 00:00:00  -  Run Local Usage
		Usr 0 00:00:18, Sys 0 00:00:08  -  Total Remote Usage
		Usr 0 00:00:00, Sys 0 00:00:00  -  Total Local Usage
	11334  -  Run Bytes Sent By Job
	104  -  Run Bytes Received By Job
	11334  -  Total Bytes Sent By Job
	104  -  Total Bytes Received By Job
	Partitionable Resources :    Usage  Request Allocated 
	   Cpus                 :        0        1         1 
	   Disk (KB)            :       83        1      3555 
	   GPUs                 :                           0 
	   Memory (MB)          :     1567     3000      3000 

	Job terminated of its own accord at 2025-02-24T10:00:13Z with exit-code 0.
...
