000 (11642948.125.000) 02/24 10:46:44 Job submitted from host: <188.185.114.121:9618?addrs=188.185.114.121-9618+[2001-1458-d00-a--100-273]-9618&alias=bigbird19.cern.ch&noUDP&sock=schedd_2045_4743>
    WARNING: Committed job submission into the queue with the following warning(s): QMGMT:0:Your job uses -spool but does not set 'transfer_output_files' nor 'output_destination' (transfer plugin). This is not recommended and will be soon disallowed. Please see https://batchdocs.web.cern.ch/concepts/dataflow.html#spool-submission for information and alternatives.
...
040 (11642948.125.000) 02/24 11:00:22 Started transferring input files
	Transferring to host: <188.185.193.65:9618?addrs=188.185.193.65-9618+[2001-1458-303-20--100-3d]-9618&alias=b9p19p9149.cern.ch&noUDP&sock=slot1_35_3034987_a632_4477>
...
040 (11642948.125.000) 02/24 11:00:22 Finished transferring input files
...
001 (11642948.125.000) 02/24 11:00:23 Job executing on host: <188.185.193.65:9618?addrs=188.185.193.65-9618+[2001-1458-303-20--100-3d]-9618&alias=b9p19p9149.cern.ch&noUDP&sock=startd_7489_68d9>
	SlotName: slot1_35@b9p19p9149.cern.ch
	CondorScratchDir = "/pool/condor/dir_3267494"
	Cpus = 1
	Disk = 3711
	GPUs = 0
	Memory = 3000
...
006 (11642948.125.000) 02/24 11:00:31 Image size of job updated: 25516
	25  -  MemoryUsage of job (MB)
	25516  -  ResidentSetSize of job (KB)
...
006 (11642948.125.000) 02/24 11:05:07 Image size of job updated: 1812428
	1770  -  MemoryUsage of job (MB)
	1812428  -  ResidentSetSize of job (KB)
...
040 (11642948.125.000) 02/24 11:05:07 Started transferring output files
...
040 (11642948.125.000) 02/24 11:05:07 Finished transferring output files
...
005 (11642948.125.000) 02/24 11:05:07 Job terminated.
	(1) Normal termination (return value 0)
		Usr 0 00:00:59, Sys 0 00:00:10  -  Run Remote Usage
		Usr 0 00:00:00, Sys 0 00:00:00  -  Run Local Usage
		Usr 0 00:00:59, Sys 0 00:00:10  -  Total Remote Usage
		Usr 0 00:00:00, Sys 0 00:00:00  -  Total Local Usage
	10231  -  Run Bytes Sent By Job
	104  -  Run Bytes Received By Job
	10231  -  Total Bytes Sent By Job
	104  -  Total Bytes Received By Job
	Partitionable Resources :    Usage  Request Allocated 
	   Cpus                 :     0.59        1         1 
	   Disk (KB)            :    79           1      3711 
	   GPUs                 :                           0 
	   Memory (MB)          :  1770        3000      3000 

	Job terminated of its own accord at 2025-02-24T10:05:07Z with exit-code 0.
...
