000 (11642948.118.000) 02/24 10:46:44 Job submitted from host: <188.185.114.121:9618?addrs=188.185.114.121-9618+[2001-1458-d00-a--100-273]-9618&alias=bigbird19.cern.ch&noUDP&sock=schedd_2045_4743>
    WARNING: Committed job submission into the queue with the following warning(s): QMGMT:0:Your job uses -spool but does not set 'transfer_output_files' nor 'output_destination' (transfer plugin). This is not recommended and will be soon disallowed. Please see https://batchdocs.web.cern.ch/concepts/dataflow.html#spool-submission for information and alternatives.
...
040 (11642948.118.000) 02/24 10:58:59 Started transferring input files
	Transferring to host: <188.185.214.59:9618?addrs=188.185.214.59-9618+[2001-1458-303-1c--100-37]-9618&alias=b9p29p6057.cern.ch&noUDP&sock=slot1_32_6772_3c8c_82682>
...
040 (11642948.118.000) 02/24 10:58:59 Finished transferring input files
...
001 (11642948.118.000) 02/24 10:59:00 Job executing on host: <188.185.214.59:9618?addrs=188.185.214.59-9618+[2001-1458-303-1c--100-37]-9618&alias=b9p29p6057.cern.ch&noUDP&sock=startd_5693_80c1>
	SlotName: slot1_32@b9p29p6057.cern.ch
	CondorScratchDir = "/pool/condor/dir_4048349"
	Cpus = 1
	Disk = 3674
	GPUs = 0
	Memory = 3000
...
006 (11642948.118.000) 02/24 10:59:09 Image size of job updated: 38936
	39  -  MemoryUsage of job (MB)
	38936  -  ResidentSetSize of job (KB)
...
006 (11642948.118.000) 02/24 11:03:52 Image size of job updated: 632304
	618  -  MemoryUsage of job (MB)
	632304  -  ResidentSetSize of job (KB)
...
040 (11642948.118.000) 02/24 11:03:52 Started transferring output files
...
040 (11642948.118.000) 02/24 11:03:52 Finished transferring output files
...
005 (11642948.118.000) 02/24 11:03:52 Job terminated.
	(1) Normal termination (return value 0)
		Usr 0 00:00:32, Sys 0 00:00:09  -  Run Remote Usage
		Usr 0 00:00:00, Sys 0 00:00:00  -  Run Local Usage
		Usr 0 00:00:32, Sys 0 00:00:09  -  Total Remote Usage
		Usr 0 00:00:00, Sys 0 00:00:00  -  Total Local Usage
	14162  -  Run Bytes Sent By Job
	104  -  Run Bytes Received By Job
	14162  -  Total Bytes Sent By Job
	104  -  Total Bytes Received By Job
	Partitionable Resources :    Usage  Request Allocated 
	   Cpus                 :     0.09        1         1 
	   Disk (KB)            :    83           1      3674 
	   GPUs                 :                           0 
	   Memory (MB)          :   618        3000      3000 

	Job terminated of its own accord at 2025-02-24T10:03:52Z with exit-code 0.
...
