000 (11642948.084.000) 02/24 10:46:44 Job submitted from host: <188.185.114.121:9618?addrs=188.185.114.121-9618+[2001-1458-d00-a--100-273]-9618&alias=bigbird19.cern.ch&noUDP&sock=schedd_2045_4743>
    WARNING: Committed job submission into the queue with the following warning(s): QMGMT:0:Your job uses -spool but does not set 'transfer_output_files' nor 'output_destination' (transfer plugin). This is not recommended and will be soon disallowed. Please see https://batchdocs.web.cern.ch/concepts/dataflow.html#spool-submission for information and alternatives.
...
040 (11642948.084.000) 02/24 10:58:51 Started transferring input files
	Transferring to host: <188.185.206.193:9618?addrs=188.185.206.193-9618+[2001-1458-303-c--100-3e]-9618&alias=b9p06p4695.cern.ch&noUDP&sock=slot1_15_4274_2b67_97456>
...
040 (11642948.084.000) 02/24 10:58:51 Finished transferring input files
...
001 (11642948.084.000) 02/24 10:58:52 Job executing on host: <188.185.206.193:9618?addrs=188.185.206.193-9618+[2001-1458-303-c--100-3e]-9618&alias=b9p06p4695.cern.ch&noUDP&sock=startd_4029_2329>
	SlotName: slot1_15@b9p06p4695.cern.ch
	CondorScratchDir = "/pool/condor/dir_1669938"
	Cpus = 1
	Disk = 3749
	GPUs = 0
	Memory = 3000
...
006 (11642948.084.000) 02/24 10:59:01 Image size of job updated: 226172
	221  -  MemoryUsage of job (MB)
	226172  -  ResidentSetSize of job (KB)
...
006 (11642948.084.000) 02/24 11:04:02 Image size of job updated: 2155908
	2106  -  MemoryUsage of job (MB)
	2155908  -  ResidentSetSize of job (KB)
...
040 (11642948.084.000) 02/24 11:05:36 Started transferring output files
...
040 (11642948.084.000) 02/24 11:05:36 Finished transferring output files
...
005 (11642948.084.000) 02/24 11:05:36 Job terminated.
	(1) Normal termination (return value 0)
		Usr 0 00:00:37, Sys 0 00:00:09  -  Run Remote Usage
		Usr 0 00:00:00, Sys 0 00:00:00  -  Run Local Usage
		Usr 0 00:00:37, Sys 0 00:00:09  -  Total Remote Usage
		Usr 0 00:00:00, Sys 0 00:00:00  -  Total Local Usage
	7096  -  Run Bytes Sent By Job
	104  -  Run Bytes Received By Job
	7096  -  Total Bytes Sent By Job
	104  -  Total Bytes Received By Job
	Partitionable Resources :    Usage  Request Allocated 
	   Cpus                 :        0        1         1 
	   Disk (KB)            :       83        1      3749 
	   GPUs                 :                           0 
	   Memory (MB)          :     2106     3000      3000 

	Job terminated of its own accord at 2025-02-24T10:05:36Z with exit-code 0.
...
