000 (11642948.108.000) 02/24 10:46:44 Job submitted from host: <188.185.114.121:9618?addrs=188.185.114.121-9618+[2001-1458-d00-a--100-273]-9618&alias=bigbird19.cern.ch&noUDP&sock=schedd_2045_4743>
    WARNING: Committed job submission into the queue with the following warning(s): QMGMT:0:Your job uses -spool but does not set 'transfer_output_files' nor 'output_destination' (transfer plugin). This is not recommended and will be soon disallowed. Please see https://batchdocs.web.cern.ch/concepts/dataflow.html#spool-submission for information and alternatives.
...
040 (11642948.108.000) 02/24 10:58:56 Started transferring input files
	Transferring to host: <188.185.194.37:9618?addrs=188.185.194.37-9618+[2001-1458-303-21--100-21]-9618&alias=b9p20p9239.cern.ch&noUDP&sock=slot1_1_3808634_f2b6_5104>
...
040 (11642948.108.000) 02/24 10:58:56 Finished transferring input files
...
001 (11642948.108.000) 02/24 10:58:57 Job executing on host: <188.185.194.37:9618?addrs=188.185.194.37-9618+[2001-1458-303-21--100-21]-9618&alias=b9p20p9239.cern.ch&noUDP&sock=startd_5486_84a6>
	SlotName: slot1_1@b9p20p9239.cern.ch
	CondorScratchDir = "/pool/condor/dir_930734"
	Cpus = 1
	Disk = 3801
	GPUs = 0
	Memory = 3000
...
006 (11642948.108.000) 02/24 10:59:06 Image size of job updated: 2744
	3  -  MemoryUsage of job (MB)
	2744  -  ResidentSetSize of job (KB)
...
006 (11642948.108.000) 02/24 11:04:07 Image size of job updated: 2506716
	2448  -  MemoryUsage of job (MB)
	2506716  -  ResidentSetSize of job (KB)
...
040 (11642948.108.000) 02/24 11:05:35 Started transferring output files
...
040 (11642948.108.000) 02/24 11:05:35 Finished transferring output files
...
005 (11642948.108.000) 02/24 11:05:35 Job terminated.
	(1) Normal termination (return value 0)
		Usr 0 00:00:47, Sys 0 00:00:07  -  Run Remote Usage
		Usr 0 00:00:00, Sys 0 00:00:00  -  Run Local Usage
		Usr 0 00:00:47, Sys 0 00:00:07  -  Total Remote Usage
		Usr 0 00:00:00, Sys 0 00:00:00  -  Total Local Usage
	17676  -  Run Bytes Sent By Job
	104  -  Run Bytes Received By Job
	17676  -  Total Bytes Sent By Job
	104  -  Total Bytes Received By Job
	Partitionable Resources :    Usage  Request Allocated 
	   Cpus                 :        0        1         1 
	   Disk (KB)            :       92        1      3801 
	   GPUs                 :                           0 
	   Memory (MB)          :     2448     3000      3000 

	Job terminated of its own accord at 2025-02-24T10:05:35Z with exit-code 0.
...
