000 (11642948.148.000) 02/24 10:46:44 Job submitted from host: <188.185.114.121:9618?addrs=188.185.114.121-9618+[2001-1458-d00-a--100-273]-9618&alias=bigbird19.cern.ch&noUDP&sock=schedd_2045_4743>
    WARNING: Committed job submission into the queue with the following warning(s): QMGMT:0:Your job uses -spool but does not set 'transfer_output_files' nor 'output_destination' (transfer plugin). This is not recommended and will be soon disallowed. Please see https://batchdocs.web.cern.ch/concepts/dataflow.html#spool-submission for information and alternatives.
...
040 (11642948.148.000) 02/24 10:59:05 Started transferring input files
	Transferring to host: <188.185.214.141:9618?addrs=188.185.214.141-9618+[2001-1458-303-1d--100-9]-9618&alias=b9p30p0608.cern.ch&noUDP&sock=slot1_6_3976_339b_82660>
...
040 (11642948.148.000) 02/24 10:59:05 Finished transferring input files
...
001 (11642948.148.000) 02/24 10:59:06 Job executing on host: <188.185.214.141:9618?addrs=188.185.214.141-9618+[2001-1458-303-1d--100-9]-9618&alias=b9p30p0608.cern.ch&noUDP&sock=startd_3263_b99e>
	SlotName: slot1_6@b9p30p0608.cern.ch
	CondorScratchDir = "/pool/condor/dir_2205541"
	Cpus = 1
	Disk = 3756
	GPUs = 0
	Memory = 3000
...
006 (11642948.148.000) 02/24 10:59:15 Image size of job updated: 27712
	28  -  MemoryUsage of job (MB)
	27712  -  ResidentSetSize of job (KB)
...
006 (11642948.148.000) 02/24 11:03:09 Image size of job updated: 1513884
	1479  -  MemoryUsage of job (MB)
	1513884  -  ResidentSetSize of job (KB)
...
040 (11642948.148.000) 02/24 11:03:10 Started transferring output files
...
040 (11642948.148.000) 02/24 11:03:10 Finished transferring output files
...
005 (11642948.148.000) 02/24 11:03:10 Job terminated.
	(1) Normal termination (return value 0)
		Usr 0 00:00:31, Sys 0 00:00:09  -  Run Remote Usage
		Usr 0 00:00:00, Sys 0 00:00:00  -  Run Local Usage
		Usr 0 00:00:31, Sys 0 00:00:09  -  Total Remote Usage
		Usr 0 00:00:00, Sys 0 00:00:00  -  Total Local Usage
	9733  -  Run Bytes Sent By Job
	104  -  Run Bytes Received By Job
	9733  -  Total Bytes Sent By Job
	104  -  Total Bytes Received By Job
	Partitionable Resources :    Usage  Request Allocated 
	   Cpus                 :        0        1         1 
	   Disk (KB)            :       79        1      3756 
	   GPUs                 :                           0 
	   Memory (MB)          :     1479     3000      3000 

	Job terminated of its own accord at 2025-02-24T10:03:09Z with exit-code 0.
...
