000 (11642948.156.000) 02/24 10:46:44 Job submitted from host: <188.185.114.121:9618?addrs=188.185.114.121-9618+[2001-1458-d00-a--100-273]-9618&alias=bigbird19.cern.ch&noUDP&sock=schedd_2045_4743>
    WARNING: Committed job submission into the queue with the following warning(s): QMGMT:0:Your job uses -spool but does not set 'transfer_output_files' nor 'output_destination' (transfer plugin). This is not recommended and will be soon disallowed. Please see https://batchdocs.web.cern.ch/concepts/dataflow.html#spool-submission for information and alternatives.
...
040 (11642948.156.000) 02/24 10:59:07 Started transferring input files
	Transferring to host: <188.185.213.157:9618?addrs=188.185.213.157-9618+[2001-1458-303-1b--100-19]-9618&alias=b9p28p0960.cern.ch&noUDP&sock=slot1_15_3790982_8468_94735>
...
040 (11642948.156.000) 02/24 10:59:07 Finished transferring input files
...
001 (11642948.156.000) 02/24 10:59:08 Job executing on host: <188.185.213.157:9618?addrs=188.185.213.157-9618+[2001-1458-303-1b--100-19]-9618&alias=b9p28p0960.cern.ch&noUDP&sock=startd_5814_7fb7>
	SlotName: slot1_15@b9p28p0960.cern.ch
	CondorScratchDir = "/pool/condor/dir_3270292"
	Cpus = 1
	Disk = 3798
	GPUs = 0
	Memory = 3000
...
006 (11642948.156.000) 02/24 10:59:17 Image size of job updated: 32448
	32  -  MemoryUsage of job (MB)
	32448  -  ResidentSetSize of job (KB)
...
006 (11642948.156.000) 02/24 11:00:28 Image size of job updated: 1248320
	1220  -  MemoryUsage of job (MB)
	1248320  -  ResidentSetSize of job (KB)
...
040 (11642948.156.000) 02/24 11:00:28 Started transferring output files
...
040 (11642948.156.000) 02/24 11:00:28 Finished transferring output files
...
005 (11642948.156.000) 02/24 11:00:28 Job terminated.
	(1) Normal termination (return value 0)
		Usr 0 00:00:20, Sys 0 00:00:09  -  Run Remote Usage
		Usr 0 00:00:00, Sys 0 00:00:00  -  Run Local Usage
		Usr 0 00:00:20, Sys 0 00:00:09  -  Total Remote Usage
		Usr 0 00:00:00, Sys 0 00:00:00  -  Total Local Usage
	11756  -  Run Bytes Sent By Job
	104  -  Run Bytes Received By Job
	11756  -  Total Bytes Sent By Job
	104  -  Total Bytes Received By Job
	Partitionable Resources :    Usage  Request Allocated 
	   Cpus                 :        0        1         1 
	   Disk (KB)            :       80        1      3798 
	   GPUs                 :                           0 
	   Memory (MB)          :     1220     3000      3000 

	Job terminated of its own accord at 2025-02-24T10:00:28Z with exit-code 0.
...
