000 (11642948.122.000) 02/24 10:46:44 Job submitted from host: <188.185.114.121:9618?addrs=188.185.114.121-9618+[2001-1458-d00-a--100-273]-9618&alias=bigbird19.cern.ch&noUDP&sock=schedd_2045_4743>
    WARNING: Committed job submission into the queue with the following warning(s): QMGMT:0:Your job uses -spool but does not set 'transfer_output_files' nor 'output_destination' (transfer plugin). This is not recommended and will be soon disallowed. Please see https://batchdocs.web.cern.ch/concepts/dataflow.html#spool-submission for information and alternatives.
...
040 (11642948.122.000) 02/24 10:58:59 Started transferring input files
	Transferring to host: <188.185.193.41:9618?addrs=188.185.193.41-9618+[2001-1458-303-20--100-25]-9618&alias=b9p19p1776.cern.ch&noUDP&sock=slot1_7_536348_6fab_6071>
...
040 (11642948.122.000) 02/24 10:58:59 Finished transferring input files
...
001 (11642948.122.000) 02/24 10:59:00 Job executing on host: <188.185.193.41:9618?addrs=188.185.193.41-9618+[2001-1458-303-20--100-25]-9618&alias=b9p19p1776.cern.ch&noUDP&sock=startd_7446_ea46>
	SlotName: slot1_7@b9p19p1776.cern.ch
	CondorScratchDir = "/pool/condor/dir_24077"
	Cpus = 1
	Disk = 3737
	GPUs = 0
	Memory = 3000
...
006 (11642948.122.000) 02/24 10:59:09 Image size of job updated: 30288
	30  -  MemoryUsage of job (MB)
	30288  -  ResidentSetSize of job (KB)
...
006 (11642948.122.000) 02/24 11:03:38 Image size of job updated: 1546832
	1511  -  MemoryUsage of job (MB)
	1546832  -  ResidentSetSize of job (KB)
...
040 (11642948.122.000) 02/24 11:03:38 Started transferring output files
...
040 (11642948.122.000) 02/24 11:03:38 Finished transferring output files
...
005 (11642948.122.000) 02/24 11:03:38 Job terminated.
	(1) Normal termination (return value 0)
		Usr 0 00:00:43, Sys 0 00:00:07  -  Run Remote Usage
		Usr 0 00:00:00, Sys 0 00:00:00  -  Run Local Usage
		Usr 0 00:00:43, Sys 0 00:00:07  -  Total Remote Usage
		Usr 0 00:00:00, Sys 0 00:00:00  -  Total Local Usage
	10163  -  Run Bytes Sent By Job
	104  -  Run Bytes Received By Job
	10163  -  Total Bytes Sent By Job
	104  -  Total Bytes Received By Job
	Partitionable Resources :    Usage  Request Allocated 
	   Cpus                 :        0        1         1 
	   Disk (KB)            :       79        1      3737 
	   GPUs                 :                           0 
	   Memory (MB)          :     1511     3000      3000 

	Job terminated of its own accord at 2025-02-24T10:03:38Z with exit-code 0.
...
