000 (11642948.080.000) 02/24 10:46:44 Job submitted from host: <188.185.114.121:9618?addrs=188.185.114.121-9618+[2001-1458-d00-a--100-273]-9618&alias=bigbird19.cern.ch&noUDP&sock=schedd_2045_4743>
    WARNING: Committed job submission into the queue with the following warning(s): QMGMT:0:Your job uses -spool but does not set 'transfer_output_files' nor 'output_destination' (transfer plugin). This is not recommended and will be soon disallowed. Please see https://batchdocs.web.cern.ch/concepts/dataflow.html#spool-submission for information and alternatives.
...
040 (11642948.080.000) 02/24 10:58:50 Started transferring input files
	Transferring to host: <188.185.215.65:9618?addrs=188.185.215.65-9618+[2001-1458-303-1e--100-3d]-9618&alias=b9p31p5914.cern.ch&noUDP&sock=slot1_7_3661_416e_81679>
...
040 (11642948.080.000) 02/24 10:58:50 Finished transferring input files
...
001 (11642948.080.000) 02/24 10:58:51 Job executing on host: <188.185.215.65:9618?addrs=188.185.215.65-9618+[2001-1458-303-1e--100-3d]-9618&alias=b9p31p5914.cern.ch&noUDP&sock=startd_2940_2c87>
	SlotName: slot1_7@b9p31p5914.cern.ch
	CondorScratchDir = "/pool/condor/dir_2489665"
	Cpus = 1
	Disk = 3823
	GPUs = 0
	Memory = 3000
...
006 (11642948.080.000) 02/24 10:59:00 Image size of job updated: 21852
	22  -  MemoryUsage of job (MB)
	21852  -  ResidentSetSize of job (KB)
...
006 (11642948.080.000) 02/24 11:02:57 Image size of job updated: 969044
	947  -  MemoryUsage of job (MB)
	969044  -  ResidentSetSize of job (KB)
...
040 (11642948.080.000) 02/24 11:02:57 Started transferring output files
...
040 (11642948.080.000) 02/24 11:02:57 Finished transferring output files
...
005 (11642948.080.000) 02/24 11:02:57 Job terminated.
	(1) Normal termination (return value 0)
		Usr 0 00:00:34, Sys 0 00:00:09  -  Run Remote Usage
		Usr 0 00:00:00, Sys 0 00:00:00  -  Run Local Usage
		Usr 0 00:00:34, Sys 0 00:00:09  -  Total Remote Usage
		Usr 0 00:00:00, Sys 0 00:00:00  -  Total Local Usage
	6886  -  Run Bytes Sent By Job
	104  -  Run Bytes Received By Job
	6886  -  Total Bytes Sent By Job
	104  -  Total Bytes Received By Job
	Partitionable Resources :    Usage  Request Allocated 
	   Cpus                 :        0        1         1 
	   Disk (KB)            :       76        1      3823 
	   GPUs                 :                           0 
	   Memory (MB)          :      947     3000      3000 

	Job terminated of its own accord at 2025-02-24T10:02:57Z with exit-code 0.
...
