000 (11642948.077.000) 02/24 10:46:44 Job submitted from host: <188.185.114.121:9618?addrs=188.185.114.121-9618+[2001-1458-d00-a--100-273]-9618&alias=bigbird19.cern.ch&noUDP&sock=schedd_2045_4743>
    WARNING: Committed job submission into the queue with the following warning(s): QMGMT:0:Your job uses -spool but does not set 'transfer_output_files' nor 'output_destination' (transfer plugin). This is not recommended and will be soon disallowed. Please see https://batchdocs.web.cern.ch/concepts/dataflow.html#spool-submission for information and alternatives.
...
040 (11642948.077.000) 02/24 10:58:49 Started transferring input files
	Transferring to host: <188.185.198.88:9618?addrs=188.185.198.88-9618+[2001-1458-303-25--100-54]-9618&alias=b9p15p5046.cern.ch&noUDP&sock=slot1_25_4009796_c66a_16890>
...
040 (11642948.077.000) 02/24 10:58:49 Finished transferring input files
...
001 (11642948.077.000) 02/24 10:58:50 Job executing on host: <188.185.198.88:9618?addrs=188.185.198.88-9618+[2001-1458-303-25--100-54]-9618&alias=b9p15p5046.cern.ch&noUDP&sock=startd_7525_1a42>
	SlotName: slot1_25@b9p15p5046.cern.ch
	CondorScratchDir = "/pool/condor/dir_3588144"
	Cpus = 1
	Disk = 3799
	GPUs = 0
	Memory = 3000
...
006 (11642948.077.000) 02/24 10:58:58 Image size of job updated: 26088
	26  -  MemoryUsage of job (MB)
	26088  -  ResidentSetSize of job (KB)
...
006 (11642948.077.000) 02/24 11:02:49 Image size of job updated: 1232544
	1204  -  MemoryUsage of job (MB)
	1232544  -  ResidentSetSize of job (KB)
...
040 (11642948.077.000) 02/24 11:02:49 Started transferring output files
...
040 (11642948.077.000) 02/24 11:02:49 Finished transferring output files
...
005 (11642948.077.000) 02/24 11:02:49 Job terminated.
	(1) Normal termination (return value 0)
		Usr 0 00:00:40, Sys 0 00:00:07  -  Run Remote Usage
		Usr 0 00:00:00, Sys 0 00:00:00  -  Run Local Usage
		Usr 0 00:00:40, Sys 0 00:00:07  -  Total Remote Usage
		Usr 0 00:00:00, Sys 0 00:00:00  -  Total Local Usage
	6955  -  Run Bytes Sent By Job
	104  -  Run Bytes Received By Job
	6955  -  Total Bytes Sent By Job
	104  -  Total Bytes Received By Job
	Partitionable Resources :    Usage  Request Allocated 
	   Cpus                 :     0.55        1         1 
	   Disk (KB)            :    76           1      3799 
	   GPUs                 :                           0 
	   Memory (MB)          :  1204        3000      3000 

	Job terminated of its own accord at 2025-02-24T10:02:49Z with exit-code 0.
...
