000 (11642948.094.000) 02/24 10:46:44 Job submitted from host: <188.185.114.121:9618?addrs=188.185.114.121-9618+[2001-1458-d00-a--100-273]-9618&alias=bigbird19.cern.ch&noUDP&sock=schedd_2045_4743>
    WARNING: Committed job submission into the queue with the following warning(s): QMGMT:0:Your job uses -spool but does not set 'transfer_output_files' nor 'output_destination' (transfer plugin). This is not recommended and will be soon disallowed. Please see https://batchdocs.web.cern.ch/concepts/dataflow.html#spool-submission for information and alternatives.
...
040 (11642948.094.000) 02/24 10:58:53 Started transferring input files
	Transferring to host: <188.185.196.161:9618?addrs=188.185.196.161-9618+[2001-1458-303-23--100-9d]-9618&alias=b9p16p2782.cern.ch&noUDP&sock=slot1_17_570685_f580_84183>
...
040 (11642948.094.000) 02/24 10:58:53 Finished transferring input files
...
001 (11642948.094.000) 02/24 10:58:54 Job executing on host: <188.185.196.161:9618?addrs=188.185.196.161-9618+[2001-1458-303-23--100-9d]-9618&alias=b9p16p2782.cern.ch&noUDP&sock=startd_7414_f73f>
	SlotName: slot1_17@b9p16p2782.cern.ch
	CondorScratchDir = "/pool/condor/dir_2534315"
	Cpus = 1
	Disk = 3924
	GPUs = 0
	Memory = 3000
...
006 (11642948.094.000) 02/24 10:59:03 Image size of job updated: 31056
	31  -  MemoryUsage of job (MB)
	31056  -  ResidentSetSize of job (KB)
...
006 (11642948.094.000) 02/24 11:02:57 Image size of job updated: 991384
	969  -  MemoryUsage of job (MB)
	991384  -  ResidentSetSize of job (KB)
...
040 (11642948.094.000) 02/24 11:02:57 Started transferring output files
...
040 (11642948.094.000) 02/24 11:02:57 Finished transferring output files
...
005 (11642948.094.000) 02/24 11:02:57 Job terminated.
	(1) Normal termination (return value 0)
		Usr 0 00:00:45, Sys 0 00:00:06  -  Run Remote Usage
		Usr 0 00:00:00, Sys 0 00:00:00  -  Run Local Usage
		Usr 0 00:00:45, Sys 0 00:00:06  -  Total Remote Usage
		Usr 0 00:00:00, Sys 0 00:00:00  -  Total Local Usage
	7994  -  Run Bytes Sent By Job
	104  -  Run Bytes Received By Job
	7994  -  Total Bytes Sent By Job
	104  -  Total Bytes Received By Job
	Partitionable Resources :    Usage  Request Allocated 
	   Cpus                 :        0        1         1 
	   Disk (KB)            :       77        1      3924 
	   GPUs                 :                           0 
	   Memory (MB)          :      969     3000      3000 

	Job terminated of its own accord at 2025-02-24T10:02:57Z with exit-code 0.
...
