000 (11642948.128.000) 02/24 10:46:44 Job submitted from host: <188.185.114.121:9618?addrs=188.185.114.121-9618+[2001-1458-d00-a--100-273]-9618&alias=bigbird19.cern.ch&noUDP&sock=schedd_2045_4743>
    WARNING: Committed job submission into the queue with the following warning(s): QMGMT:0:Your job uses -spool but does not set 'transfer_output_files' nor 'output_destination' (transfer plugin). This is not recommended and will be soon disallowed. Please see https://batchdocs.web.cern.ch/concepts/dataflow.html#spool-submission for information and alternatives.
...
040 (11642948.128.000) 02/24 11:00:22 Started transferring input files
	Transferring to host: <188.185.192.170:9618?addrs=188.185.192.170-9618+[2001-1458-303-1f--100-a6]-9618&alias=b9p13p0624.cern.ch&noUDP&sock=slot1_38_4184301_5582_5392>
...
040 (11642948.128.000) 02/24 11:00:22 Finished transferring input files
...
001 (11642948.128.000) 02/24 11:00:23 Job executing on host: <188.185.192.170:9618?addrs=188.185.192.170-9618+[2001-1458-303-1f--100-a6]-9618&alias=b9p13p0624.cern.ch&noUDP&sock=startd_6847_0d0c>
	SlotName: slot1_38@b9p13p0624.cern.ch
	CondorScratchDir = "/pool/condor/dir_3670525"
	Cpus = 1
	Disk = 3810
	GPUs = 0
	Memory = 3000
...
006 (11642948.128.000) 02/24 11:00:32 Image size of job updated: 22864
	23  -  MemoryUsage of job (MB)
	22864  -  ResidentSetSize of job (KB)
...
006 (11642948.128.000) 02/24 11:04:57 Image size of job updated: 1200212
	1173  -  MemoryUsage of job (MB)
	1200212  -  ResidentSetSize of job (KB)
...
040 (11642948.128.000) 02/24 11:04:57 Started transferring output files
...
040 (11642948.128.000) 02/24 11:04:57 Finished transferring output files
...
005 (11642948.128.000) 02/24 11:04:57 Job terminated.
	(1) Normal termination (return value 0)
		Usr 0 00:00:55, Sys 0 00:00:08  -  Run Remote Usage
		Usr 0 00:00:00, Sys 0 00:00:00  -  Run Local Usage
		Usr 0 00:00:55, Sys 0 00:00:08  -  Total Remote Usage
		Usr 0 00:00:00, Sys 0 00:00:00  -  Total Local Usage
	9661  -  Run Bytes Sent By Job
	104  -  Run Bytes Received By Job
	9661  -  Total Bytes Sent By Job
	104  -  Total Bytes Received By Job
	Partitionable Resources :    Usage  Request Allocated 
	   Cpus                 :        0        1         1 
	   Disk (KB)            :       78        1      3810 
	   GPUs                 :                           0 
	   Memory (MB)          :     1173     3000      3000 

	Job terminated of its own accord at 2025-02-24T10:04:57Z with exit-code 0.
...
