000 (11642948.022.000) 02/24 10:46:44 Job submitted from host: <188.185.114.121:9618?addrs=188.185.114.121-9618+[2001-1458-d00-a--100-273]-9618&alias=bigbird19.cern.ch&noUDP&sock=schedd_2045_4743>
    WARNING: Committed job submission into the queue with the following warning(s): QMGMT:0:Your job uses -spool but does not set 'transfer_output_files' nor 'output_destination' (transfer plugin). This is not recommended and will be soon disallowed. Please see https://batchdocs.web.cern.ch/concepts/dataflow.html#spool-submission for information and alternatives.
...
040 (11642948.022.000) 02/24 10:58:35 Started transferring input files
	Transferring to host: <188.185.210.32:9618?addrs=188.185.210.32-9618+[2001-1458-303-1--100-1c]-9618&alias=b9p21p2110.cern.ch&noUDP&sock=slot1_32_7413_e107_88266>
...
001 (11642948.022.000) 02/24 10:58:43 Job executing on host: <188.185.210.32:9618?addrs=188.185.210.32-9618+[2001-1458-303-1--100-1c]-9618&alias=b9p21p2110.cern.ch&noUDP&sock=startd_6196_84e4>
	SlotName: slot1_32@b9p21p2110.cern.ch
	CondorScratchDir = "/pool/condor/dir_1650206"
	Cpus = 1
	Disk = 3720
	GPUs = 0
	Memory = 3000
...
040 (11642948.022.000) 02/24 10:58:43 Finished transferring input files
...
006 (11642948.022.000) 02/24 10:58:52 Image size of job updated: 27408
	27  -  MemoryUsage of job (MB)
	27408  -  ResidentSetSize of job (KB)
...
006 (11642948.022.000) 02/24 11:02:42 Image size of job updated: 881140
	861  -  MemoryUsage of job (MB)
	881140  -  ResidentSetSize of job (KB)
...
040 (11642948.022.000) 02/24 11:02:42 Started transferring output files
...
040 (11642948.022.000) 02/24 11:02:42 Finished transferring output files
...
005 (11642948.022.000) 02/24 11:02:43 Job terminated.
	(1) Normal termination (return value 0)
		Usr 0 00:00:32, Sys 0 00:00:09  -  Run Remote Usage
		Usr 0 00:00:00, Sys 0 00:00:00  -  Run Local Usage
		Usr 0 00:00:32, Sys 0 00:00:09  -  Total Remote Usage
		Usr 0 00:00:00, Sys 0 00:00:00  -  Total Local Usage
	6827  -  Run Bytes Sent By Job
	104  -  Run Bytes Received By Job
	6827  -  Total Bytes Sent By Job
	104  -  Total Bytes Received By Job
	Partitionable Resources :    Usage  Request Allocated 
	   Cpus                 :        0        1         1 
	   Disk (KB)            :       76        1      3720 
	   GPUs                 :                           0 
	   Memory (MB)          :      861     3000      3000 

	Job terminated of its own accord at 2025-02-24T10:02:42Z with exit-code 0.
...
