000 (11642948.036.000) 02/24 10:46:44 Job submitted from host: <188.185.114.121:9618?addrs=188.185.114.121-9618+[2001-1458-d00-a--100-273]-9618&alias=bigbird19.cern.ch&noUDP&sock=schedd_2045_4743>
    WARNING: Committed job submission into the queue with the following warning(s): QMGMT:0:Your job uses -spool but does not set 'transfer_output_files' nor 'output_destination' (transfer plugin). This is not recommended and will be soon disallowed. Please see https://batchdocs.web.cern.ch/concepts/dataflow.html#spool-submission for information and alternatives.
...
040 (11642948.036.000) 02/24 10:58:43 Started transferring input files
	Transferring to host: <128.142.192.198:9618?addrs=128.142.192.198-9618+[2001-1458-301-56--100-42]-9618&alias=b9g18p5254.cern.ch&noUDP&sock=slot1_29_5839_da87_11260>
...
040 (11642948.036.000) 02/24 10:58:44 Finished transferring input files
...
001 (11642948.036.000) 02/24 10:58:44 Job executing on host: <128.142.192.198:9618?addrs=128.142.192.198-9618+[2001-1458-301-56--100-42]-9618&alias=b9g18p5254.cern.ch&noUDP&sock=startd_4605_39b7>
	SlotName: slot1_29@b9g18p5254.cern.ch
	CondorScratchDir = "/pool/condor/dir_1437759"
	Cpus = 1
	Disk = 3821
	GPUs = 0
	Memory = 3000
...
006 (11642948.036.000) 02/24 10:58:58 Image size of job updated: 17916
	18  -  MemoryUsage of job (MB)
	17916  -  ResidentSetSize of job (KB)
...
006 (11642948.036.000) 02/24 11:02:29 Image size of job updated: 610484
	18  -  MemoryUsage of job (MB)
	17916  -  ResidentSetSize of job (KB)
...
040 (11642948.036.000) 02/24 11:02:29 Started transferring output files
...
040 (11642948.036.000) 02/24 11:02:29 Finished transferring output files
...
005 (11642948.036.000) 02/24 11:02:29 Job terminated.
	(1) Normal termination (return value 0)
		Usr 0 00:00:39, Sys 0 00:00:07  -  Run Remote Usage
		Usr 0 00:00:00, Sys 0 00:00:00  -  Run Local Usage
		Usr 0 00:00:39, Sys 0 00:00:07  -  Total Remote Usage
		Usr 0 00:00:00, Sys 0 00:00:00  -  Total Local Usage
	6832  -  Run Bytes Sent By Job
	104  -  Run Bytes Received By Job
	6832  -  Total Bytes Sent By Job
	104  -  Total Bytes Received By Job
	Partitionable Resources :    Usage  Request Allocated 
	   Cpus                 :                 1         1 
	   Disk (KB)            :       68        1      3821 
	   GPUs                 :                           0 
	   Memory (MB)          :       18     3000      3000 

	Job terminated of its own accord at 2025-02-24T10:02:29Z with exit-code 0.
...
