000 (11642948.050.000) 02/24 10:46:44 Job submitted from host: <188.185.114.121:9618?addrs=188.185.114.121-9618+[2001-1458-d00-a--100-273]-9618&alias=bigbird19.cern.ch&noUDP&sock=schedd_2045_4743>
    WARNING: Committed job submission into the queue with the following warning(s): QMGMT:0:Your job uses -spool but does not set 'transfer_output_files' nor 'output_destination' (transfer plugin). This is not recommended and will be soon disallowed. Please see https://batchdocs.web.cern.ch/concepts/dataflow.html#spool-submission for information and alternatives.
...
040 (11642948.050.000) 02/24 11:00:14 Started transferring input files
	Transferring to host: <188.185.196.173:9618?addrs=188.185.196.173-9618+[2001-1458-303-23--100-a9]-9618&alias=b9p16p8836.cern.ch&noUDP&sock=slot1_22_6418_cfbe_5908>
...
040 (11642948.050.000) 02/24 11:00:14 Finished transferring input files
...
001 (11642948.050.000) 02/24 11:00:15 Job executing on host: <188.185.196.173:9618?addrs=188.185.196.173-9618+[2001-1458-303-23--100-a9]-9618&alias=b9p16p8836.cern.ch&noUDP&sock=startd_4636_7d26>
	SlotName: slot1_22@b9p16p8836.cern.ch
	CondorScratchDir = "/pool/condor/dir_3891511"
	Cpus = 1
	Disk = 3886
	GPUs = 0
	Memory = 3000
...
006 (11642948.050.000) 02/24 11:00:29 Image size of job updated: 17804
	18  -  MemoryUsage of job (MB)
	17804  -  ResidentSetSize of job (KB)
...
006 (11642948.050.000) 02/24 11:04:27 Image size of job updated: 613004
	18  -  MemoryUsage of job (MB)
	17804  -  ResidentSetSize of job (KB)
...
040 (11642948.050.000) 02/24 11:04:27 Started transferring output files
...
040 (11642948.050.000) 02/24 11:04:27 Finished transferring output files
...
005 (11642948.050.000) 02/24 11:04:27 Job terminated.
	(1) Normal termination (return value 0)
		Usr 0 00:00:48, Sys 0 00:00:08  -  Run Remote Usage
		Usr 0 00:00:00, Sys 0 00:00:00  -  Run Local Usage
		Usr 0 00:00:48, Sys 0 00:00:08  -  Total Remote Usage
		Usr 0 00:00:00, Sys 0 00:00:00  -  Total Local Usage
	7813  -  Run Bytes Sent By Job
	104  -  Run Bytes Received By Job
	7813  -  Total Bytes Sent By Job
	104  -  Total Bytes Received By Job
	Partitionable Resources :    Usage  Request Allocated 
	   Cpus                 :        0        1         1 
	   Disk (KB)            :       77        1      3886 
	   GPUs                 :                           0 
	   Memory (MB)          :       18     3000      3000 

	Job terminated of its own accord at 2025-02-24T10:04:27Z with exit-code 0.
...
