000 (11642948.115.000) 02/24 10:46:44 Job submitted from host: <188.185.114.121:9618?addrs=188.185.114.121-9618+[2001-1458-d00-a--100-273]-9618&alias=bigbird19.cern.ch&noUDP&sock=schedd_2045_4743>
    WARNING: Committed job submission into the queue with the following warning(s): QMGMT:0:Your job uses -spool but does not set 'transfer_output_files' nor 'output_destination' (transfer plugin). This is not recommended and will be soon disallowed. Please see https://batchdocs.web.cern.ch/concepts/dataflow.html#spool-submission for information and alternatives.
...
040 (11642948.115.000) 02/24 10:58:58 Started transferring input files
	Transferring to host: <188.185.212.158:9618?addrs=188.185.212.158-9618+[2001-1458-303-19--100-1a]-9618&alias=b9p26p2947.cern.ch&noUDP&sock=slot1_5_4317_7789_19459>
...
040 (11642948.115.000) 02/24 10:58:58 Finished transferring input files
...
001 (11642948.115.000) 02/24 10:58:59 Job executing on host: <188.185.212.158:9618?addrs=188.185.212.158-9618+[2001-1458-303-19--100-1a]-9618&alias=b9p26p2947.cern.ch&noUDP&sock=startd_3641_006a>
	SlotName: slot1_5@b9p26p2947.cern.ch
	CondorScratchDir = "/pool/condor/dir_3181107"
	Cpus = 1
	Disk = 3828
	GPUs = 0
	Memory = 3000
...
006 (11642948.115.000) 02/24 10:59:12 Image size of job updated: 17764
	18  -  MemoryUsage of job (MB)
	17764  -  ResidentSetSize of job (KB)
...
006 (11642948.115.000) 02/24 11:04:12 Image size of job updated: 660800
	646  -  MemoryUsage of job (MB)
	660800  -  ResidentSetSize of job (KB)
...
006 (11642948.115.000) 02/24 11:04:15 Image size of job updated: 660924
	646  -  MemoryUsage of job (MB)
	660800  -  ResidentSetSize of job (KB)
...
040 (11642948.115.000) 02/24 11:04:16 Started transferring output files
...
040 (11642948.115.000) 02/24 11:04:16 Finished transferring output files
...
005 (11642948.115.000) 02/24 11:04:16 Job terminated.
	(1) Normal termination (return value 0)
		Usr 0 00:00:34, Sys 0 00:00:09  -  Run Remote Usage
		Usr 0 00:00:00, Sys 0 00:00:00  -  Run Local Usage
		Usr 0 00:00:34, Sys 0 00:00:09  -  Total Remote Usage
		Usr 0 00:00:00, Sys 0 00:00:00  -  Total Local Usage
	17675  -  Run Bytes Sent By Job
	104  -  Run Bytes Received By Job
	17675  -  Total Bytes Sent By Job
	104  -  Total Bytes Received By Job
	Partitionable Resources :    Usage  Request Allocated 
	   Cpus                 :        0        1         1 
	   Disk (KB)            :       87        1      3828 
	   GPUs                 :                           0 
	   Memory (MB)          :      646     3000      3000 

	Job terminated of its own accord at 2025-02-24T10:04:15Z with exit-code 0.
...
