000 (11642948.146.000) 02/24 10:46:44 Job submitted from host: <188.185.114.121:9618?addrs=188.185.114.121-9618+[2001-1458-d00-a--100-273]-9618&alias=bigbird19.cern.ch&noUDP&sock=schedd_2045_4743>
    WARNING: Committed job submission into the queue with the following warning(s): QMGMT:0:Your job uses -spool but does not set 'transfer_output_files' nor 'output_destination' (transfer plugin). This is not recommended and will be soon disallowed. Please see https://batchdocs.web.cern.ch/concepts/dataflow.html#spool-submission for information and alternatives.
...
040 (11642948.146.000) 02/24 10:59:04 Started transferring input files
	Transferring to host: <188.185.205.64:9618?addrs=188.185.205.64-9618+[2001-1458-303-9--100-b4]-9618&alias=b9p03p2405.cern.ch&noUDP&sock=slot1_15_3726_0dd1_11662>
...
040 (11642948.146.000) 02/24 10:59:04 Finished transferring input files
...
001 (11642948.146.000) 02/24 10:59:05 Job executing on host: <188.185.205.64:9618?addrs=188.185.205.64-9618+[2001-1458-303-9--100-b4]-9618&alias=b9p03p2405.cern.ch&noUDP&sock=startd_3393_e4ee>
	SlotName: slot1_15@b9p03p2405.cern.ch
	CondorScratchDir = "/pool/condor/dir_1554224"
	Cpus = 1
	Disk = 3634
	GPUs = 0
	Memory = 3000
...
006 (11642948.146.000) 02/24 10:59:19 Image size of job updated: 17924
	18  -  MemoryUsage of job (MB)
	17924  -  ResidentSetSize of job (KB)
...
006 (11642948.146.000) 02/24 11:03:16 Image size of job updated: 620636
	18  -  MemoryUsage of job (MB)
	17924  -  ResidentSetSize of job (KB)
...
040 (11642948.146.000) 02/24 11:03:16 Started transferring output files
...
040 (11642948.146.000) 02/24 11:03:16 Finished transferring output files
...
005 (11642948.146.000) 02/24 11:03:16 Job terminated.
	(1) Normal termination (return value 0)
		Usr 0 00:00:35, Sys 0 00:00:09  -  Run Remote Usage
		Usr 0 00:00:00, Sys 0 00:00:00  -  Run Local Usage
		Usr 0 00:00:35, Sys 0 00:00:09  -  Total Remote Usage
		Usr 0 00:00:00, Sys 0 00:00:00  -  Total Local Usage
	10299  -  Run Bytes Sent By Job
	104  -  Run Bytes Received By Job
	10299  -  Total Bytes Sent By Job
	104  -  Total Bytes Received By Job
	Partitionable Resources :    Usage  Request Allocated 
	   Cpus                 :        0        1         1 
	   Disk (KB)            :       79        1      3634 
	   GPUs                 :                           0 
	   Memory (MB)          :       18     3000      3000 

	Job terminated of its own accord at 2025-02-24T10:03:16Z with exit-code 0.
...
