000 (11642948.074.000) 02/24 10:46:44 Job submitted from host: <188.185.114.121:9618?addrs=188.185.114.121-9618+[2001-1458-d00-a--100-273]-9618&alias=bigbird19.cern.ch&noUDP&sock=schedd_2045_4743>
    WARNING: Committed job submission into the queue with the following warning(s): QMGMT:0:Your job uses -spool but does not set 'transfer_output_files' nor 'output_destination' (transfer plugin). This is not recommended and will be soon disallowed. Please see https://batchdocs.web.cern.ch/concepts/dataflow.html#spool-submission for information and alternatives.
...
040 (11642948.074.000) 02/24 10:58:48 Started transferring input files
	Transferring to host: <188.185.211.47:9618?addrs=188.185.211.47-9618+[2001-1458-303-16--100-2b]-9618&alias=b9p23p3488.cern.ch&noUDP&sock=slot1_26_646968_3bbe_10986>
...
040 (11642948.074.000) 02/24 10:58:48 Finished transferring input files
...
001 (11642948.074.000) 02/24 10:58:49 Job executing on host: <188.185.211.47:9618?addrs=188.185.211.47-9618+[2001-1458-303-16--100-2b]-9618&alias=b9p23p3488.cern.ch&noUDP&sock=startd_4169_2a6c>
	SlotName: slot1_26@b9p23p3488.cern.ch
	CondorScratchDir = "/pool/condor/dir_1110400"
	Cpus = 1
	Disk = 3720
	GPUs = 0
	Memory = 3000
...
006 (11642948.074.000) 02/24 10:58:58 Image size of job updated: 26308
	26  -  MemoryUsage of job (MB)
	26308  -  ResidentSetSize of job (KB)
...
006 (11642948.074.000) 02/24 11:00:47 Image size of job updated: 1529332
	1494  -  MemoryUsage of job (MB)
	1529332  -  ResidentSetSize of job (KB)
...
040 (11642948.074.000) 02/24 11:00:47 Started transferring output files
...
040 (11642948.074.000) 02/24 11:00:47 Finished transferring output files
...
005 (11642948.074.000) 02/24 11:00:47 Job terminated.
	(1) Normal termination (return value 0)
		Usr 0 00:00:24, Sys 0 00:00:10  -  Run Remote Usage
		Usr 0 00:00:00, Sys 0 00:00:00  -  Run Local Usage
		Usr 0 00:00:24, Sys 0 00:00:10  -  Total Remote Usage
		Usr 0 00:00:00, Sys 0 00:00:00  -  Total Local Usage
	6948  -  Run Bytes Sent By Job
	104  -  Run Bytes Received By Job
	6948  -  Total Bytes Sent By Job
	104  -  Total Bytes Received By Job
	Partitionable Resources :    Usage  Request Allocated 
	   Cpus                 :        0        1         1 
	   Disk (KB)            :       75        1      3720 
	   GPUs                 :                           0 
	   Memory (MB)          :     1494     3000      3000 

	Job terminated of its own accord at 2025-02-24T10:00:47Z with exit-code 0.
...
