000 (11642948.154.000) 02/24 10:46:44 Job submitted from host: <188.185.114.121:9618?addrs=188.185.114.121-9618+[2001-1458-d00-a--100-273]-9618&alias=bigbird19.cern.ch&noUDP&sock=schedd_2045_4743>
    WARNING: Committed job submission into the queue with the following warning(s): QMGMT:0:Your job uses -spool but does not set 'transfer_output_files' nor 'output_destination' (transfer plugin). This is not recommended and will be soon disallowed. Please see https://batchdocs.web.cern.ch/concepts/dataflow.html#spool-submission for information and alternatives.
...
040 (11642948.154.000) 02/24 10:59:06 Started transferring input files
	Transferring to host: <188.185.215.33:9618?addrs=188.185.215.33-9618+[2001-1458-303-1e--100-1d]-9618&alias=b9p31p5823.cern.ch&noUDP&sock=slot1_6_4103729_1236_18310>
...
040 (11642948.154.000) 02/24 10:59:06 Finished transferring input files
...
001 (11642948.154.000) 02/24 10:59:07 Job executing on host: <188.185.215.33:9618?addrs=188.185.215.33-9618+[2001-1458-303-1e--100-1d]-9618&alias=b9p31p5823.cern.ch&noUDP&sock=startd_4093_0939>
	SlotName: slot1_6@b9p31p5823.cern.ch
	CondorScratchDir = "/pool/condor/dir_4150183"
	Cpus = 1
	Disk = 3648
	GPUs = 0
	Memory = 3000
...
006 (11642948.154.000) 02/24 10:59:16 Image size of job updated: 20932
	21  -  MemoryUsage of job (MB)
	20932  -  ResidentSetSize of job (KB)
...
006 (11642948.154.000) 02/24 11:00:26 Image size of job updated: 916932
	896  -  MemoryUsage of job (MB)
	916932  -  ResidentSetSize of job (KB)
...
040 (11642948.154.000) 02/24 11:00:26 Started transferring output files
...
040 (11642948.154.000) 02/24 11:00:26 Finished transferring output files
...
005 (11642948.154.000) 02/24 11:00:26 Job terminated.
	(1) Normal termination (return value 0)
		Usr 0 00:00:22, Sys 0 00:00:09  -  Run Remote Usage
		Usr 0 00:00:00, Sys 0 00:00:00  -  Run Local Usage
		Usr 0 00:00:22, Sys 0 00:00:09  -  Total Remote Usage
		Usr 0 00:00:00, Sys 0 00:00:00  -  Total Local Usage
	11825  -  Run Bytes Sent By Job
	104  -  Run Bytes Received By Job
	11825  -  Total Bytes Sent By Job
	104  -  Total Bytes Received By Job
	Partitionable Resources :    Usage  Request Allocated 
	   Cpus                 :        0        1         1 
	   Disk (KB)            :       80        1      3648 
	   GPUs                 :                           0 
	   Memory (MB)          :      896     3000      3000 

	Job terminated of its own accord at 2025-02-24T10:00:26Z with exit-code 0.
...
