000 (11642948.043.000) 02/24 10:46:44 Job submitted from host: <188.185.114.121:9618?addrs=188.185.114.121-9618+[2001-1458-d00-a--100-273]-9618&alias=bigbird19.cern.ch&noUDP&sock=schedd_2045_4743>
    WARNING: Committed job submission into the queue with the following warning(s): QMGMT:0:Your job uses -spool but does not set 'transfer_output_files' nor 'output_destination' (transfer plugin). This is not recommended and will be soon disallowed. Please see https://batchdocs.web.cern.ch/concepts/dataflow.html#spool-submission for information and alternatives.
...
040 (11642948.043.000) 02/24 10:58:44 Started transferring input files
	Transferring to host: <188.185.214.88:9618?addrs=188.185.214.88-9618+[2001-1458-303-1c--100-54]-9618&alias=b9p29p9797.cern.ch&noUDP&sock=slot1_11_4084346_fe82_14711>
...
040 (11642948.043.000) 02/24 10:58:44 Finished transferring input files
...
001 (11642948.043.000) 02/24 10:58:46 Job executing on host: <188.185.214.88:9618?addrs=188.185.214.88-9618+[2001-1458-303-1c--100-54]-9618&alias=b9p29p9797.cern.ch&noUDP&sock=startd_4944_c052>
	SlotName: slot1_11@b9p29p9797.cern.ch
	CondorScratchDir = "/pool/condor/dir_2004014"
	Cpus = 1
	Disk = 3627
	GPUs = 0
	Memory = 3000
...
006 (11642948.043.000) 02/24 10:58:54 Image size of job updated: 29200
	29  -  MemoryUsage of job (MB)
	29200  -  ResidentSetSize of job (KB)
...
006 (11642948.043.000) 02/24 11:03:54 Image size of job updated: 1935456
	1891  -  MemoryUsage of job (MB)
	1935456  -  ResidentSetSize of job (KB)
...
006 (11642948.043.000) 02/24 11:08:54 Image size of job updated: 1939268
	1894  -  MemoryUsage of job (MB)
	1939268  -  ResidentSetSize of job (KB)
...
040 (11642948.043.000) 02/24 11:11:55 Started transferring output files
...
040 (11642948.043.000) 02/24 11:11:55 Finished transferring output files
...
005 (11642948.043.000) 02/24 11:11:55 Job terminated.
	(1) Normal termination (return value 0)
		Usr 0 00:00:30, Sys 0 00:00:11  -  Run Remote Usage
		Usr 0 00:00:00, Sys 0 00:00:00  -  Run Local Usage
		Usr 0 00:00:30, Sys 0 00:00:11  -  Total Remote Usage
		Usr 0 00:00:00, Sys 0 00:00:00  -  Total Local Usage
	6968  -  Run Bytes Sent By Job
	104  -  Run Bytes Received By Job
	6968  -  Total Bytes Sent By Job
	104  -  Total Bytes Received By Job
	Partitionable Resources :    Usage  Request Allocated 
	   Cpus                 :        0        1         1 
	   Disk (KB)            :       75        1      3627 
	   GPUs                 :                           0 
	   Memory (MB)          :     1894     3000      3000 

	Job terminated of its own accord at 2025-02-24T10:11:55Z with exit-code 0.
...
