000 (11642948.078.000) 02/24 10:46:44 Job submitted from host: <188.185.114.121:9618?addrs=188.185.114.121-9618+[2001-1458-d00-a--100-273]-9618&alias=bigbird19.cern.ch&noUDP&sock=schedd_2045_4743>
    WARNING: Committed job submission into the queue with the following warning(s): QMGMT:0:Your job uses -spool but does not set 'transfer_output_files' nor 'output_destination' (transfer plugin). This is not recommended and will be soon disallowed. Please see https://batchdocs.web.cern.ch/concepts/dataflow.html#spool-submission for information and alternatives.
...
040 (11642948.078.000) 02/24 10:58:49 Started transferring input files
	Transferring to host: <188.185.213.21:9618?addrs=188.185.213.21-9618+[2001-1458-303-1a--100-11]-9618&alias=b9p27p9231.cern.ch&noUDP&sock=slot1_42_3443345_cd50_5230>
...
040 (11642948.078.000) 02/24 10:58:49 Finished transferring input files
...
001 (11642948.078.000) 02/24 10:58:50 Job executing on host: <188.185.213.21:9618?addrs=188.185.213.21-9618+[2001-1458-303-1a--100-11]-9618&alias=b9p27p9231.cern.ch&noUDP&sock=startd_4089_4ad8>
	SlotName: slot1_42@b9p27p9231.cern.ch
	CondorScratchDir = "/pool/condor/dir_1887887"
	Cpus = 1
	Disk = 3710
	GPUs = 0
	Memory = 3000
...
006 (11642948.078.000) 02/24 10:58:58 Image size of job updated: 28344
	28  -  MemoryUsage of job (MB)
	28344  -  ResidentSetSize of job (KB)
...
006 (11642948.078.000) 02/24 11:03:58 Image size of job updated: 2162168
	2112  -  MemoryUsage of job (MB)
	2162168  -  ResidentSetSize of job (KB)
...
040 (11642948.078.000) 02/24 11:04:53 Started transferring output files
...
040 (11642948.078.000) 02/24 11:04:53 Finished transferring output files
...
005 (11642948.078.000) 02/24 11:04:53 Job terminated.
	(1) Normal termination (return value 0)
		Usr 0 00:00:28, Sys 0 00:00:09  -  Run Remote Usage
		Usr 0 00:00:00, Sys 0 00:00:00  -  Run Local Usage
		Usr 0 00:00:28, Sys 0 00:00:09  -  Total Remote Usage
		Usr 0 00:00:00, Sys 0 00:00:00  -  Total Local Usage
	6889  -  Run Bytes Sent By Job
	104  -  Run Bytes Received By Job
	6889  -  Total Bytes Sent By Job
	104  -  Total Bytes Received By Job
	Partitionable Resources :    Usage  Request Allocated 
	   Cpus                 :        0        1         1 
	   Disk (KB)            :       76        1      3710 
	   GPUs                 :                           0 
	   Memory (MB)          :     2112     3000      3000 

	Job terminated of its own accord at 2025-02-24T10:04:53Z with exit-code 0.
...
