000 (11642948.028.000) 02/24 10:46:44 Job submitted from host: <188.185.114.121:9618?addrs=188.185.114.121-9618+[2001-1458-d00-a--100-273]-9618&alias=bigbird19.cern.ch&noUDP&sock=schedd_2045_4743>
    WARNING: Committed job submission into the queue with the following warning(s): QMGMT:0:Your job uses -spool but does not set 'transfer_output_files' nor 'output_destination' (transfer plugin). This is not recommended and will be soon disallowed. Please see https://batchdocs.web.cern.ch/concepts/dataflow.html#spool-submission for information and alternatives.
...
040 (11642948.028.000) 02/24 10:58:40 Started transferring input files
	Transferring to host: <188.185.210.101:9618?addrs=188.185.210.101-9618+[2001-1458-303-1--100-61]-9618&alias=b9p21p0502.cern.ch&noUDP&sock=slot1_6_3011_4594_24475>
...
001 (11642948.028.000) 02/24 10:58:44 Job executing on host: <188.185.210.101:9618?addrs=188.185.210.101-9618+[2001-1458-303-1--100-61]-9618&alias=b9p21p0502.cern.ch&noUDP&sock=startd_2645_d416>
	SlotName: slot1_6@b9p21p0502.cern.ch
	CondorScratchDir = "/pool/condor/dir_4110718"
	Cpus = 1
	Disk = 3688
	GPUs = 0
	Memory = 3000
...
040 (11642948.028.000) 02/24 10:58:44 Finished transferring input files
...
006 (11642948.028.000) 02/24 10:58:57 Image size of job updated: 17636
	18  -  MemoryUsage of job (MB)
	17636  -  ResidentSetSize of job (KB)
...
006 (11642948.028.000) 02/24 11:02:58 Image size of job updated: 612820
	18  -  MemoryUsage of job (MB)
	17636  -  ResidentSetSize of job (KB)
...
040 (11642948.028.000) 02/24 11:02:58 Started transferring output files
...
040 (11642948.028.000) 02/24 11:02:58 Finished transferring output files
...
005 (11642948.028.000) 02/24 11:02:58 Job terminated.
	(1) Normal termination (return value 0)
		Usr 0 00:00:34, Sys 0 00:00:11  -  Run Remote Usage
		Usr 0 00:00:00, Sys 0 00:00:00  -  Run Local Usage
		Usr 0 00:00:34, Sys 0 00:00:11  -  Total Remote Usage
		Usr 0 00:00:00, Sys 0 00:00:00  -  Total Local Usage
	7323  -  Run Bytes Sent By Job
	104  -  Run Bytes Received By Job
	7323  -  Total Bytes Sent By Job
	104  -  Total Bytes Received By Job
	Partitionable Resources :    Usage  Request Allocated 
	   Cpus                 :     0.00        1         1 
	   Disk (KB)            :    76           1      3688 
	   GPUs                 :                           0 
	   Memory (MB)          :    18        3000      3000 

	Job terminated of its own accord at 2025-02-24T10:02:58Z with exit-code 0.
...
