000 (11642948.041.000) 02/24 10:46:44 Job submitted from host: <188.185.114.121:9618?addrs=188.185.114.121-9618+[2001-1458-d00-a--100-273]-9618&alias=bigbird19.cern.ch&noUDP&sock=schedd_2045_4743>
    WARNING: Committed job submission into the queue with the following warning(s): QMGMT:0:Your job uses -spool but does not set 'transfer_output_files' nor 'output_destination' (transfer plugin). This is not recommended and will be soon disallowed. Please see https://batchdocs.web.cern.ch/concepts/dataflow.html#spool-submission for information and alternatives.
...
040 (11642948.041.000) 02/24 10:58:43 Started transferring input files
	Transferring to host: <188.185.213.149:9618?addrs=188.185.213.149-9618+[2001-1458-303-1b--100-11]-9618&alias=b9p28p9569.cern.ch&noUDP&sock=slot1_12_2408694_92d6_24587>
...
040 (11642948.041.000) 02/24 10:58:44 Finished transferring input files
...
001 (11642948.041.000) 02/24 10:58:45 Job executing on host: <188.185.213.149:9618?addrs=188.185.213.149-9618+[2001-1458-303-1b--100-11]-9618&alias=b9p28p9569.cern.ch&noUDP&sock=startd_5384_8dfd>
	SlotName: slot1_12@b9p28p9569.cern.ch
	CondorScratchDir = "/pool/condor/dir_2869932"
	Cpus = 1
	Disk = 3646
	GPUs = 0
	Memory = 3000
...
006 (11642948.041.000) 02/24 10:58:53 Image size of job updated: 32176
	32  -  MemoryUsage of job (MB)
	32176  -  ResidentSetSize of job (KB)
...
006 (11642948.041.000) 02/24 11:03:53 Image size of job updated: 2100816
	2052  -  MemoryUsage of job (MB)
	2100816  -  ResidentSetSize of job (KB)
...
006 (11642948.041.000) 02/24 11:08:53 Image size of job updated: 2101128
	2052  -  MemoryUsage of job (MB)
	2101128  -  ResidentSetSize of job (KB)
...
040 (11642948.041.000) 02/24 11:11:29 Started transferring output files
...
040 (11642948.041.000) 02/24 11:11:29 Finished transferring output files
...
005 (11642948.041.000) 02/24 11:11:29 Job terminated.
	(1) Normal termination (return value 0)
		Usr 0 00:00:34, Sys 0 00:00:10  -  Run Remote Usage
		Usr 0 00:00:00, Sys 0 00:00:00  -  Run Local Usage
		Usr 0 00:00:34, Sys 0 00:00:10  -  Total Remote Usage
		Usr 0 00:00:00, Sys 0 00:00:00  -  Total Local Usage
	7037  -  Run Bytes Sent By Job
	104  -  Run Bytes Received By Job
	7037  -  Total Bytes Sent By Job
	104  -  Total Bytes Received By Job
	Partitionable Resources :    Usage  Request Allocated 
	   Cpus                 :        0        1         1 
	   Disk (KB)            :       76        1      3646 
	   GPUs                 :                           0 
	   Memory (MB)          :     2052     3000      3000 

	Job terminated of its own accord at 2025-02-24T10:11:29Z with exit-code 0.
...
