000 (11642948.057.000) 02/24 10:46:44 Job submitted from host: <188.185.114.121:9618?addrs=188.185.114.121-9618+[2001-1458-d00-a--100-273]-9618&alias=bigbird19.cern.ch&noUDP&sock=schedd_2045_4743>
    WARNING: Committed job submission into the queue with the following warning(s): QMGMT:0:Your job uses -spool but does not set 'transfer_output_files' nor 'output_destination' (transfer plugin). This is not recommended and will be soon disallowed. Please see https://batchdocs.web.cern.ch/concepts/dataflow.html#spool-submission for information and alternatives.
...
040 (11642948.057.000) 02/24 11:00:25 Started transferring input files
	Transferring to host: <188.185.195.41:9618?addrs=188.185.195.41-9618+[2001-1458-303-22--100-25]-9618&alias=b9p17p3567.cern.ch&noUDP&sock=slot1_12_9299_bc93_123082>
...
040 (11642948.057.000) 02/24 11:00:25 Finished transferring input files
...
001 (11642948.057.000) 02/24 11:00:26 Job executing on host: <188.185.195.41:9618?addrs=188.185.195.41-9618+[2001-1458-303-22--100-25]-9618&alias=b9p17p3567.cern.ch&noUDP&sock=startd_8248_053b>
	SlotName: slot1_12@b9p17p3567.cern.ch
	CondorScratchDir = "/pool/condor/dir_2358319"
	Cpus = 1
	Disk = 3691
	GPUs = 0
	Memory = 3000
...
006 (11642948.057.000) 02/24 11:00:35 Image size of job updated: 23456
	23  -  MemoryUsage of job (MB)
	23456  -  ResidentSetSize of job (KB)
...
006 (11642948.057.000) 02/24 11:05:36 Image size of job updated: 1710408
	1671  -  MemoryUsage of job (MB)
	1710408  -  ResidentSetSize of job (KB)
...
006 (11642948.057.000) 02/24 11:10:36 Image size of job updated: 1724020
	1684  -  MemoryUsage of job (MB)
	1724020  -  ResidentSetSize of job (KB)
...
006 (11642948.057.000) 02/24 11:15:36 Image size of job updated: 1724028
	1684  -  MemoryUsage of job (MB)
	1724028  -  ResidentSetSize of job (KB)
...
040 (11642948.057.000) 02/24 11:19:50 Started transferring output files
...
040 (11642948.057.000) 02/24 11:19:50 Finished transferring output files
...
005 (11642948.057.000) 02/24 11:19:50 Job terminated.
	(1) Normal termination (return value 0)
		Usr 0 00:00:58, Sys 0 00:00:08  -  Run Remote Usage
		Usr 0 00:00:00, Sys 0 00:00:00  -  Run Local Usage
		Usr 0 00:00:58, Sys 0 00:00:08  -  Total Remote Usage
		Usr 0 00:00:00, Sys 0 00:00:00  -  Total Local Usage
	7087  -  Run Bytes Sent By Job
	104  -  Run Bytes Received By Job
	7087  -  Total Bytes Sent By Job
	104  -  Total Bytes Received By Job
	Partitionable Resources :    Usage  Request Allocated 
	   Cpus                 :        0        1         1 
	   Disk (KB)            :       76        1      3691 
	   GPUs                 :                           0 
	   Memory (MB)          :     1684     3000      3000 

	Job terminated of its own accord at 2025-02-24T10:19:49Z with exit-code 0.
...
