000 (11642948.023.000) 02/24 10:46:44 Job submitted from host: <188.185.114.121:9618?addrs=188.185.114.121-9618+[2001-1458-d00-a--100-273]-9618&alias=bigbird19.cern.ch&noUDP&sock=schedd_2045_4743>
    WARNING: Committed job submission into the queue with the following warning(s): QMGMT:0:Your job uses -spool but does not set 'transfer_output_files' nor 'output_destination' (transfer plugin). This is not recommended and will be soon disallowed. Please see https://batchdocs.web.cern.ch/concepts/dataflow.html#spool-submission for information and alternatives.
...
040 (11642948.023.000) 02/24 11:00:12 Started transferring input files
	Transferring to host: <188.185.194.85:9618?addrs=188.185.194.85-9618+[2001-1458-303-21--100-51]-9618&alias=b9p20p8066.cern.ch&noUDP&sock=slot1_24_256774_4303_16543>
...
040 (11642948.023.000) 02/24 11:00:12 Finished transferring input files
...
001 (11642948.023.000) 02/24 11:00:13 Job executing on host: <188.185.194.85:9618?addrs=188.185.194.85-9618+[2001-1458-303-21--100-51]-9618&alias=b9p20p8066.cern.ch&noUDP&sock=startd_4996_6b3e>
	SlotName: slot1_24@b9p20p8066.cern.ch
	CondorScratchDir = "/pool/condor/dir_799649"
	Cpus = 1
	Disk = 3717
	GPUs = 0
	Memory = 3000
...
006 (11642948.023.000) 02/24 11:00:22 Image size of job updated: 27128
	27  -  MemoryUsage of job (MB)
	27128  -  ResidentSetSize of job (KB)
...
006 (11642948.023.000) 02/24 11:05:23 Image size of job updated: 1494304
	1460  -  MemoryUsage of job (MB)
	1494304  -  ResidentSetSize of job (KB)
...
040 (11642948.023.000) 02/24 11:06:52 Started transferring output files
...
040 (11642948.023.000) 02/24 11:06:52 Finished transferring output files
...
005 (11642948.023.000) 02/24 11:06:52 Job terminated.
	(1) Normal termination (return value 0)
		Usr 0 00:01:03, Sys 0 00:00:09  -  Run Remote Usage
		Usr 0 00:00:00, Sys 0 00:00:00  -  Run Local Usage
		Usr 0 00:01:03, Sys 0 00:00:09  -  Total Remote Usage
		Usr 0 00:00:00, Sys 0 00:00:00  -  Total Local Usage
	8094  -  Run Bytes Sent By Job
	104  -  Run Bytes Received By Job
	8094  -  Total Bytes Sent By Job
	104  -  Total Bytes Received By Job
	Partitionable Resources :    Usage  Request Allocated 
	   Cpus                 :     0.00        1         1 
	   Disk (KB)            :    77           1      3717 
	   GPUs                 :                           0 
	   Memory (MB)          :  1460        3000      3000 

	Job terminated of its own accord at 2025-02-24T10:06:52Z with exit-code 0.
...
