000 (11642948.100.000) 02/24 10:46:44 Job submitted from host: <188.185.114.121:9618?addrs=188.185.114.121-9618+[2001-1458-d00-a--100-273]-9618&alias=bigbird19.cern.ch&noUDP&sock=schedd_2045_4743>
    WARNING: Committed job submission into the queue with the following warning(s): QMGMT:0:Your job uses -spool but does not set 'transfer_output_files' nor 'output_destination' (transfer plugin). This is not recommended and will be soon disallowed. Please see https://batchdocs.web.cern.ch/concepts/dataflow.html#spool-submission for information and alternatives.
...
040 (11642948.100.000) 02/24 10:58:54 Started transferring input files
	Transferring to host: <128.142.192.176:9618?addrs=128.142.192.176-9618+[2001-1458-301-56--100-2c]-9618&alias=b9g18p0460.cern.ch&noUDP&sock=slot1_6_6553_ee64_148696>
...
040 (11642948.100.000) 02/24 10:58:54 Finished transferring input files
...
001 (11642948.100.000) 02/24 10:58:55 Job executing on host: <128.142.192.176:9618?addrs=128.142.192.176-9618+[2001-1458-301-56--100-2c]-9618&alias=b9g18p0460.cern.ch&noUDP&sock=startd_5523_e5a7>
	SlotName: slot1_6@b9g18p0460.cern.ch
	CondorScratchDir = "/pool/condor/dir_3293145"
	Cpus = 1
	Disk = 3729
	GPUs = 0
	Memory = 3000
...
006 (11642948.100.000) 02/24 10:59:04 Image size of job updated: 31308
	31  -  MemoryUsage of job (MB)
	31308  -  ResidentSetSize of job (KB)
...
006 (11642948.100.000) 02/24 11:01:16 Image size of job updated: 1246292
	1218  -  MemoryUsage of job (MB)
	1246292  -  ResidentSetSize of job (KB)
...
040 (11642948.100.000) 02/24 11:01:16 Started transferring output files
...
040 (11642948.100.000) 02/24 11:01:16 Finished transferring output files
...
005 (11642948.100.000) 02/24 11:01:16 Job terminated.
	(1) Normal termination (return value 0)
		Usr 0 00:00:42, Sys 0 00:00:08  -  Run Remote Usage
		Usr 0 00:00:00, Sys 0 00:00:00  -  Run Local Usage
		Usr 0 00:00:42, Sys 0 00:00:08  -  Total Remote Usage
		Usr 0 00:00:00, Sys 0 00:00:00  -  Total Local Usage
	6788  -  Run Bytes Sent By Job
	104  -  Run Bytes Received By Job
	6788  -  Total Bytes Sent By Job
	104  -  Total Bytes Received By Job
	Partitionable Resources :    Usage  Request Allocated 
	   Cpus                 :        0        1         1 
	   Disk (KB)            :       76        1      3729 
	   GPUs                 :                           0 
	   Memory (MB)          :     1218     3000      3000 

	Job terminated of its own accord at 2025-02-24T10:01:16Z with exit-code 0.
...
