000 (11642948.020.000) 02/24 10:46:44 Job submitted from host: <188.185.114.121:9618?addrs=188.185.114.121-9618+[2001-1458-d00-a--100-273]-9618&alias=bigbird19.cern.ch&noUDP&sock=schedd_2045_4743>
    WARNING: Committed job submission into the queue with the following warning(s): QMGMT:0:Your job uses -spool but does not set 'transfer_output_files' nor 'output_destination' (transfer plugin). This is not recommended and will be soon disallowed. Please see https://batchdocs.web.cern.ch/concepts/dataflow.html#spool-submission for information and alternatives.
...
040 (11642948.020.000) 02/24 10:58:34 Started transferring input files
	Transferring to host: <188.185.215.88:9618?addrs=188.185.215.88-9618+[2001-1458-303-1e--100-54]-9618&alias=b9p31p9012.cern.ch&noUDP&sock=slot1_11_10449_0402_83107>
...
001 (11642948.020.000) 02/24 10:58:40 Job executing on host: <188.185.215.88:9618?addrs=188.185.215.88-9618+[2001-1458-303-1e--100-54]-9618&alias=b9p31p9012.cern.ch&noUDP&sock=startd_9187_18a9>
	SlotName: slot1_11@b9p31p9012.cern.ch
	CondorScratchDir = "/pool/condor/dir_2577454"
	Cpus = 1
	Disk = 3718
	GPUs = 0
	Memory = 3000
...
040 (11642948.020.000) 02/24 10:58:40 Finished transferring input files
...
006 (11642948.020.000) 02/24 10:58:48 Image size of job updated: 23560
	24  -  MemoryUsage of job (MB)
	23560  -  ResidentSetSize of job (KB)
...
006 (11642948.020.000) 02/24 11:03:48 Image size of job updated: 1554072
	1518  -  MemoryUsage of job (MB)
	1554072  -  ResidentSetSize of job (KB)
...
040 (11642948.020.000) 02/24 11:04:27 Started transferring output files
...
040 (11642948.020.000) 02/24 11:04:27 Finished transferring output files
...
005 (11642948.020.000) 02/24 11:04:27 Job terminated.
	(1) Normal termination (return value 0)
		Usr 0 00:00:37, Sys 0 00:00:09  -  Run Remote Usage
		Usr 0 00:00:00, Sys 0 00:00:00  -  Run Local Usage
		Usr 0 00:00:37, Sys 0 00:00:09  -  Total Remote Usage
		Usr 0 00:00:00, Sys 0 00:00:00  -  Total Local Usage
	7042  -  Run Bytes Sent By Job
	104  -  Run Bytes Received By Job
	7042  -  Total Bytes Sent By Job
	104  -  Total Bytes Received By Job
	Partitionable Resources :    Usage  Request Allocated 
	   Cpus                 :        0        1         1 
	   Disk (KB)            :       76        1      3718 
	   GPUs                 :                           0 
	   Memory (MB)          :     1518     3000      3000 

	Job terminated of its own accord at 2025-02-24T10:04:27Z with exit-code 0.
...
