000 (11642948.098.000) 02/24 10:46:44 Job submitted from host: <188.185.114.121:9618?addrs=188.185.114.121-9618+[2001-1458-d00-a--100-273]-9618&alias=bigbird19.cern.ch&noUDP&sock=schedd_2045_4743>
    WARNING: Committed job submission into the queue with the following warning(s): QMGMT:0:Your job uses -spool but does not set 'transfer_output_files' nor 'output_destination' (transfer plugin). This is not recommended and will be soon disallowed. Please see https://batchdocs.web.cern.ch/concepts/dataflow.html#spool-submission for information and alternatives.
...
040 (11642948.098.000) 02/24 11:00:18 Started transferring input files
	Transferring to host: <188.185.196.174:9618?addrs=188.185.196.174-9618+[2001-1458-303-23--100-aa]-9618&alias=b9p16p9594.cern.ch&noUDP&sock=slot1_32_1167716_4ef6_81063>
...
040 (11642948.098.000) 02/24 11:00:18 Finished transferring input files
...
001 (11642948.098.000) 02/24 11:00:19 Job executing on host: <188.185.196.174:9618?addrs=188.185.196.174-9618+[2001-1458-303-23--100-aa]-9618&alias=b9p16p9594.cern.ch&noUDP&sock=startd_8404_0601>
	SlotName: slot1_32@b9p16p9594.cern.ch
	CondorScratchDir = "/pool/condor/dir_3897822"
	Cpus = 1
	Disk = 3905
	GPUs = 0
	Memory = 3000
...
006 (11642948.098.000) 02/24 11:00:27 Image size of job updated: 30576
	30  -  MemoryUsage of job (MB)
	30576  -  ResidentSetSize of job (KB)
...
006 (11642948.098.000) 02/24 11:05:27 Image size of job updated: 1268488
	1239  -  MemoryUsage of job (MB)
	1268488  -  ResidentSetSize of job (KB)
...
006 (11642948.098.000) 02/24 11:05:58 Image size of job updated: 1268488
	1240  -  MemoryUsage of job (MB)
	1268744  -  ResidentSetSize of job (KB)
...
040 (11642948.098.000) 02/24 11:05:58 Started transferring output files
...
040 (11642948.098.000) 02/24 11:05:58 Finished transferring output files
...
005 (11642948.098.000) 02/24 11:05:58 Job terminated.
	(1) Normal termination (return value 0)
		Usr 0 00:00:39, Sys 0 00:00:06  -  Run Remote Usage
		Usr 0 00:00:00, Sys 0 00:00:00  -  Run Local Usage
		Usr 0 00:00:39, Sys 0 00:00:06  -  Total Remote Usage
		Usr 0 00:00:00, Sys 0 00:00:00  -  Total Local Usage
	6926  -  Run Bytes Sent By Job
	104  -  Run Bytes Received By Job
	6926  -  Total Bytes Sent By Job
	104  -  Total Bytes Received By Job
	Partitionable Resources :    Usage  Request Allocated 
	   Cpus                 :        0        1         1 
	   Disk (KB)            :       76        1      3905 
	   GPUs                 :                           0 
	   Memory (MB)          :     1240     3000      3000 

	Job terminated of its own accord at 2025-02-24T10:05:58Z with exit-code 0.
...
