000 (11642948.033.000) 02/24 10:46:44 Job submitted from host: <188.185.114.121:9618?addrs=188.185.114.121-9618+[2001-1458-d00-a--100-273]-9618&alias=bigbird19.cern.ch&noUDP&sock=schedd_2045_4743>
    WARNING: Committed job submission into the queue with the following warning(s): QMGMT:0:Your job uses -spool but does not set 'transfer_output_files' nor 'output_destination' (transfer plugin). This is not recommended and will be soon disallowed. Please see https://batchdocs.web.cern.ch/concepts/dataflow.html#spool-submission for information and alternatives.
...
040 (11642948.033.000) 02/24 10:58:43 Started transferring input files
	Transferring to host: <128.142.248.76:9618?addrs=128.142.248.76-9618+[2001-1458-301-73--100-13c]-9618&alias=b9g23p7088.cern.ch&noUDP&sock=slot1_13_8441_32b0_4635>
...
040 (11642948.033.000) 02/24 10:58:44 Finished transferring input files
...
001 (11642948.033.000) 02/24 10:58:44 Job executing on host: <128.142.248.76:9618?addrs=128.142.248.76-9618+[2001-1458-301-73--100-13c]-9618&alias=b9g23p7088.cern.ch&noUDP&sock=startd_7376_e6a5>
	SlotName: slot1_13@b9g23p7088.cern.ch
	CondorScratchDir = "/pool/condor/dir_759007"
	Cpus = 1
	Disk = 3752
	GPUs = 0
	Memory = 3000
...
006 (11642948.033.000) 02/24 10:58:58 Image size of job updated: 17792
	18  -  MemoryUsage of job (MB)
	17792  -  ResidentSetSize of job (KB)
...
006 (11642948.033.000) 02/24 11:01:10 Image size of job updated: 614000
	18  -  MemoryUsage of job (MB)
	17792  -  ResidentSetSize of job (KB)
...
040 (11642948.033.000) 02/24 11:01:10 Started transferring output files
...
040 (11642948.033.000) 02/24 11:01:10 Finished transferring output files
...
005 (11642948.033.000) 02/24 11:01:10 Job terminated.
	(1) Normal termination (return value 0)
		Usr 0 00:00:46, Sys 0 00:00:07  -  Run Remote Usage
		Usr 0 00:00:00, Sys 0 00:00:00  -  Run Local Usage
		Usr 0 00:00:46, Sys 0 00:00:07  -  Total Remote Usage
		Usr 0 00:00:00, Sys 0 00:00:00  -  Total Local Usage
	6832  -  Run Bytes Sent By Job
	104  -  Run Bytes Received By Job
	6832  -  Total Bytes Sent By Job
	104  -  Total Bytes Received By Job
	Partitionable Resources :    Usage  Request Allocated 
	   Cpus                 :     0.95        1         1 
	   Disk (KB)            :    76           1      3752 
	   GPUs                 :                           0 
	   Memory (MB)          :    18        3000      3000 

	Job terminated of its own accord at 2025-02-24T10:01:10Z with exit-code 0.
...
