000 (11642948.008.000) 02/24 10:46:44 Job submitted from host: <188.185.114.121:9618?addrs=188.185.114.121-9618+[2001-1458-d00-a--100-273]-9618&alias=bigbird19.cern.ch&noUDP&sock=schedd_2045_4743>
    WARNING: Committed job submission into the queue with the following warning(s): QMGMT:0:Your job uses -spool but does not set 'transfer_output_files' nor 'output_destination' (transfer plugin). This is not recommended and will be soon disallowed. Please see https://batchdocs.web.cern.ch/concepts/dataflow.html#spool-submission for information and alternatives.
...
040 (11642948.008.000) 02/24 10:58:33 Started transferring input files
	Transferring to host: <188.185.213.153:9618?addrs=188.185.213.153-9618+[2001-1458-303-1b--100-15]-9618&alias=b9p28p8772.cern.ch&noUDP&sock=slot1_18_3708787_b43a_36403>
...
001 (11642948.008.000) 02/24 10:58:38 Job executing on host: <188.185.213.153:9618?addrs=188.185.213.153-9618+[2001-1458-303-1b--100-15]-9618&alias=b9p28p8772.cern.ch&noUDP&sock=startd_5313_dac4>
	SlotName: slot1_18@b9p28p8772.cern.ch
	CondorScratchDir = "/pool/condor/dir_3288855"
	Cpus = 1
	Disk = 3665
	GPUs = 0
	Memory = 3000
...
040 (11642948.008.000) 02/24 10:58:38 Finished transferring input files
...
006 (11642948.008.000) 02/24 10:58:47 Image size of job updated: 31652
	31  -  MemoryUsage of job (MB)
	31652  -  ResidentSetSize of job (KB)
...
006 (11642948.008.000) 02/24 11:02:26 Image size of job updated: 1888948
	1845  -  MemoryUsage of job (MB)
	1888948  -  ResidentSetSize of job (KB)
...
040 (11642948.008.000) 02/24 11:02:26 Started transferring output files
...
040 (11642948.008.000) 02/24 11:02:26 Finished transferring output files
...
005 (11642948.008.000) 02/24 11:02:26 Job terminated.
	(1) Normal termination (return value 0)
		Usr 0 00:00:30, Sys 0 00:00:10  -  Run Remote Usage
		Usr 0 00:00:00, Sys 0 00:00:00  -  Run Local Usage
		Usr 0 00:00:30, Sys 0 00:00:10  -  Total Remote Usage
		Usr 0 00:00:00, Sys 0 00:00:00  -  Total Local Usage
	6900  -  Run Bytes Sent By Job
	104  -  Run Bytes Received By Job
	6900  -  Total Bytes Sent By Job
	104  -  Total Bytes Received By Job
	Partitionable Resources :    Usage  Request Allocated 
	   Cpus                 :                 1         1 
	   Disk (KB)            :       68        1      3665 
	   GPUs                 :                           0 
	   Memory (MB)          :     1845     3000      3000 

	Job terminated of its own accord at 2025-02-24T10:02:26Z with exit-code 0.
...
