000 (11642948.089.000) 02/24 10:46:44 Job submitted from host: <188.185.114.121:9618?addrs=188.185.114.121-9618+[2001-1458-d00-a--100-273]-9618&alias=bigbird19.cern.ch&noUDP&sock=schedd_2045_4743>
    WARNING: Committed job submission into the queue with the following warning(s): QMGMT:0:Your job uses -spool but does not set 'transfer_output_files' nor 'output_destination' (transfer plugin). This is not recommended and will be soon disallowed. Please see https://batchdocs.web.cern.ch/concepts/dataflow.html#spool-submission for information and alternatives.
...
040 (11642948.089.000) 02/24 11:00:18 Started transferring input files
	Transferring to host: <188.185.195.161:9618?addrs=188.185.195.161-9618+[2001-1458-303-22--100-9d]-9618&alias=b9p17p8157.cern.ch&noUDP&sock=slot1_12_7864_a639_95943>
...
040 (11642948.089.000) 02/24 11:00:18 Finished transferring input files
...
001 (11642948.089.000) 02/24 11:00:19 Job executing on host: <188.185.195.161:9618?addrs=188.185.195.161-9618+[2001-1458-303-22--100-9d]-9618&alias=b9p17p8157.cern.ch&noUDP&sock=startd_6584_a7a3>
	SlotName: slot1_12@b9p17p8157.cern.ch
	CondorScratchDir = "/pool/condor/dir_3438667"
	Cpus = 1
	Disk = 3795
	GPUs = 0
	Memory = 3000
...
006 (11642948.089.000) 02/24 11:00:27 Image size of job updated: 25348
	25  -  MemoryUsage of job (MB)
	25348  -  ResidentSetSize of job (KB)
...
006 (11642948.089.000) 02/24 11:05:00 Image size of job updated: 1183136
	1156  -  MemoryUsage of job (MB)
	1183136  -  ResidentSetSize of job (KB)
...
040 (11642948.089.000) 02/24 11:05:00 Started transferring output files
...
040 (11642948.089.000) 02/24 11:05:00 Finished transferring output files
...
005 (11642948.089.000) 02/24 11:05:00 Job terminated.
	(1) Normal termination (return value 0)
		Usr 0 00:00:53, Sys 0 00:00:09  -  Run Remote Usage
		Usr 0 00:00:00, Sys 0 00:00:00  -  Run Local Usage
		Usr 0 00:00:53, Sys 0 00:00:09  -  Total Remote Usage
		Usr 0 00:00:00, Sys 0 00:00:00  -  Total Local Usage
	7659  -  Run Bytes Sent By Job
	104  -  Run Bytes Received By Job
	7659  -  Total Bytes Sent By Job
	104  -  Total Bytes Received By Job
	Partitionable Resources :    Usage  Request Allocated 
	   Cpus                 :        0        1         1 
	   Disk (KB)            :       77        1      3795 
	   GPUs                 :                           0 
	   Memory (MB)          :     1156     3000      3000 

	Job terminated of its own accord at 2025-02-24T10:05:00Z with exit-code 0.
...
