000 (11642948.003.000) 02/24 10:46:44 Job submitted from host: <188.185.114.121:9618?addrs=188.185.114.121-9618+[2001-1458-d00-a--100-273]-9618&alias=bigbird19.cern.ch&noUDP&sock=schedd_2045_4743>
    WARNING: Committed job submission into the queue with the following warning(s): QMGMT:0:Your job uses -spool but does not set 'transfer_output_files' nor 'output_destination' (transfer plugin). This is not recommended and will be soon disallowed. Please see https://batchdocs.web.cern.ch/concepts/dataflow.html#spool-submission for information and alternatives.
...
040 (11642948.003.000) 02/24 10:58:32 Started transferring input files
	Transferring to host: <188.185.215.22:9618?addrs=188.185.215.22-9618+[2001-1458-303-1e--100-12]-9618&alias=b9p31p6199.cern.ch&noUDP&sock=slot1_28_9862_6bca_80864>
...
001 (11642948.003.000) 02/24 10:58:34 Job executing on host: <188.185.215.22:9618?addrs=188.185.215.22-9618+[2001-1458-303-1e--100-12]-9618&alias=b9p31p6199.cern.ch&noUDP&sock=startd_8685_c41e>
	SlotName: slot1_28@b9p31p6199.cern.ch
	CondorScratchDir = "/pool/condor/dir_1124791"
	Cpus = 1
	Disk = 3723
	GPUs = 0
	Memory = 3000
...
040 (11642948.003.000) 02/24 10:58:34 Finished transferring input files
...
006 (11642948.003.000) 02/24 10:58:43 Image size of job updated: 96516
	95  -  MemoryUsage of job (MB)
	96516  -  ResidentSetSize of job (KB)
...
006 (11642948.003.000) 02/24 11:02:39 Image size of job updated: 330420
	323  -  MemoryUsage of job (MB)
	330420  -  ResidentSetSize of job (KB)
...
040 (11642948.003.000) 02/24 11:02:39 Started transferring output files
...
040 (11642948.003.000) 02/24 11:02:39 Finished transferring output files
...
005 (11642948.003.000) 02/24 11:02:39 Job terminated.
	(1) Normal termination (return value 0)
		Usr 0 00:00:29, Sys 0 00:00:09  -  Run Remote Usage
		Usr 0 00:00:00, Sys 0 00:00:00  -  Run Local Usage
		Usr 0 00:00:29, Sys 0 00:00:09  -  Total Remote Usage
		Usr 0 00:00:00, Sys 0 00:00:00  -  Total Local Usage
	7034  -  Run Bytes Sent By Job
	104  -  Run Bytes Received By Job
	7034  -  Total Bytes Sent By Job
	104  -  Total Bytes Received By Job
	Partitionable Resources :    Usage  Request Allocated 
	   Cpus                 :                 1         1 
	   Disk (KB)            :       68        1      3723 
	   GPUs                 :                           0 
	   Memory (MB)          :      323     3000      3000 

	Job terminated of its own accord at 2025-02-24T10:02:39Z with exit-code 0.
...
