000 (11642948.106.000) 02/24 10:46:44 Job submitted from host: <188.185.114.121:9618?addrs=188.185.114.121-9618+[2001-1458-d00-a--100-273]-9618&alias=bigbird19.cern.ch&noUDP&sock=schedd_2045_4743>
    WARNING: Committed job submission into the queue with the following warning(s): QMGMT:0:Your job uses -spool but does not set 'transfer_output_files' nor 'output_destination' (transfer plugin). This is not recommended and will be soon disallowed. Please see https://batchdocs.web.cern.ch/concepts/dataflow.html#spool-submission for information and alternatives.
...
040 (11642948.106.000) 02/24 10:58:55 Started transferring input files
	Transferring to host: <188.185.194.80:9618?addrs=188.185.194.80-9618+[2001-1458-303-21--100-4c]-9618&alias=b9p20p6532.cern.ch&noUDP&sock=slot1_5_10677_a98b_18659>
...
040 (11642948.106.000) 02/24 10:58:55 Finished transferring input files
...
001 (11642948.106.000) 02/24 10:58:56 Job executing on host: <188.185.194.80:9618?addrs=188.185.194.80-9618+[2001-1458-303-21--100-4c]-9618&alias=b9p20p6532.cern.ch&noUDP&sock=startd_9116_656f>
	SlotName: slot1_5@b9p20p6532.cern.ch
	CondorScratchDir = "/pool/condor/dir_4124574"
	Cpus = 1
	Disk = 3795
	GPUs = 0
	Memory = 3000
...
006 (11642948.106.000) 02/24 10:59:09 Image size of job updated: 17836
	18  -  MemoryUsage of job (MB)
	17836  -  ResidentSetSize of job (KB)
...
006 (11642948.106.000) 02/24 11:04:09 Image size of job updated: 660548
	646  -  MemoryUsage of job (MB)
	660548  -  ResidentSetSize of job (KB)
...
006 (11642948.106.000) 02/24 11:04:32 Image size of job updated: 661100
	646  -  MemoryUsage of job (MB)
	660548  -  ResidentSetSize of job (KB)
...
040 (11642948.106.000) 02/24 11:04:32 Started transferring output files
...
040 (11642948.106.000) 02/24 11:04:32 Finished transferring output files
...
005 (11642948.106.000) 02/24 11:04:32 Job terminated.
	(1) Normal termination (return value 0)
		Usr 0 00:00:57, Sys 0 00:00:07  -  Run Remote Usage
		Usr 0 00:00:00, Sys 0 00:00:00  -  Run Local Usage
		Usr 0 00:00:57, Sys 0 00:00:07  -  Total Remote Usage
		Usr 0 00:00:00, Sys 0 00:00:00  -  Total Local Usage
	17679  -  Run Bytes Sent By Job
	104  -  Run Bytes Received By Job
	17679  -  Total Bytes Sent By Job
	104  -  Total Bytes Received By Job
	Partitionable Resources :    Usage  Request Allocated 
	   Cpus                 :        0        1         1 
	   Disk (KB)            :       87        1      3795 
	   GPUs                 :                           0 
	   Memory (MB)          :      646     3000      3000 

	Job terminated of its own accord at 2025-02-24T10:04:32Z with exit-code 0.
...
