000 (11642948.144.000) 02/24 10:46:44 Job submitted from host: <188.185.114.121:9618?addrs=188.185.114.121-9618+[2001-1458-d00-a--100-273]-9618&alias=bigbird19.cern.ch&noUDP&sock=schedd_2045_4743>
    WARNING: Committed job submission into the queue with the following warning(s): QMGMT:0:Your job uses -spool but does not set 'transfer_output_files' nor 'output_destination' (transfer plugin). This is not recommended and will be soon disallowed. Please see https://batchdocs.web.cern.ch/concepts/dataflow.html#spool-submission for information and alternatives.
...
040 (11642948.144.000) 02/24 10:59:04 Started transferring input files
	Transferring to host: <188.185.208.159:9618?addrs=188.185.208.159-9618+[2001-1458-303-10--100-1c]-9618&alias=b9p10p0331.cern.ch&noUDP&sock=slot1_22_6646_7547_262225>
...
040 (11642948.144.000) 02/24 10:59:04 Finished transferring input files
...
001 (11642948.144.000) 02/24 10:59:05 Job executing on host: <188.185.208.159:9618?addrs=188.185.208.159-9618+[2001-1458-303-10--100-1c]-9618&alias=b9p10p0331.cern.ch&noUDP&sock=startd_5478_07e4>
	SlotName: slot1_22@b9p10p0331.cern.ch
	CondorScratchDir = "/pool/condor/dir_2446606"
	Cpus = 1
	Disk = 2614017
	Memory = 3000
...
006 (11642948.144.000) 02/24 10:59:14 Image size of job updated: 41884
	41  -  MemoryUsage of job (MB)
	41884  -  ResidentSetSize of job (KB)
...
006 (11642948.144.000) 02/24 11:03:55 Image size of job updated: 1652716
	1005  -  MemoryUsage of job (MB)
	1028752  -  ResidentSetSize of job (KB)
...
040 (11642948.144.000) 02/24 11:03:55 Started transferring output files
...
040 (11642948.144.000) 02/24 11:03:55 Finished transferring output files
...
005 (11642948.144.000) 02/24 11:03:55 Job terminated.
	(1) Normal termination (return value 0)
		Usr 0 00:00:35, Sys 0 00:00:08  -  Run Remote Usage
		Usr 0 00:00:00, Sys 0 00:00:00  -  Run Local Usage
		Usr 0 00:00:35, Sys 0 00:00:08  -  Total Remote Usage
		Usr 0 00:00:00, Sys 0 00:00:00  -  Total Local Usage
	10865  -  Run Bytes Sent By Job
	104  -  Run Bytes Received By Job
	10865  -  Total Bytes Sent By Job
	104  -  Total Bytes Received By Job
	Partitionable Resources :    Usage  Request Allocated 
	   Cpus                 :     0.00        1         1 
	   Disk (KB)            :    80           1   2614017 
	   Memory (MB)          :  1005        3000      3000 

	Job terminated of its own accord at 2025-02-24T10:03:55Z with exit-code 0.
...
