000 (11642948.021.000) 02/24 10:46:44 Job submitted from host: <188.185.114.121:9618?addrs=188.185.114.121-9618+[2001-1458-d00-a--100-273]-9618&alias=bigbird19.cern.ch&noUDP&sock=schedd_2045_4743>
    WARNING: Committed job submission into the queue with the following warning(s): QMGMT:0:Your job uses -spool but does not set 'transfer_output_files' nor 'output_destination' (transfer plugin). This is not recommended and will be soon disallowed. Please see https://batchdocs.web.cern.ch/concepts/dataflow.html#spool-submission for information and alternatives.
...
040 (11642948.021.000) 02/24 10:58:35 Started transferring input files
	Transferring to host: <128.142.161.82:9618?addrs=128.142.161.82-9618+[2001-1458-301-b8--100-10]-9618&alias=b9g03p2606.cern.ch&noUDP&sock=slot1_10_3304_b77f_100>
...
001 (11642948.021.000) 02/24 10:58:43 Job executing on host: <128.142.161.82:9618?addrs=128.142.161.82-9618+[2001-1458-301-b8--100-10]-9618&alias=b9g03p2606.cern.ch&noUDP&sock=startd_3255_3cdc>
	SlotName: slot1_10@b9g03p2606.cern.ch
	CondorScratchDir = "/pool/condor/dir_653921"
	Cpus = 1
	Disk = 3944
	GPUs = 0
	Memory = 3000
...
040 (11642948.021.000) 02/24 10:58:43 Finished transferring input files
...
006 (11642948.021.000) 02/24 10:58:52 Image size of job updated: 27024
	27  -  MemoryUsage of job (MB)
	27024  -  ResidentSetSize of job (KB)
...
006 (11642948.021.000) 02/24 11:03:00 Image size of job updated: 1626148
	1589  -  MemoryUsage of job (MB)
	1626148  -  ResidentSetSize of job (KB)
...
040 (11642948.021.000) 02/24 11:03:00 Started transferring output files
...
040 (11642948.021.000) 02/24 11:03:00 Finished transferring output files
...
005 (11642948.021.000) 02/24 11:03:00 Job terminated.
	(1) Normal termination (return value 0)
		Usr 0 00:00:52, Sys 0 00:00:07  -  Run Remote Usage
		Usr 0 00:00:00, Sys 0 00:00:00  -  Run Local Usage
		Usr 0 00:00:52, Sys 0 00:00:07  -  Total Remote Usage
		Usr 0 00:00:00, Sys 0 00:00:00  -  Total Local Usage
	6898  -  Run Bytes Sent By Job
	104  -  Run Bytes Received By Job
	6898  -  Total Bytes Sent By Job
	104  -  Total Bytes Received By Job
	Partitionable Resources :    Usage  Request Allocated 
	   Cpus                 :        0        1         1 
	   Disk (KB)            :       76        1      3944 
	   GPUs                 :                           0 
	   Memory (MB)          :     1589     3000      3000 

	Job terminated of its own accord at 2025-02-24T10:03:00Z with exit-code 0.
...
