000 (11642948.150.000) 02/24 10:46:44 Job submitted from host: <188.185.114.121:9618?addrs=188.185.114.121-9618+[2001-1458-d00-a--100-273]-9618&alias=bigbird19.cern.ch&noUDP&sock=schedd_2045_4743>
    WARNING: Committed job submission into the queue with the following warning(s): QMGMT:0:Your job uses -spool but does not set 'transfer_output_files' nor 'output_destination' (transfer plugin). This is not recommended and will be soon disallowed. Please see https://batchdocs.web.cern.ch/concepts/dataflow.html#spool-submission for information and alternatives.
...
040 (11642948.150.000) 02/24 11:00:24 Started transferring input files
	Transferring to host: <188.185.215.144:9618?addrs=188.185.215.144-9618+[2001-1458-303-26--100-c]-9618&alias=b9p18p7232.cern.ch&noUDP&sock=slot1_21_2769814_4833_82283>
...
040 (11642948.150.000) 02/24 11:00:24 Finished transferring input files
...
001 (11642948.150.000) 02/24 11:00:25 Job executing on host: <188.185.215.144:9618?addrs=188.185.215.144-9618+[2001-1458-303-26--100-c]-9618&alias=b9p18p7232.cern.ch&noUDP&sock=startd_5881_748f>
	SlotName: slot1_21@b9p18p7232.cern.ch
	CondorScratchDir = "/pool/condor/dir_603477"
	Cpus = 1
	Disk = 3786
	GPUs = 0
	Memory = 3000
...
006 (11642948.150.000) 02/24 11:00:34 Image size of job updated: 27196
	27  -  MemoryUsage of job (MB)
	27196  -  ResidentSetSize of job (KB)
...
006 (11642948.150.000) 02/24 11:02:03 Image size of job updated: 1480040
	1446  -  MemoryUsage of job (MB)
	1480040  -  ResidentSetSize of job (KB)
...
040 (11642948.150.000) 02/24 11:02:03 Started transferring output files
...
040 (11642948.150.000) 02/24 11:02:03 Finished transferring output files
...
005 (11642948.150.000) 02/24 11:02:03 Job terminated.
	(1) Normal termination (return value 0)
		Usr 0 00:00:35, Sys 0 00:00:07  -  Run Remote Usage
		Usr 0 00:00:00, Sys 0 00:00:00  -  Run Local Usage
		Usr 0 00:00:35, Sys 0 00:00:07  -  Total Remote Usage
		Usr 0 00:00:00, Sys 0 00:00:00  -  Total Local Usage
	8107  -  Run Bytes Sent By Job
	104  -  Run Bytes Received By Job
	8107  -  Total Bytes Sent By Job
	104  -  Total Bytes Received By Job
	Partitionable Resources :    Usage  Request Allocated 
	   Cpus                 :        0        1         1 
	   Disk (KB)            :       77        1      3786 
	   GPUs                 :                           0 
	   Memory (MB)          :     1446     3000      3000 

	Job terminated of its own accord at 2025-02-24T10:02:03Z with exit-code 0.
...
