000 (11642948.087.000) 02/24 10:46:44 Job submitted from host: <188.185.114.121:9618?addrs=188.185.114.121-9618+[2001-1458-d00-a--100-273]-9618&alias=bigbird19.cern.ch&noUDP&sock=schedd_2045_4743>
    WARNING: Committed job submission into the queue with the following warning(s): QMGMT:0:Your job uses -spool but does not set 'transfer_output_files' nor 'output_destination' (transfer plugin). This is not recommended and will be soon disallowed. Please see https://batchdocs.web.cern.ch/concepts/dataflow.html#spool-submission for information and alternatives.
...
040 (11642948.087.000) 02/24 10:58:52 Started transferring input files
	Transferring to host: <188.185.214.176:9618?addrs=188.185.214.176-9618+[2001-1458-303-1d--100-2c]-9618&alias=b9p30p2994.cern.ch&noUDP&sock=slot1_48_4477_338f_82833>
...
040 (11642948.087.000) 02/24 10:58:52 Finished transferring input files
...
001 (11642948.087.000) 02/24 10:58:53 Job executing on host: <188.185.214.176:9618?addrs=188.185.214.176-9618+[2001-1458-303-1d--100-2c]-9618&alias=b9p30p2994.cern.ch&noUDP&sock=startd_3762_ff60>
	SlotName: slot1_48@b9p30p2994.cern.ch
	CondorScratchDir = "/pool/condor/dir_739926"
	Cpus = 1
	Disk = 3747
	GPUs = 0
	Memory = 3000
...
006 (11642948.087.000) 02/24 10:59:02 Image size of job updated: 92988
	91  -  MemoryUsage of job (MB)
	92988  -  ResidentSetSize of job (KB)
...
006 (11642948.087.000) 02/24 11:04:03 Image size of job updated: 939184
	918  -  MemoryUsage of job (MB)
	939184  -  ResidentSetSize of job (KB)
...
040 (11642948.087.000) 02/24 11:05:19 Started transferring output files
...
040 (11642948.087.000) 02/24 11:05:19 Finished transferring output files
...
005 (11642948.087.000) 02/24 11:05:19 Job terminated.
	(1) Normal termination (return value 0)
		Usr 0 00:00:32, Sys 0 00:00:08  -  Run Remote Usage
		Usr 0 00:00:00, Sys 0 00:00:00  -  Run Local Usage
		Usr 0 00:00:32, Sys 0 00:00:08  -  Total Remote Usage
		Usr 0 00:00:00, Sys 0 00:00:00  -  Total Local Usage
	7027  -  Run Bytes Sent By Job
	104  -  Run Bytes Received By Job
	7027  -  Total Bytes Sent By Job
	104  -  Total Bytes Received By Job
	Partitionable Resources :    Usage  Request Allocated 
	   Cpus                 :     0.01        1         1 
	   Disk (KB)            :    76           1      3747 
	   GPUs                 :                           0 
	   Memory (MB)          :   918        3000      3000 

	Job terminated of its own accord at 2025-02-24T10:05:19Z with exit-code 0.
...
