000 (11642948.073.000) 02/24 10:46:44 Job submitted from host: <188.185.114.121:9618?addrs=188.185.114.121-9618+[2001-1458-d00-a--100-273]-9618&alias=bigbird19.cern.ch&noUDP&sock=schedd_2045_4743>
    WARNING: Committed job submission into the queue with the following warning(s): QMGMT:0:Your job uses -spool but does not set 'transfer_output_files' nor 'output_destination' (transfer plugin). This is not recommended and will be soon disallowed. Please see https://batchdocs.web.cern.ch/concepts/dataflow.html#spool-submission for information and alternatives.
...
040 (11642948.073.000) 02/24 10:58:48 Started transferring input files
	Transferring to host: <188.185.198.9:9618?addrs=188.185.198.9-9618+[2001-1458-303-25--100-5]-9618&alias=b9p15p3668.cern.ch&noUDP&sock=slot1_24_47707_a5ad_10700>
...
040 (11642948.073.000) 02/24 10:58:48 Finished transferring input files
...
001 (11642948.073.000) 02/24 10:58:49 Job executing on host: <188.185.198.9:9618?addrs=188.185.198.9-9618+[2001-1458-303-25--100-5]-9618&alias=b9p15p3668.cern.ch&noUDP&sock=startd_7650_d798>
	SlotName: slot1_24@b9p15p3668.cern.ch
	CondorScratchDir = "/pool/condor/dir_1170612"
	Cpus = 1
	Disk = 3866
	GPUs = 0
	Memory = 3000
...
006 (11642948.073.000) 02/24 10:58:57 Image size of job updated: 27000
	27  -  MemoryUsage of job (MB)
	27000  -  ResidentSetSize of job (KB)
...
006 (11642948.073.000) 02/24 11:03:07 Image size of job updated: 1522688
	1487  -  MemoryUsage of job (MB)
	1522688  -  ResidentSetSize of job (KB)
...
040 (11642948.073.000) 02/24 11:03:07 Started transferring output files
...
040 (11642948.073.000) 02/24 11:03:07 Finished transferring output files
...
005 (11642948.073.000) 02/24 11:03:07 Job terminated.
	(1) Normal termination (return value 0)
		Usr 0 00:00:37, Sys 0 00:00:07  -  Run Remote Usage
		Usr 0 00:00:00, Sys 0 00:00:00  -  Run Local Usage
		Usr 0 00:00:37, Sys 0 00:00:07  -  Total Remote Usage
		Usr 0 00:00:00, Sys 0 00:00:00  -  Total Local Usage
	6810  -  Run Bytes Sent By Job
	104  -  Run Bytes Received By Job
	6810  -  Total Bytes Sent By Job
	104  -  Total Bytes Received By Job
	Partitionable Resources :    Usage  Request Allocated 
	   Cpus                 :        0        1         1 
	   Disk (KB)            :       76        1      3866 
	   GPUs                 :                           0 
	   Memory (MB)          :     1487     3000      3000 

	Job terminated of its own accord at 2025-02-24T10:03:07Z with exit-code 0.
...
