000 (11642948.102.000) 02/24 10:46:44 Job submitted from host: <188.185.114.121:9618?addrs=188.185.114.121-9618+[2001-1458-d00-a--100-273]-9618&alias=bigbird19.cern.ch&noUDP&sock=schedd_2045_4743>
    WARNING: Committed job submission into the queue with the following warning(s): QMGMT:0:Your job uses -spool but does not set 'transfer_output_files' nor 'output_destination' (transfer plugin). This is not recommended and will be soon disallowed. Please see https://batchdocs.web.cern.ch/concepts/dataflow.html#spool-submission for information and alternatives.
...
040 (11642948.102.000) 02/24 11:00:19 Started transferring input files
	Transferring to host: <188.185.198.161:9618?addrs=188.185.198.161-9618+[2001-1458-303-25--100-9d]-9618&alias=b9p15p3870.cern.ch&noUDP&sock=slot1_43_11215_bb61_5537>
...
040 (11642948.102.000) 02/24 11:00:19 Finished transferring input files
...
001 (11642948.102.000) 02/24 11:00:20 Job executing on host: <188.185.198.161:9618?addrs=188.185.198.161-9618+[2001-1458-303-25--100-9d]-9618&alias=b9p15p3870.cern.ch&noUDP&sock=startd_9617_0a62>
	SlotName: slot1_43@b9p15p3870.cern.ch
	CondorScratchDir = "/pool/condor/dir_1100491"
	Cpus = 1
	Disk = 3802
	GPUs = 0
	Memory = 3000
...
006 (11642948.102.000) 02/24 11:00:34 Image size of job updated: 17836
	18  -  MemoryUsage of job (MB)
	17836  -  ResidentSetSize of job (KB)
...
006 (11642948.102.000) 02/24 11:05:35 Image size of job updated: 314648
	308  -  MemoryUsage of job (MB)
	314648  -  ResidentSetSize of job (KB)
...
006 (11642948.102.000) 02/24 11:10:36 Image size of job updated: 344192
	337  -  MemoryUsage of job (MB)
	344192  -  ResidentSetSize of job (KB)
...
006 (11642948.102.000) 02/24 11:15:36 Image size of job updated: 650480
	636  -  MemoryUsage of job (MB)
	650480  -  ResidentSetSize of job (KB)
...
006 (11642948.102.000) 02/24 11:16:10 Image size of job updated: 652120
	636  -  MemoryUsage of job (MB)
	650480  -  ResidentSetSize of job (KB)
...
040 (11642948.102.000) 02/24 11:16:12 Started transferring output files
...
040 (11642948.102.000) 02/24 11:16:12 Finished transferring output files
...
005 (11642948.102.000) 02/24 11:16:12 Job terminated.
	(1) Normal termination (return value 0)
		Usr 0 00:00:49, Sys 0 00:00:07  -  Run Remote Usage
		Usr 0 00:00:00, Sys 0 00:00:00  -  Run Local Usage
		Usr 0 00:00:49, Sys 0 00:00:07  -  Total Remote Usage
		Usr 0 00:00:00, Sys 0 00:00:00  -  Total Local Usage
	12588  -  Run Bytes Sent By Job
	104  -  Run Bytes Received By Job
	12588  -  Total Bytes Sent By Job
	104  -  Total Bytes Received By Job
	Partitionable Resources :    Usage  Request Allocated 
	   Cpus                 :        0        1         1 
	   Disk (KB)            :       82        1      3802 
	   GPUs                 :                           0 
	   Memory (MB)          :      636     3000      3000 

	Job terminated of its own accord at 2025-02-24T10:16:10Z with exit-code 0.
...
