000 (11642948.155.000) 02/24 10:46:44 Job submitted from host: <188.185.114.121:9618?addrs=188.185.114.121-9618+[2001-1458-d00-a--100-273]-9618&alias=bigbird19.cern.ch&noUDP&sock=schedd_2045_4743>
    WARNING: Committed job submission into the queue with the following warning(s): QMGMT:0:Your job uses -spool but does not set 'transfer_output_files' nor 'output_destination' (transfer plugin). This is not recommended and will be soon disallowed. Please see https://batchdocs.web.cern.ch/concepts/dataflow.html#spool-submission for information and alternatives.
...
040 (11642948.155.000) 02/24 10:59:07 Started transferring input files
	Transferring to host: <188.185.210.141:9618?addrs=188.185.210.141-9618+[2001-1458-303-15--100-9]-9618&alias=b9p22p1147.cern.ch&noUDP&sock=slot1_13_3226494_a7bd_6170>
...
040 (11642948.155.000) 02/24 10:59:07 Finished transferring input files
...
001 (11642948.155.000) 02/24 10:59:08 Job executing on host: <188.185.210.141:9618?addrs=188.185.210.141-9618+[2001-1458-303-15--100-9]-9618&alias=b9p22p1147.cern.ch&noUDP&sock=startd_2645491_5caa>
	SlotName: slot1_13@b9p22p1147.cern.ch
	CondorScratchDir = "/pool/condor/dir_449079"
	Cpus = 1
	Disk = 3781
	GPUs = 0
	Memory = 3000
...
006 (11642948.155.000) 02/24 10:59:16 Image size of job updated: 28120
	28  -  MemoryUsage of job (MB)
	28120  -  ResidentSetSize of job (KB)
...
006 (11642948.155.000) 02/24 11:01:03 Image size of job updated: 1272044
	1243  -  MemoryUsage of job (MB)
	1272044  -  ResidentSetSize of job (KB)
...
040 (11642948.155.000) 02/24 11:01:03 Started transferring output files
...
040 (11642948.155.000) 02/24 11:01:03 Finished transferring output files
...
005 (11642948.155.000) 02/24 11:01:03 Job terminated.
	(1) Normal termination (return value 0)
		Usr 0 00:00:20, Sys 0 00:00:10  -  Run Remote Usage
		Usr 0 00:00:00, Sys 0 00:00:00  -  Run Local Usage
		Usr 0 00:00:20, Sys 0 00:00:10  -  Total Remote Usage
		Usr 0 00:00:00, Sys 0 00:00:00  -  Total Local Usage
	11829  -  Run Bytes Sent By Job
	104  -  Run Bytes Received By Job
	11829  -  Total Bytes Sent By Job
	104  -  Total Bytes Received By Job
	Partitionable Resources :    Usage  Request Allocated 
	   Cpus                 :        0        1         1 
	   Disk (KB)            :       80        1      3781 
	   GPUs                 :                           0 
	   Memory (MB)          :     1243     3000      3000 

	Job terminated of its own accord at 2025-02-24T10:01:03Z with exit-code 0.
...
