000 (11642948.129.000) 02/24 10:46:44 Job submitted from host: <188.185.114.121:9618?addrs=188.185.114.121-9618+[2001-1458-d00-a--100-273]-9618&alias=bigbird19.cern.ch&noUDP&sock=schedd_2045_4743>
    WARNING: Committed job submission into the queue with the following warning(s): QMGMT:0:Your job uses -spool but does not set 'transfer_output_files' nor 'output_destination' (transfer plugin). This is not recommended and will be soon disallowed. Please see https://batchdocs.web.cern.ch/concepts/dataflow.html#spool-submission for information and alternatives.
...
040 (11642948.129.000) 02/24 11:00:22 Started transferring input files
	Transferring to host: <188.185.198.160:9618?addrs=188.185.198.160-9618+[2001-1458-303-25--100-9c]-9618&alias=b9p15p6374.cern.ch&noUDP&sock=slot1_3_1483577_f502_69138>
...
040 (11642948.129.000) 02/24 11:00:22 Finished transferring input files
...
001 (11642948.129.000) 02/24 11:00:23 Job executing on host: <188.185.198.160:9618?addrs=188.185.198.160-9618+[2001-1458-303-25--100-9c]-9618&alias=b9p15p6374.cern.ch&noUDP&sock=startd_7117_3f9e>
	SlotName: slot1_3@b9p15p6374.cern.ch
	CondorScratchDir = "/pool/condor/dir_135914"
	Cpus = 1
	Disk = 3741
	GPUs = 0
	Memory = 3000
...
006 (11642948.129.000) 02/24 11:00:32 Image size of job updated: 25912
	26  -  MemoryUsage of job (MB)
	25912  -  ResidentSetSize of job (KB)
...
006 (11642948.129.000) 02/24 11:04:39 Image size of job updated: 1538012
	1502  -  MemoryUsage of job (MB)
	1538012  -  ResidentSetSize of job (KB)
...
040 (11642948.129.000) 02/24 11:04:39 Started transferring output files
...
040 (11642948.129.000) 02/24 11:04:39 Finished transferring output files
...
005 (11642948.129.000) 02/24 11:04:39 Job terminated.
	(1) Normal termination (return value 0)
		Usr 0 00:00:41, Sys 0 00:00:06  -  Run Remote Usage
		Usr 0 00:00:00, Sys 0 00:00:00  -  Run Local Usage
		Usr 0 00:00:41, Sys 0 00:00:06  -  Total Remote Usage
		Usr 0 00:00:00, Sys 0 00:00:00  -  Total Local Usage
	10084  -  Run Bytes Sent By Job
	104  -  Run Bytes Received By Job
	10084  -  Total Bytes Sent By Job
	104  -  Total Bytes Received By Job
	Partitionable Resources :    Usage  Request Allocated 
	   Cpus                 :        0        1         1 
	   Disk (KB)            :       79        1      3741 
	   GPUs                 :                           0 
	   Memory (MB)          :     1502     3000      3000 

	Job terminated of its own accord at 2025-02-24T10:04:39Z with exit-code 0.
...
