000 (11642948.055.000) 02/24 10:46:44 Job submitted from host: <188.185.114.121:9618?addrs=188.185.114.121-9618+[2001-1458-d00-a--100-273]-9618&alias=bigbird19.cern.ch&noUDP&sock=schedd_2045_4743>
    WARNING: Committed job submission into the queue with the following warning(s): QMGMT:0:Your job uses -spool but does not set 'transfer_output_files' nor 'output_destination' (transfer plugin). This is not recommended and will be soon disallowed. Please see https://batchdocs.web.cern.ch/concepts/dataflow.html#spool-submission for information and alternatives.
...
040 (11642948.055.000) 02/24 10:58:45 Started transferring input files
	Transferring to host: <128.142.131.180:9618?addrs=128.142.131.180-9618+[2001-1458-301-59--100-a8]-9618&alias=b9g11p4943.cern.ch&noUDP&sock=slot1_30_3351915_188a_9238>
...
040 (11642948.055.000) 02/24 10:58:46 Finished transferring input files
...
001 (11642948.055.000) 02/24 10:58:46 Job executing on host: <128.142.131.180:9618?addrs=128.142.131.180-9618+[2001-1458-301-59--100-a8]-9618&alias=b9g11p4943.cern.ch&noUDP&sock=startd_2639_b685>
	SlotName: slot1_30@b9g11p4943.cern.ch
	CondorScratchDir = "/pool/condor/dir_2891166"
	Cpus = 1
	Disk = 2579
	GPUs = 0
	Memory = 3000
...
006 (11642948.055.000) 02/24 10:59:00 Image size of job updated: 17800
	18  -  MemoryUsage of job (MB)
	17800  -  ResidentSetSize of job (KB)
...
006 (11642948.055.000) 02/24 11:01:09 Image size of job updated: 615864
	18  -  MemoryUsage of job (MB)
	17800  -  ResidentSetSize of job (KB)
...
040 (11642948.055.000) 02/24 11:01:09 Started transferring output files
...
040 (11642948.055.000) 02/24 11:01:09 Finished transferring output files
...
005 (11642948.055.000) 02/24 11:01:09 Job terminated.
	(1) Normal termination (return value 0)
		Usr 0 00:00:55, Sys 0 00:00:08  -  Run Remote Usage
		Usr 0 00:00:00, Sys 0 00:00:00  -  Run Local Usage
		Usr 0 00:00:55, Sys 0 00:00:08  -  Total Remote Usage
		Usr 0 00:00:00, Sys 0 00:00:00  -  Total Local Usage
	6833  -  Run Bytes Sent By Job
	104  -  Run Bytes Received By Job
	6833  -  Total Bytes Sent By Job
	104  -  Total Bytes Received By Job
	Partitionable Resources :    Usage  Request Allocated 
	   Cpus                 :        0        1         1 
	   Disk (KB)            :       76        1      2579 
	   GPUs                 :                           0 
	   Memory (MB)          :       18     3000      3000 

	Job terminated of its own accord at 2025-02-24T10:01:09Z with exit-code 0.
...
