000 (11642948.059.000) 02/24 10:46:44 Job submitted from host: <188.185.114.121:9618?addrs=188.185.114.121-9618+[2001-1458-d00-a--100-273]-9618&alias=bigbird19.cern.ch&noUDP&sock=schedd_2045_4743>
    WARNING: Committed job submission into the queue with the following warning(s): QMGMT:0:Your job uses -spool but does not set 'transfer_output_files' nor 'output_destination' (transfer plugin). This is not recommended and will be soon disallowed. Please see https://batchdocs.web.cern.ch/concepts/dataflow.html#spool-submission for information and alternatives.
...
040 (11642948.059.000) 02/24 11:00:15 Started transferring input files
	Transferring to host: <188.185.193.37:9618?addrs=188.185.193.37-9618+[2001-1458-303-20--100-21]-9618&alias=b9p19p7455.cern.ch&noUDP&sock=slot1_7_676702_86b7_10159>
...
040 (11642948.059.000) 02/24 11:00:15 Finished transferring input files
...
001 (11642948.059.000) 02/24 11:00:17 Job executing on host: <188.185.193.37:9618?addrs=188.185.193.37-9618+[2001-1458-303-20--100-21]-9618&alias=b9p19p7455.cern.ch&noUDP&sock=startd_4714_fd89>
	SlotName: slot1_7@b9p19p7455.cern.ch
	CondorScratchDir = "/pool/condor/dir_3830068"
	Cpus = 1
	Disk = 3757
	GPUs = 0
	Memory = 3000
...
006 (11642948.059.000) 02/24 11:00:25 Image size of job updated: 21860
	22  -  MemoryUsage of job (MB)
	21860  -  ResidentSetSize of job (KB)
...
006 (11642948.059.000) 02/24 11:02:35 Image size of job updated: 1484228
	1450  -  MemoryUsage of job (MB)
	1484228  -  ResidentSetSize of job (KB)
...
040 (11642948.059.000) 02/24 11:02:35 Started transferring output files
...
040 (11642948.059.000) 02/24 11:02:35 Finished transferring output files
...
005 (11642948.059.000) 02/24 11:02:35 Job terminated.
	(1) Normal termination (return value 0)
		Usr 0 00:00:52, Sys 0 00:00:08  -  Run Remote Usage
		Usr 0 00:00:00, Sys 0 00:00:00  -  Run Local Usage
		Usr 0 00:00:52, Sys 0 00:00:08  -  Total Remote Usage
		Usr 0 00:00:00, Sys 0 00:00:00  -  Total Local Usage
	6946  -  Run Bytes Sent By Job
	104  -  Run Bytes Received By Job
	6946  -  Total Bytes Sent By Job
	104  -  Total Bytes Received By Job
	Partitionable Resources :    Usage  Request Allocated 
	   Cpus                 :        0        1         1 
	   Disk (KB)            :       76        1      3757 
	   GPUs                 :                           0 
	   Memory (MB)          :     1450     3000      3000 

	Job terminated of its own accord at 2025-02-24T10:02:35Z with exit-code 0.
...
