000 (11642948.149.000) 02/24 10:46:44 Job submitted from host: <188.185.114.121:9618?addrs=188.185.114.121-9618+[2001-1458-d00-a--100-273]-9618&alias=bigbird19.cern.ch&noUDP&sock=schedd_2045_4743>
    WARNING: Committed job submission into the queue with the following warning(s): QMGMT:0:Your job uses -spool but does not set 'transfer_output_files' nor 'output_destination' (transfer plugin). This is not recommended and will be soon disallowed. Please see https://batchdocs.web.cern.ch/concepts/dataflow.html#spool-submission for information and alternatives.
...
040 (11642948.149.000) 02/24 10:59:05 Started transferring input files
	Transferring to host: <188.185.205.183:9618?addrs=188.185.205.183-9618+[2001-1458-303-a--100-34]-9618&alias=b9p04p6589.cern.ch&noUDP&sock=slot1_19_3744_bc91_209469>
...
040 (11642948.149.000) 02/24 10:59:05 Finished transferring input files
...
001 (11642948.149.000) 02/24 10:59:06 Job executing on host: <188.185.205.183:9618?addrs=188.185.205.183-9618+[2001-1458-303-a--100-34]-9618&alias=b9p04p6589.cern.ch&noUDP&sock=startd_3701_2819>
	SlotName: slot1_19@b9p04p6589.cern.ch
	CondorScratchDir = "/pool/condor/dir_1350098"
	Cpus = 1
	Disk = 2794368
	Memory = 3000
...
006 (11642948.149.000) 02/24 10:59:15 Image size of job updated: 529124
	517  -  MemoryUsage of job (MB)
	529124  -  ResidentSetSize of job (KB)
...
006 (11642948.149.000) 02/24 11:03:24 Image size of job updated: 1955696
	1299  -  MemoryUsage of job (MB)
	1329516  -  ResidentSetSize of job (KB)
...
040 (11642948.149.000) 02/24 11:03:24 Started transferring output files
...
040 (11642948.149.000) 02/24 11:03:24 Finished transferring output files
...
005 (11642948.149.000) 02/24 11:03:24 Job terminated.
	(1) Normal termination (return value 0)
		Usr 0 00:00:31, Sys 0 00:00:07  -  Run Remote Usage
		Usr 0 00:00:00, Sys 0 00:00:00  -  Run Local Usage
		Usr 0 00:00:31, Sys 0 00:00:07  -  Total Remote Usage
		Usr 0 00:00:00, Sys 0 00:00:00  -  Total Local Usage
	10373  -  Run Bytes Sent By Job
	104  -  Run Bytes Received By Job
	10373  -  Total Bytes Sent By Job
	104  -  Total Bytes Received By Job
	Partitionable Resources :    Usage  Request Allocated 
	   Cpus                 :        0        1         1 
	   Disk (KB)            :       81        1   2794368 
	   Memory (MB)          :     1299     3000      3000 

	Job terminated of its own accord at 2025-02-24T10:03:24Z with exit-code 0.
...
