000 (11642948.137.000) 02/24 10:46:44 Job submitted from host: <188.185.114.121:9618?addrs=188.185.114.121-9618+[2001-1458-d00-a--100-273]-9618&alias=bigbird19.cern.ch&noUDP&sock=schedd_2045_4743>
    WARNING: Committed job submission into the queue with the following warning(s): QMGMT:0:Your job uses -spool but does not set 'transfer_output_files' nor 'output_destination' (transfer plugin). This is not recommended and will be soon disallowed. Please see https://batchdocs.web.cern.ch/concepts/dataflow.html#spool-submission for information and alternatives.
...
040 (11642948.137.000) 02/24 10:59:02 Started transferring input files
	Transferring to host: <128.142.161.146:9618?addrs=128.142.161.146-9618+[2001-1458-301-b9--100-f]-9618&alias=b9g03p9555.cern.ch&noUDP&sock=slot1_10_3259_029e_208>
...
040 (11642948.137.000) 02/24 10:59:02 Finished transferring input files
...
001 (11642948.137.000) 02/24 10:59:03 Job executing on host: <128.142.161.146:9618?addrs=128.142.161.146-9618+[2001-1458-301-b9--100-f]-9618&alias=b9g03p9555.cern.ch&noUDP&sock=startd_3204_4187>
	SlotName: slot1_10@b9g03p9555.cern.ch
	CondorScratchDir = "/pool/condor/dir_1008407"
	Cpus = 1
	Disk = 3900
	GPUs = 0
	Memory = 3000
...
006 (11642948.137.000) 02/24 10:59:17 Image size of job updated: 16864
	17  -  MemoryUsage of job (MB)
	16864  -  ResidentSetSize of job (KB)
...
006 (11642948.137.000) 02/24 11:01:36 Image size of job updated: 619952
	17  -  MemoryUsage of job (MB)
	16864  -  ResidentSetSize of job (KB)
...
040 (11642948.137.000) 02/24 11:01:36 Started transferring output files
...
040 (11642948.137.000) 02/24 11:01:36 Finished transferring output files
...
005 (11642948.137.000) 02/24 11:01:36 Job terminated.
	(1) Normal termination (return value 0)
		Usr 0 00:00:44, Sys 0 00:00:09  -  Run Remote Usage
		Usr 0 00:00:00, Sys 0 00:00:00  -  Run Local Usage
		Usr 0 00:00:44, Sys 0 00:00:09  -  Total Remote Usage
		Usr 0 00:00:00, Sys 0 00:00:00  -  Total Local Usage
	10579  -  Run Bytes Sent By Job
	104  -  Run Bytes Received By Job
	10579  -  Total Bytes Sent By Job
	104  -  Total Bytes Received By Job
	Partitionable Resources :    Usage  Request Allocated 
	   Cpus                 :        0        1         1 
	   Disk (KB)            :       79        1      3900 
	   GPUs                 :                           0 
	   Memory (MB)          :       17     3000      3000 

	Job terminated of its own accord at 2025-02-24T10:01:36Z with exit-code 0.
...
