000 (11642948.095.000) 02/24 10:46:44 Job submitted from host: <188.185.114.121:9618?addrs=188.185.114.121-9618+[2001-1458-d00-a--100-273]-9618&alias=bigbird19.cern.ch&noUDP&sock=schedd_2045_4743>
    WARNING: Committed job submission into the queue with the following warning(s): QMGMT:0:Your job uses -spool but does not set 'transfer_output_files' nor 'output_destination' (transfer plugin). This is not recommended and will be soon disallowed. Please see https://batchdocs.web.cern.ch/concepts/dataflow.html#spool-submission for information and alternatives.
...
040 (11642948.095.000) 02/24 10:58:53 Started transferring input files
	Transferring to host: <188.185.213.167:9618?addrs=188.185.213.167-9618+[2001-1458-303-1b--100-23]-9618&alias=b9p28p1049.cern.ch&noUDP&sock=slot1_28_1983153_715d_13462>
...
040 (11642948.095.000) 02/24 10:58:53 Finished transferring input files
...
001 (11642948.095.000) 02/24 10:58:54 Job executing on host: <188.185.213.167:9618?addrs=188.185.213.167-9618+[2001-1458-303-1b--100-23]-9618&alias=b9p28p1049.cern.ch&noUDP&sock=startd_221080_11e0>
	SlotName: slot1_28@b9p28p1049.cern.ch
	CondorScratchDir = "/pool/condor/dir_3122520"
	Cpus = 1
	Disk = 3786
	GPUs = 0
	Memory = 3000
...
006 (11642948.095.000) 02/24 10:59:03 Image size of job updated: 33812
	34  -  MemoryUsage of job (MB)
	33812  -  ResidentSetSize of job (KB)
...
006 (11642948.095.000) 02/24 11:00:07 Image size of job updated: 1321984
	1291  -  MemoryUsage of job (MB)
	1321984  -  ResidentSetSize of job (KB)
...
040 (11642948.095.000) 02/24 11:00:07 Started transferring output files
...
040 (11642948.095.000) 02/24 11:00:07 Finished transferring output files
...
005 (11642948.095.000) 02/24 11:00:07 Job terminated.
	(1) Normal termination (return value 0)
		Usr 0 00:00:20, Sys 0 00:00:08  -  Run Remote Usage
		Usr 0 00:00:00, Sys 0 00:00:00  -  Run Local Usage
		Usr 0 00:00:20, Sys 0 00:00:08  -  Total Remote Usage
		Usr 0 00:00:00, Sys 0 00:00:00  -  Total Local Usage
	6856  -  Run Bytes Sent By Job
	104  -  Run Bytes Received By Job
	6856  -  Total Bytes Sent By Job
	104  -  Total Bytes Received By Job
	Partitionable Resources :    Usage  Request Allocated 
	   Cpus                 :     0.13        1         1 
	   Disk (KB)            :    75           1      3786 
	   GPUs                 :                           0 
	   Memory (MB)          :  1291        3000      3000 

	Job terminated of its own accord at 2025-02-24T10:00:07Z with exit-code 0.
...
