000 (11642948.107.000) 02/24 10:46:44 Job submitted from host: <188.185.114.121:9618?addrs=188.185.114.121-9618+[2001-1458-d00-a--100-273]-9618&alias=bigbird19.cern.ch&noUDP&sock=schedd_2045_4743>
    WARNING: Committed job submission into the queue with the following warning(s): QMGMT:0:Your job uses -spool but does not set 'transfer_output_files' nor 'output_destination' (transfer plugin). This is not recommended and will be soon disallowed. Please see https://batchdocs.web.cern.ch/concepts/dataflow.html#spool-submission for information and alternatives.
...
040 (11642948.107.000) 02/24 10:58:55 Started transferring input files
	Transferring to host: <188.185.205.79:9618?addrs=188.185.205.79-9618+[2001-1458-303-9--100-c3]-9618&alias=b9p03p0736.cern.ch&noUDP&sock=slot1_18_3605_cc6c_90917>
...
040 (11642948.107.000) 02/24 10:58:55 Finished transferring input files
...
001 (11642948.107.000) 02/24 10:58:56 Job executing on host: <188.185.205.79:9618?addrs=188.185.205.79-9618+[2001-1458-303-9--100-c3]-9618&alias=b9p03p0736.cern.ch&noUDP&sock=startd_3290_3eac>
	SlotName: slot1_18@b9p03p0736.cern.ch
	CondorScratchDir = "/pool/condor/dir_111310"
	Cpus = 1
	Disk = 3602
	GPUs = 0
	Memory = 3000
...
006 (11642948.107.000) 02/24 10:59:05 Image size of job updated: 546992
	535  -  MemoryUsage of job (MB)
	546992  -  ResidentSetSize of job (KB)
...
006 (11642948.107.000) 02/24 11:04:07 Image size of job updated: 1849992
	1807  -  MemoryUsage of job (MB)
	1849992  -  ResidentSetSize of job (KB)
...
040 (11642948.107.000) 02/24 11:05:04 Started transferring output files
...
040 (11642948.107.000) 02/24 11:05:04 Finished transferring output files
...
005 (11642948.107.000) 02/24 11:05:04 Job terminated.
	(1) Normal termination (return value 0)
		Usr 0 00:00:29, Sys 0 00:00:08  -  Run Remote Usage
		Usr 0 00:00:00, Sys 0 00:00:00  -  Run Local Usage
		Usr 0 00:00:29, Sys 0 00:00:08  -  Total Remote Usage
		Usr 0 00:00:00, Sys 0 00:00:00  -  Total Local Usage
	17683  -  Run Bytes Sent By Job
	104  -  Run Bytes Received By Job
	17683  -  Total Bytes Sent By Job
	104  -  Total Bytes Received By Job
	Partitionable Resources :    Usage  Request Allocated 
	   Cpus                 :        0        1         1 
	   Disk (KB)            :       96        1      3602 
	   GPUs                 :                           0 
	   Memory (MB)          :     1807     3000      3000 

	Job terminated of its own accord at 2025-02-24T10:05:04Z with exit-code 0.
...
